{"C:\\Users\\Jack\\Downloads\\Programs\\TP_INF352_API\\app.js": {"path":"C:\\Users\\Jack\\Downloads\\Programs\\TP_INF352_API\\app.js","all":true,"statementMap":{"0":{"start":{"line":1,"column":0},"end":{"line":1,"column":30}},"1":{"start":{"line":2,"column":0},"end":{"line":2,"column":37}},"2":{"start":{"line":3,"column":0},"end":{"line":3,"column":33}},"3":{"start":{"line":4,"column":0},"end":{"line":4,"column":24}},"4":{"start":{"line":5,"column":0},"end":{"line":5,"column":28}},"5":{"start":{"line":6,"column":0},"end":{"line":6,"column":0}},"6":{"start":{"line":7,"column":0},"end":{"line":7,"column":19}},"7":{"start":{"line":8,"column":0},"end":{"line":8,"column":44}},"8":{"start":{"line":9,"column":0},"end":{"line":9,"column":0}},"9":{"start":{"line":10,"column":0},"end":{"line":10,"column":30}},"10":{"start":{"line":11,"column":0},"end":{"line":11,"column":43}},"11":{"start":{"line":12,"column":0},"end":{"line":12,"column":87}},"12":{"start":{"line":13,"column":0},"end":{"line":13,"column":0}},"13":{"start":{"line":14,"column":0},"end":{"line":14,"column":16}},"14":{"start":{"line":15,"column":0},"end":{"line":15,"column":55}},"15":{"start":{"line":16,"column":0},"end":{"line":16,"column":49}},"16":{"start":{"line":17,"column":0},"end":{"line":17,"column":49}},"17":{"start":{"line":18,"column":0},"end":{"line":18,"column":0}},"18":{"start":{"line":19,"column":0},"end":{"line":19,"column":0}},"19":{"start":{"line":20,"column":0},"end":{"line":20,"column":16}},"20":{"start":{"line":21,"column":0},"end":{"line":21,"column":0}},"21":{"start":{"line":22,"column":0},"end":{"line":22,"column":22}},"22":{"start":{"line":23,"column":0},"end":{"line":23,"column":0}},"23":{"start":{"line":24,"column":0},"end":{"line":24,"column":36}},"24":{"start":{"line":25,"column":0},"end":{"line":25,"column":35}},"25":{"start":{"line":26,"column":0},"end":{"line":26,"column":7}},"26":{"start":{"line":27,"column":0},"end":{"line":27,"column":32}},"27":{"start":{"line":28,"column":0},"end":{"line":28,"column":22}},"28":{"start":{"line":29,"column":0},"end":{"line":29,"column":4}},"29":{"start":{"line":30,"column":0},"end":{"line":30,"column":68}},"30":{"start":{"line":31,"column":0},"end":{"line":31,"column":68}},"31":{"start":{"line":32,"column":0},"end":{"line":32,"column":4}},"32":{"start":{"line":33,"column":0},"end":{"line":33,"column":64}},"33":{"start":{"line":34,"column":0},"end":{"line":34,"column":19}},"34":{"start":{"line":35,"column":0},"end":{"line":35,"column":58}},"35":{"start":{"line":36,"column":0},"end":{"line":36,"column":20}},"36":{"start":{"line":37,"column":0},"end":{"line":37,"column":3}},"37":{"start":{"line":38,"column":0},"end":{"line":38,"column":2}},"38":{"start":{"line":39,"column":0},"end":{"line":39,"column":0}},"39":{"start":{"line":40,"column":0},"end":{"line":40,"column":14}},"40":{"start":{"line":41,"column":0},"end":{"line":41,"column":30}},"41":{"start":{"line":42,"column":0},"end":{"line":42,"column":27}},"42":{"start":{"line":43,"column":0},"end":{"line":43,"column":16}},"43":{"start":{"line":44,"column":0},"end":{"line":44,"column":0}},"44":{"start":{"line":45,"column":0},"end":{"line":45,"column":9}},"45":{"start":{"line":46,"column":0},"end":{"line":46,"column":29}},"46":{"start":{"line":47,"column":0},"end":{"line":47,"column":30}},"47":{"start":{"line":48,"column":0},"end":{"line":48,"column":37}},"48":{"start":{"line":49,"column":0},"end":{"line":49,"column":0}},"49":{"start":{"line":50,"column":0},"end":{"line":50,"column":21}},"50":{"start":{"line":51,"column":0},"end":{"line":51,"column":28}},"51":{"start":{"line":52,"column":0},"end":{"line":52,"column":13}},"52":{"start":{"line":53,"column":0},"end":{"line":53,"column":22}},"53":{"start":{"line":54,"column":0},"end":{"line":54,"column":42}},"54":{"start":{"line":55,"column":0},"end":{"line":55,"column":39}},"55":{"start":{"line":56,"column":0},"end":{"line":56,"column":5}},"56":{"start":{"line":57,"column":0},"end":{"line":57,"column":3}},"57":{"start":{"line":58,"column":0},"end":{"line":58,"column":0}},"58":{"start":{"line":59,"column":0},"end":{"line":59,"column":28}},"59":{"start":{"line":60,"column":0},"end":{"line":60,"column":34}},"60":{"start":{"line":61,"column":0},"end":{"line":61,"column":26}},"61":{"start":{"line":62,"column":0},"end":{"line":62,"column":25}},"62":{"start":{"line":63,"column":0},"end":{"line":63,"column":35}},"63":{"start":{"line":64,"column":0},"end":{"line":64,"column":25}},"64":{"start":{"line":65,"column":0},"end":{"line":65,"column":5}},"65":{"start":{"line":66,"column":0},"end":{"line":66,"column":3}},"66":{"start":{"line":67,"column":0},"end":{"line":67,"column":0}},"67":{"start":{"line":68,"column":0},"end":{"line":68,"column":29}},"68":{"start":{"line":69,"column":0},"end":{"line":69,"column":16}},"70":{"start":{"line":71,"column":0},"end":{"line":71,"column":15}}},"s":{"0":0,"1":0,"2":0,"3":0,"4":0,"5":0,"6":0,"7":0,"8":0,"9":0,"10":0,"11":0,"12":0,"13":0,"14":0,"15":0,"16":0,"17":0,"18":0,"19":0,"20":0,"21":0,"22":0,"23":0,"24":0,"25":0,"26":0,"27":0,"28":0,"29":0,"30":0,"31":0,"32":0,"33":0,"34":0,"35":0,"36":0,"37":0,"38":0,"39":0,"40":0,"41":0,"42":0,"43":0,"44":0,"45":0,"46":0,"47":0,"48":0,"49":0,"50":0,"51":0,"52":0,"53":0,"54":0,"55":0,"56":0,"57":0,"58":0,"59":0,"60":0,"61":0,"62":0,"63":0,"64":0,"65":0,"66":0,"67":0,"68":0,"70":0},"branchMap":{"0":{"type":"branch","line":1,"loc":{"start":{"line":1,"column":1770},"end":{"line":71,"column":15}},"locations":[{"start":{"line":1,"column":1770},"end":{"line":71,"column":15}}]}},"b":{"0":[0]},"fnMap":{"0":{"name":"(empty-report)","decl":{"start":{"line":1,"column":1770},"end":{"line":71,"column":15}},"loc":{"start":{"line":1,"column":1770},"end":{"line":71,"column":15}},"line":1}},"f":{"0":0}}
,"C:\\Users\\Jack\\Downloads\\Programs\\TP_INF352_API\\index.js": {"path":"C:\\Users\\Jack\\Downloads\\Programs\\TP_INF352_API\\index.js","all":true,"statementMap":{"0":{"start":{"line":1,"column":0},"end":{"line":1,"column":31}},"1":{"start":{"line":2,"column":0},"end":{"line":2,"column":44}},"2":{"start":{"line":3,"column":0},"end":{"line":3,"column":0}},"3":{"start":{"line":4,"column":0},"end":{"line":4,"column":38}},"4":{"start":{"line":5,"column":0},"end":{"line":5,"column":0}},"5":{"start":{"line":6,"column":0},"end":{"line":6,"column":15}},"6":{"start":{"line":7,"column":0},"end":{"line":7,"column":24}},"7":{"start":{"line":8,"column":0},"end":{"line":8,"column":51}},"8":{"start":{"line":9,"column":0},"end":{"line":9,"column":3}}},"s":{"0":0,"1":0,"2":0,"3":0,"4":0,"5":0,"6":0,"7":0,"8":0},"branchMap":{"0":{"type":"branch","line":1,"loc":{"start":{"line":1,"column":0},"end":{"line":9,"column":-128}},"locations":[{"start":{"line":1,"column":0},"end":{"line":9,"column":-128}}]}},"b":{"0":[0]},"fnMap":{"0":{"name":"(empty-report)","decl":{"start":{"line":1,"column":0},"end":{"line":9,"column":-128}},"loc":{"start":{"line":1,"column":0},"end":{"line":9,"column":-128}},"line":1}},"f":{"0":0}}
,"C:\\Users\\Jack\\Downloads\\Programs\\TP_INF352_API\\config\\db.js": {"path":"C:\\Users\\Jack\\Downloads\\Programs\\TP_INF352_API\\config\\db.js","all":false,"statementMap":{"0":{"start":{"line":1,"column":0},"end":{"line":1,"column":38}},"1":{"start":{"line":2,"column":0},"end":{"line":2,"column":45}},"2":{"start":{"line":3,"column":0},"end":{"line":3,"column":0}},"3":{"start":{"line":4,"column":0},"end":{"line":4,"column":32}},"4":{"start":{"line":5,"column":0},"end":{"line":5,"column":38}},"5":{"start":{"line":6,"column":0},"end":{"line":6,"column":36}},"6":{"start":{"line":7,"column":0},"end":{"line":7,"column":41}},"7":{"start":{"line":8,"column":0},"end":{"line":8,"column":3}},"8":{"start":{"line":9,"column":0},"end":{"line":9,"column":45}},"9":{"start":{"line":10,"column":0},"end":{"line":10,"column":38}},"10":{"start":{"line":11,"column":0},"end":{"line":11,"column":24}},"11":{"start":{"line":12,"column":0},"end":{"line":12,"column":38}},"12":{"start":{"line":13,"column":0},"end":{"line":13,"column":3}},"13":{"start":{"line":14,"column":0},"end":{"line":14,"column":2}},"14":{"start":{"line":15,"column":0},"end":{"line":15,"column":0}},"15":{"start":{"line":16,"column":0},"end":{"line":16,"column":38}},"16":{"start":{"line":17,"column":0},"end":{"line":17,"column":7}},"17":{"start":{"line":18,"column":0},"end":{"line":18,"column":35}},"18":{"start":{"line":19,"column":0},"end":{"line":19,"column":65}},"19":{"start":{"line":20,"column":0},"end":{"line":20,"column":40}},"20":{"start":{"line":21,"column":0},"end":{"line":21,"column":19}},"21":{"start":{"line":22,"column":0},"end":{"line":22,"column":56}},"22":{"start":{"line":23,"column":0},"end":{"line":23,"column":20}},"23":{"start":{"line":24,"column":0},"end":{"line":24,"column":3}},"24":{"start":{"line":25,"column":0},"end":{"line":25,"column":2}},"25":{"start":{"line":26,"column":0},"end":{"line":26,"column":0}},"26":{"start":{"line":27,"column":0},"end":{"line":27,"column":25}}},"s":{"0":1,"1":1,"2":1,"3":1,"4":1,"5":1,"6":1,"7":1,"8":1,"9":1,"10":1,"11":1,"12":1,"13":1,"14":1,"15":1,"16":0,"17":0,"18":0,"19":0,"20":0,"21":0,"22":0,"23":0,"24":0,"25":1,"26":1},"branchMap":{},"b":{},"fnMap":{"0":{"name":"logging","decl":{"start":{"line":12,"column":13},"end":{"line":12,"column":37}},"loc":{"start":{"line":12,"column":13},"end":{"line":12,"column":37}},"line":12},"1":{"name":"connectDB","decl":{"start":{"line":16,"column":25},"end":{"line":25,"column":2}},"loc":{"start":{"line":16,"column":25},"end":{"line":25,"column":2}},"line":16}},"f":{"0":0,"1":0}}
,"C:\\Users\\Jack\\Downloads\\Programs\\TP_INF352_API\\controllers\\auth.controller.js": {"path":"C:\\Users\\Jack\\Downloads\\Programs\\TP_INF352_API\\controllers\\auth.controller.js","all":false,"statementMap":{"0":{"start":{"line":1,"column":0},"end":{"line":1,"column":31}},"1":{"start":{"line":2,"column":0},"end":{"line":2,"column":43}},"2":{"start":{"line":3,"column":0},"end":{"line":3,"column":45}},"4":{"start":{"line":5,"column":0},"end":{"line":5,"column":34}},"5":{"start":{"line":6,"column":0},"end":{"line":6,"column":31}},"6":{"start":{"line":7,"column":0},"end":{"line":7,"column":37}},"7":{"start":{"line":8,"column":0},"end":{"line":8,"column":36}},"8":{"start":{"line":9,"column":0},"end":{"line":9,"column":24}},"9":{"start":{"line":10,"column":0},"end":{"line":10,"column":4}},"11":{"start":{"line":12,"column":0},"end":{"line":12,"column":32}},"12":{"start":{"line":13,"column":0},"end":{"line":13,"column":20}},"13":{"start":{"line":14,"column":0},"end":{"line":14,"column":37}},"14":{"start":{"line":15,"column":0},"end":{"line":15,"column":23}},"15":{"start":{"line":16,"column":0},"end":{"line":16,"column":4}},"17":{"start":{"line":18,"column":0},"end":{"line":18,"column":39}},"18":{"start":{"line":19,"column":0},"end":{"line":19,"column":2}},"20":{"start":{"line":21,"column":0},"end":{"line":21,"column":45}},"21":{"start":{"line":22,"column":0},"end":{"line":22,"column":7}},"22":{"start":{"line":23,"column":0},"end":{"line":23,"column":40}},"24":{"start":{"line":25,"column":0},"end":{"line":25,"column":29}},"25":{"start":{"line":26,"column":0},"end":{"line":26,"column":83}},"26":{"start":{"line":27,"column":0},"end":{"line":27,"column":5}},"28":{"start":{"line":29,"column":0},"end":{"line":29,"column":65}},"29":{"start":{"line":30,"column":0},"end":{"line":30,"column":23}},"30":{"start":{"line":31,"column":0},"end":{"line":31,"column":72}},"31":{"start":{"line":32,"column":0},"end":{"line":32,"column":5}},"33":{"start":{"line":34,"column":0},"end":{"line":34,"column":36}},"34":{"start":{"line":35,"column":0},"end":{"line":35,"column":11}},"35":{"start":{"line":36,"column":0},"end":{"line":36,"column":15}},"36":{"start":{"line":37,"column":0},"end":{"line":37,"column":18}},"37":{"start":{"line":38,"column":0},"end":{"line":38,"column":7}},"39":{"start":{"line":40,"column":0},"end":{"line":40,"column":63}},"41":{"start":{"line":42,"column":0},"end":{"line":42,"column":68}},"43":{"start":{"line":44,"column":0},"end":{"line":44,"column":44}},"44":{"start":{"line":45,"column":0},"end":{"line":45,"column":33}},"45":{"start":{"line":46,"column":0},"end":{"line":46,"column":18}},"46":{"start":{"line":47,"column":0},"end":{"line":47,"column":19}},"47":{"start":{"line":48,"column":0},"end":{"line":48,"column":13}},"48":{"start":{"line":49,"column":0},"end":{"line":49,"column":20}},"49":{"start":{"line":50,"column":0},"end":{"line":50,"column":24}},"50":{"start":{"line":51,"column":0},"end":{"line":51,"column":23}},"51":{"start":{"line":52,"column":0},"end":{"line":52,"column":7}},"52":{"start":{"line":53,"column":0},"end":{"line":53,"column":7}},"53":{"start":{"line":54,"column":0},"end":{"line":54,"column":19}},"54":{"start":{"line":55,"column":0},"end":{"line":55,"column":47}},"55":{"start":{"line":56,"column":0},"end":{"line":56,"column":34}},"56":{"start":{"line":57,"column":0},"end":{"line":57,"column":35}},"57":{"start":{"line":58,"column":0},"end":{"line":58,"column":79}},"58":{"start":{"line":59,"column":0},"end":{"line":59,"column":7}},"59":{"start":{"line":60,"column":0},"end":{"line":60,"column":3}},"60":{"start":{"line":61,"column":0},"end":{"line":61,"column":2}},"62":{"start":{"line":63,"column":0},"end":{"line":63,"column":42}},"63":{"start":{"line":64,"column":0},"end":{"line":64,"column":7}},"64":{"start":{"line":65,"column":0},"end":{"line":65,"column":40}},"66":{"start":{"line":67,"column":0},"end":{"line":67,"column":29}},"67":{"start":{"line":68,"column":0},"end":{"line":68,"column":83}},"68":{"start":{"line":69,"column":0},"end":{"line":69,"column":5}},"70":{"start":{"line":71,"column":0},"end":{"line":71,"column":57}},"71":{"start":{"line":72,"column":0},"end":{"line":72,"column":16}},"72":{"start":{"line":73,"column":0},"end":{"line":73,"column":68}},"73":{"start":{"line":74,"column":0},"end":{"line":74,"column":5}},"75":{"start":{"line":76,"column":0},"end":{"line":76,"column":57}},"76":{"start":{"line":77,"column":0},"end":{"line":77,"column":19}},"77":{"start":{"line":78,"column":0},"end":{"line":78,"column":68}},"78":{"start":{"line":79,"column":0},"end":{"line":79,"column":5}},"80":{"start":{"line":81,"column":0},"end":{"line":81,"column":63}},"82":{"start":{"line":83,"column":0},"end":{"line":83,"column":68}},"84":{"start":{"line":85,"column":0},"end":{"line":85,"column":43}},"85":{"start":{"line":86,"column":0},"end":{"line":86,"column":21}},"86":{"start":{"line":87,"column":0},"end":{"line":87,"column":18}},"87":{"start":{"line":88,"column":0},"end":{"line":88,"column":19}},"88":{"start":{"line":89,"column":0},"end":{"line":89,"column":13}},"89":{"start":{"line":90,"column":0},"end":{"line":90,"column":20}},"90":{"start":{"line":91,"column":0},"end":{"line":91,"column":24}},"91":{"start":{"line":92,"column":0},"end":{"line":92,"column":23}},"92":{"start":{"line":93,"column":0},"end":{"line":93,"column":7}},"93":{"start":{"line":94,"column":0},"end":{"line":94,"column":7}},"94":{"start":{"line":95,"column":0},"end":{"line":95,"column":19}},"95":{"start":{"line":96,"column":0},"end":{"line":96,"column":40}},"96":{"start":{"line":97,"column":0},"end":{"line":97,"column":34}},"97":{"start":{"line":98,"column":0},"end":{"line":98,"column":28}},"98":{"start":{"line":99,"column":0},"end":{"line":99,"column":79}},"99":{"start":{"line":100,"column":0},"end":{"line":100,"column":7}},"100":{"start":{"line":101,"column":0},"end":{"line":101,"column":3}},"101":{"start":{"line":102,"column":0},"end":{"line":102,"column":2}},"103":{"start":{"line":104,"column":0},"end":{"line":104,"column":49}},"104":{"start":{"line":105,"column":0},"end":{"line":105,"column":7}},"105":{"start":{"line":106,"column":0},"end":{"line":106,"column":38}},"107":{"start":{"line":108,"column":0},"end":{"line":108,"column":24}},"108":{"start":{"line":109,"column":0},"end":{"line":109,"column":74}},"109":{"start":{"line":110,"column":0},"end":{"line":110,"column":5}},"111":{"start":{"line":112,"column":0},"end":{"line":112,"column":79}},"112":{"start":{"line":113,"column":0},"end":{"line":113,"column":49}},"114":{"start":{"line":115,"column":0},"end":{"line":115,"column":54}},"115":{"start":{"line":116,"column":0},"end":{"line":116,"column":70}},"116":{"start":{"line":117,"column":0},"end":{"line":117,"column":5}},"118":{"start":{"line":119,"column":0},"end":{"line":119,"column":80}},"121":{"start":{"line":122,"column":0},"end":{"line":122,"column":85}},"123":{"start":{"line":124,"column":0},"end":{"line":124,"column":68}},"124":{"start":{"line":125,"column":0},"end":{"line":125,"column":19}},"125":{"start":{"line":126,"column":0},"end":{"line":126,"column":48}},"126":{"start":{"line":127,"column":0},"end":{"line":127,"column":60}},"127":{"start":{"line":128,"column":0},"end":{"line":128,"column":3}},"128":{"start":{"line":129,"column":0},"end":{"line":129,"column":2}},"130":{"start":{"line":131,"column":0},"end":{"line":131,"column":43}},"131":{"start":{"line":132,"column":0},"end":{"line":132,"column":7}},"132":{"start":{"line":133,"column":0},"end":{"line":133,"column":38}},"134":{"start":{"line":135,"column":0},"end":{"line":135,"column":24}},"135":{"start":{"line":136,"column":0},"end":{"line":136,"column":74}},"136":{"start":{"line":137,"column":0},"end":{"line":137,"column":5}},"138":{"start":{"line":139,"column":0},"end":{"line":139,"column":79}},"139":{"start":{"line":140,"column":0},"end":{"line":140,"column":77}},"141":{"start":{"line":142,"column":0},"end":{"line":142,"column":34}},"142":{"start":{"line":143,"column":0},"end":{"line":143,"column":19}},"143":{"start":{"line":144,"column":0},"end":{"line":144,"column":41}},"144":{"start":{"line":145,"column":0},"end":{"line":145,"column":68}},"145":{"start":{"line":146,"column":0},"end":{"line":146,"column":3}},"146":{"start":{"line":147,"column":0},"end":{"line":147,"column":2}}},"s":{"0":1,"1":1,"2":1,"4":1,"5":3,"6":3,"7":3,"8":3,"9":3,"11":3,"12":3,"13":3,"14":3,"15":3,"17":3,"18":3,"20":1,"21":9,"22":9,"24":9,"25":2,"26":2,"28":7,"29":9,"30":1,"31":1,"33":6,"34":6,"35":6,"36":6,"37":6,"39":1,"41":1,"43":1,"44":1,"45":1,"46":1,"47":1,"48":1,"49":1,"50":1,"51":1,"52":1,"53":9,"54":5,"55":5,"56":5,"57":5,"58":5,"59":5,"60":9,"62":1,"63":8,"64":8,"66":8,"67":2,"68":2,"70":6,"71":8,"72":1,"73":1,"75":2,"76":8,"77":1,"78":1,"80":1,"82":1,"84":1,"85":1,"86":1,"87":1,"88":1,"89":1,"90":1,"91":1,"92":1,"93":1,"94":8,"95":3,"96":3,"97":3,"98":3,"99":3,"100":3,"101":8,"103":1,"104":5,"105":5,"107":5,"108":1,"109":1,"111":4,"112":4,"114":5,"115":2,"116":2,"118":1,"121":1,"123":1,"124":1,"125":1,"126":1,"127":1,"128":5,"130":1,"131":6,"132":6,"134":6,"135":1,"136":1,"138":5,"139":5,"141":1,"142":6,"143":4,"144":4,"145":4,"146":6},"branchMap":{"0":{"type":"branch","line":5,"loc":{"start":{"line":5,"column":23},"end":{"line":19,"column":2}},"locations":[{"start":{"line":5,"column":23},"end":{"line":19,"column":2}}]},"1":{"type":"branch","line":21,"loc":{"start":{"line":21,"column":24},"end":{"line":61,"column":2}},"locations":[{"start":{"line":21,"column":24},"end":{"line":61,"column":2}}]},"2":{"type":"branch","line":25,"loc":{"start":{"line":25,"column":9},"end":{"line":25,"column":28}},"locations":[{"start":{"line":25,"column":9},"end":{"line":25,"column":28}}]},"3":{"type":"branch","line":25,"loc":{"start":{"line":25,"column":28},"end":{"line":27,"column":5}},"locations":[{"start":{"line":25,"column":28},"end":{"line":27,"column":5}}]},"4":{"type":"branch","line":27,"loc":{"start":{"line":27,"column":4},"end":{"line":30,"column":22}},"locations":[{"start":{"line":27,"column":4},"end":{"line":30,"column":22}}]},"5":{"type":"branch","line":30,"loc":{"start":{"line":30,"column":22},"end":{"line":32,"column":5}},"locations":[{"start":{"line":30,"column":22},"end":{"line":32,"column":5}}]},"6":{"type":"branch","line":32,"loc":{"start":{"line":32,"column":4},"end":{"line":38,"column":7}},"locations":[{"start":{"line":32,"column":4},"end":{"line":38,"column":7}}]},"7":{"type":"branch","line":38,"loc":{"start":{"line":38,"column":5},"end":{"line":54,"column":11}},"locations":[{"start":{"line":38,"column":5},"end":{"line":54,"column":11}}]},"8":{"type":"branch","line":54,"loc":{"start":{"line":54,"column":2},"end":{"line":60,"column":3}},"locations":[{"start":{"line":54,"column":2},"end":{"line":60,"column":3}}]},"9":{"type":"branch","line":58,"loc":{"start":{"line":58,"column":35},"end":{"line":58,"column":79}},"locations":[{"start":{"line":58,"column":35},"end":{"line":58,"column":79}}]},"10":{"type":"branch","line":63,"loc":{"start":{"line":63,"column":21},"end":{"line":102,"column":2}},"locations":[{"start":{"line":63,"column":21},"end":{"line":102,"column":2}}]},"11":{"type":"branch","line":67,"loc":{"start":{"line":67,"column":9},"end":{"line":67,"column":28}},"locations":[{"start":{"line":67,"column":9},"end":{"line":67,"column":28}}]},"12":{"type":"branch","line":67,"loc":{"start":{"line":67,"column":28},"end":{"line":69,"column":5}},"locations":[{"start":{"line":67,"column":28},"end":{"line":69,"column":5}}]},"13":{"type":"branch","line":69,"loc":{"start":{"line":69,"column":4},"end":{"line":71,"column":57}},"locations":[{"start":{"line":69,"column":4},"end":{"line":71,"column":57}}]},"14":{"type":"branch","line":71,"loc":{"start":{"line":71,"column":55},"end":{"line":72,"column":15}},"locations":[{"start":{"line":71,"column":55},"end":{"line":72,"column":15}}]},"15":{"type":"branch","line":72,"loc":{"start":{"line":72,"column":15},"end":{"line":74,"column":5}},"locations":[{"start":{"line":72,"column":15},"end":{"line":74,"column":5}}]},"16":{"type":"branch","line":74,"loc":{"start":{"line":74,"column":4},"end":{"line":77,"column":18}},"locations":[{"start":{"line":74,"column":4},"end":{"line":77,"column":18}}]},"17":{"type":"branch","line":77,"loc":{"start":{"line":77,"column":18},"end":{"line":95,"column":11}},"locations":[{"start":{"line":77,"column":18},"end":{"line":95,"column":11}}]},"18":{"type":"branch","line":95,"loc":{"start":{"line":95,"column":2},"end":{"line":101,"column":3}},"locations":[{"start":{"line":95,"column":2},"end":{"line":101,"column":3}}]},"19":{"type":"branch","line":99,"loc":{"start":{"line":99,"column":35},"end":{"line":99,"column":79}},"locations":[{"start":{"line":99,"column":35},"end":{"line":99,"column":79}}]},"20":{"type":"branch","line":104,"loc":{"start":{"line":104,"column":28},"end":{"line":129,"column":2}},"locations":[{"start":{"line":104,"column":28},"end":{"line":129,"column":2}}]},"21":{"type":"branch","line":108,"loc":{"start":{"line":108,"column":23},"end":{"line":110,"column":5}},"locations":[{"start":{"line":108,"column":23},"end":{"line":110,"column":5}}]},"22":{"type":"branch","line":110,"loc":{"start":{"line":110,"column":4},"end":{"line":113,"column":49}},"locations":[{"start":{"line":110,"column":4},"end":{"line":113,"column":49}}]},"23":{"type":"branch","line":113,"loc":{"start":{"line":113,"column":47},"end":{"line":115,"column":17}},"locations":[{"start":{"line":113,"column":47},"end":{"line":115,"column":17}}]},"24":{"type":"branch","line":115,"loc":{"start":{"line":115,"column":9},"end":{"line":115,"column":53}},"locations":[{"start":{"line":115,"column":9},"end":{"line":115,"column":53}}]},"25":{"type":"branch","line":115,"loc":{"start":{"line":115,"column":53},"end":{"line":117,"column":5}},"locations":[{"start":{"line":115,"column":53},"end":{"line":117,"column":5}}]},"26":{"type":"branch","line":117,"loc":{"start":{"line":117,"column":4},"end":{"line":128,"column":3}},"locations":[{"start":{"line":117,"column":4},"end":{"line":128,"column":3}}]},"27":{"type":"branch","line":131,"loc":{"start":{"line":131,"column":22},"end":{"line":147,"column":2}},"locations":[{"start":{"line":131,"column":22},"end":{"line":147,"column":2}}]},"28":{"type":"branch","line":135,"loc":{"start":{"line":135,"column":23},"end":{"line":137,"column":5}},"locations":[{"start":{"line":135,"column":23},"end":{"line":137,"column":5}}]},"29":{"type":"branch","line":137,"loc":{"start":{"line":137,"column":4},"end":{"line":140,"column":77}},"locations":[{"start":{"line":137,"column":4},"end":{"line":140,"column":77}}]},"30":{"type":"branch","line":140,"loc":{"start":{"line":140,"column":75},"end":{"line":143,"column":11}},"locations":[{"start":{"line":140,"column":75},"end":{"line":143,"column":11}}]},"31":{"type":"branch","line":143,"loc":{"start":{"line":143,"column":2},"end":{"line":146,"column":3}},"locations":[{"start":{"line":143,"column":2},"end":{"line":146,"column":3}}]}},"b":{"0":[3],"1":[9],"2":[8],"3":[2],"4":[7],"5":[1],"6":[6],"7":[1],"8":[5],"9":[1],"10":[8],"11":[7],"12":[2],"13":[6],"14":[3],"15":[1],"16":[2],"17":[1],"18":[3],"19":[0],"20":[5],"21":[1],"22":[4],"23":[3],"24":[2],"25":[2],"26":[1],"27":[6],"28":[1],"29":[5],"30":[1],"31":[4]},"fnMap":{"0":{"name":"generateTokens","decl":{"start":{"line":5,"column":23},"end":{"line":19,"column":2}},"loc":{"start":{"line":5,"column":23},"end":{"line":19,"column":2}},"line":5},"1":{"name":"register","decl":{"start":{"line":21,"column":24},"end":{"line":61,"column":2}},"loc":{"start":{"line":21,"column":24},"end":{"line":61,"column":2}},"line":21},"2":{"name":"login","decl":{"start":{"line":63,"column":21},"end":{"line":102,"column":2}},"loc":{"start":{"line":63,"column":21},"end":{"line":102,"column":2}},"line":63},"3":{"name":"refreshToken","decl":{"start":{"line":104,"column":28},"end":{"line":129,"column":2}},"loc":{"start":{"line":104,"column":28},"end":{"line":129,"column":2}},"line":104},"4":{"name":"logout","decl":{"start":{"line":131,"column":22},"end":{"line":147,"column":2}},"loc":{"start":{"line":131,"column":22},"end":{"line":147,"column":2}},"line":131}},"f":{"0":3,"1":9,"2":8,"3":5,"4":6}}
,"C:\\Users\\Jack\\Downloads\\Programs\\TP_INF352_API\\controllers\\user.controller.js": {"path":"C:\\Users\\Jack\\Downloads\\Programs\\TP_INF352_API\\controllers\\user.controller.js","all":false,"statementMap":{"0":{"start":{"line":1,"column":0},"end":{"line":1,"column":43}},"1":{"start":{"line":2,"column":0},"end":{"line":2,"column":45}},"2":{"start":{"line":3,"column":0},"end":{"line":3,"column":28}},"3":{"start":{"line":4,"column":0},"end":{"line":4,"column":0}},"4":{"start":{"line":5,"column":0},"end":{"line":5,"column":27}},"5":{"start":{"line":6,"column":0},"end":{"line":6,"column":47}},"6":{"start":{"line":7,"column":0},"end":{"line":7,"column":7}},"7":{"start":{"line":8,"column":0},"end":{"line":8,"column":55}},"8":{"start":{"line":9,"column":0},"end":{"line":9,"column":0}},"9":{"start":{"line":10,"column":0},"end":{"line":10,"column":17}},"10":{"start":{"line":11,"column":0},"end":{"line":11,"column":29}},"11":{"start":{"line":12,"column":0},"end":{"line":12,"column":36}},"12":{"start":{"line":13,"column":0},"end":{"line":13,"column":48}},"13":{"start":{"line":14,"column":0},"end":{"line":14,"column":9}},"14":{"start":{"line":15,"column":0},"end":{"line":15,"column":5}},"15":{"start":{"line":16,"column":0},"end":{"line":16,"column":0}},"16":{"start":{"line":17,"column":0},"end":{"line":17,"column":45}},"17":{"start":{"line":18,"column":0},"end":{"line":18,"column":65}},"18":{"start":{"line":19,"column":0},"end":{"line":19,"column":23}},"19":{"start":{"line":20,"column":0},"end":{"line":20,"column":72}},"20":{"start":{"line":21,"column":0},"end":{"line":21,"column":5}},"21":{"start":{"line":22,"column":0},"end":{"line":22,"column":0}},"22":{"start":{"line":23,"column":0},"end":{"line":23,"column":18}},"23":{"start":{"line":24,"column":0},"end":{"line":24,"column":36}},"24":{"start":{"line":25,"column":0},"end":{"line":25,"column":11}},"25":{"start":{"line":26,"column":0},"end":{"line":26,"column":51}},"26":{"start":{"line":27,"column":0},"end":{"line":27,"column":10}},"27":{"start":{"line":28,"column":0},"end":{"line":28,"column":7}},"28":{"start":{"line":29,"column":0},"end":{"line":29,"column":0}},"29":{"start":{"line":30,"column":0},"end":{"line":30,"column":53}},"30":{"start":{"line":31,"column":0},"end":{"line":31,"column":26}},"31":{"start":{"line":32,"column":0},"end":{"line":32,"column":18}},"32":{"start":{"line":33,"column":0},"end":{"line":33,"column":22}},"33":{"start":{"line":34,"column":0},"end":{"line":34,"column":22}},"34":{"start":{"line":35,"column":0},"end":{"line":35,"column":31}},"35":{"start":{"line":36,"column":0},"end":{"line":36,"column":6}},"36":{"start":{"line":37,"column":0},"end":{"line":37,"column":0}},"37":{"start":{"line":38,"column":0},"end":{"line":38,"column":55}},"38":{"start":{"line":39,"column":0},"end":{"line":39,"column":46}},"39":{"start":{"line":40,"column":0},"end":{"line":40,"column":19}},"40":{"start":{"line":41,"column":0},"end":{"line":41,"column":46}},"41":{"start":{"line":42,"column":0},"end":{"line":42,"column":4}},"42":{"start":{"line":43,"column":0},"end":{"line":43,"column":52}},"43":{"start":{"line":44,"column":0},"end":{"line":44,"column":36}},"44":{"start":{"line":45,"column":0},"end":{"line":45,"column":34}},"45":{"start":{"line":46,"column":0},"end":{"line":46,"column":50}},"46":{"start":{"line":47,"column":0},"end":{"line":47,"column":9}},"47":{"start":{"line":48,"column":0},"end":{"line":48,"column":5}},"48":{"start":{"line":49,"column":0},"end":{"line":49,"column":4}},"49":{"start":{"line":50,"column":0},"end":{"line":50,"column":68}},"50":{"start":{"line":51,"column":0},"end":{"line":51,"column":3}},"51":{"start":{"line":52,"column":0},"end":{"line":52,"column":2}},"52":{"start":{"line":53,"column":0},"end":{"line":53,"column":0}},"53":{"start":{"line":54,"column":0},"end":{"line":54,"column":45}},"54":{"start":{"line":55,"column":0},"end":{"line":55,"column":7}},"55":{"start":{"line":56,"column":0},"end":{"line":56,"column":68}},"56":{"start":{"line":57,"column":0},"end":{"line":57,"column":38}},"57":{"start":{"line":58,"column":0},"end":{"line":58,"column":54}},"58":{"start":{"line":59,"column":0},"end":{"line":59,"column":36}},"59":{"start":{"line":60,"column":0},"end":{"line":60,"column":7}},"60":{"start":{"line":61,"column":0},"end":{"line":61,"column":0}},"61":{"start":{"line":62,"column":0},"end":{"line":62,"column":27}},"62":{"start":{"line":63,"column":0},"end":{"line":63,"column":19}},"63":{"start":{"line":64,"column":0},"end":{"line":64,"column":44}},"64":{"start":{"line":65,"column":0},"end":{"line":65,"column":68}},"65":{"start":{"line":66,"column":0},"end":{"line":66,"column":3}},"66":{"start":{"line":67,"column":0},"end":{"line":67,"column":2}},"67":{"start":{"line":68,"column":0},"end":{"line":68,"column":0}},"68":{"start":{"line":69,"column":0},"end":{"line":69,"column":44}},"69":{"start":{"line":70,"column":0},"end":{"line":70,"column":7}},"70":{"start":{"line":71,"column":0},"end":{"line":71,"column":66}},"71":{"start":{"line":72,"column":0},"end":{"line":72,"column":53}},"72":{"start":{"line":73,"column":0},"end":{"line":73,"column":53}},"73":{"start":{"line":74,"column":0},"end":{"line":74,"column":7}},"74":{"start":{"line":75,"column":0},"end":{"line":75,"column":0}},"75":{"start":{"line":76,"column":0},"end":{"line":76,"column":16}},"76":{"start":{"line":77,"column":0},"end":{"line":77,"column":63}},"77":{"start":{"line":78,"column":0},"end":{"line":78,"column":5}},"78":{"start":{"line":79,"column":0},"end":{"line":79,"column":0}},"79":{"start":{"line":80,"column":0},"end":{"line":80,"column":56}},"80":{"start":{"line":81,"column":0},"end":{"line":81,"column":63}},"81":{"start":{"line":82,"column":0},"end":{"line":82,"column":68}},"82":{"start":{"line":83,"column":0},"end":{"line":83,"column":5}},"83":{"start":{"line":84,"column":0},"end":{"line":84,"column":0}},"84":{"start":{"line":85,"column":0},"end":{"line":85,"column":26}},"85":{"start":{"line":86,"column":0},"end":{"line":86,"column":19}},"86":{"start":{"line":87,"column":0},"end":{"line":87,"column":43}},"87":{"start":{"line":88,"column":0},"end":{"line":88,"column":68}},"88":{"start":{"line":89,"column":0},"end":{"line":89,"column":3}},"89":{"start":{"line":90,"column":0},"end":{"line":90,"column":2}},"90":{"start":{"line":91,"column":0},"end":{"line":91,"column":0}},"91":{"start":{"line":92,"column":0},"end":{"line":92,"column":47}},"92":{"start":{"line":93,"column":0},"end":{"line":93,"column":7}},"93":{"start":{"line":94,"column":0},"end":{"line":94,"column":30}},"94":{"start":{"line":95,"column":0},"end":{"line":95,"column":46}},"95":{"start":{"line":96,"column":0},"end":{"line":96,"column":0}},"96":{"start":{"line":97,"column":0},"end":{"line":97,"column":20}},"97":{"start":{"line":98,"column":0},"end":{"line":98,"column":41}},"98":{"start":{"line":99,"column":0},"end":{"line":99,"column":16}},"99":{"start":{"line":100,"column":0},"end":{"line":100,"column":63}},"100":{"start":{"line":101,"column":0},"end":{"line":101,"column":5}},"101":{"start":{"line":102,"column":0},"end":{"line":102,"column":0}},"102":{"start":{"line":103,"column":0},"end":{"line":103,"column":56}},"103":{"start":{"line":104,"column":0},"end":{"line":104,"column":63}},"104":{"start":{"line":105,"column":0},"end":{"line":105,"column":68}},"105":{"start":{"line":106,"column":0},"end":{"line":106,"column":5}},"106":{"start":{"line":107,"column":0},"end":{"line":107,"column":0}},"107":{"start":{"line":108,"column":0},"end":{"line":108,"column":37}},"108":{"start":{"line":109,"column":0},"end":{"line":109,"column":68}},"109":{"start":{"line":110,"column":0},"end":{"line":110,"column":76}},"110":{"start":{"line":111,"column":0},"end":{"line":111,"column":5}},"111":{"start":{"line":112,"column":0},"end":{"line":112,"column":0}},"112":{"start":{"line":113,"column":0},"end":{"line":113,"column":26}},"113":{"start":{"line":114,"column":0},"end":{"line":114,"column":26}},"114":{"start":{"line":115,"column":0},"end":{"line":115,"column":37}},"115":{"start":{"line":116,"column":0},"end":{"line":116,"column":49}},"116":{"start":{"line":117,"column":0},"end":{"line":117,"column":66}},"117":{"start":{"line":118,"column":0},"end":{"line":118,"column":0}},"118":{"start":{"line":119,"column":0},"end":{"line":119,"column":40}},"119":{"start":{"line":120,"column":0},"end":{"line":120,"column":47}},"120":{"start":{"line":121,"column":0},"end":{"line":121,"column":74}},"121":{"start":{"line":122,"column":0},"end":{"line":122,"column":5}},"122":{"start":{"line":123,"column":0},"end":{"line":123,"column":0}},"123":{"start":{"line":124,"column":0},"end":{"line":124,"column":53}},"124":{"start":{"line":125,"column":0},"end":{"line":125,"column":0}},"125":{"start":{"line":126,"column":0},"end":{"line":126,"column":48}},"126":{"start":{"line":127,"column":0},"end":{"line":127,"column":49}},"127":{"start":{"line":128,"column":0},"end":{"line":128,"column":53}},"128":{"start":{"line":129,"column":0},"end":{"line":129,"column":7}},"129":{"start":{"line":130,"column":0},"end":{"line":130,"column":0}},"130":{"start":{"line":131,"column":0},"end":{"line":131,"column":53}},"131":{"start":{"line":132,"column":0},"end":{"line":132,"column":33}},"132":{"start":{"line":133,"column":0},"end":{"line":133,"column":19}},"133":{"start":{"line":134,"column":0},"end":{"line":134,"column":46}},"134":{"start":{"line":135,"column":0},"end":{"line":135,"column":4}},"135":{"start":{"line":136,"column":0},"end":{"line":136,"column":58}},"136":{"start":{"line":137,"column":0},"end":{"line":137,"column":72}},"137":{"start":{"line":138,"column":0},"end":{"line":138,"column":5}},"138":{"start":{"line":139,"column":0},"end":{"line":139,"column":4}},"139":{"start":{"line":140,"column":0},"end":{"line":140,"column":68}},"140":{"start":{"line":141,"column":0},"end":{"line":141,"column":3}},"141":{"start":{"line":142,"column":0},"end":{"line":142,"column":2}},"142":{"start":{"line":143,"column":0},"end":{"line":143,"column":0}},"143":{"start":{"line":144,"column":0},"end":{"line":144,"column":47}},"144":{"start":{"line":145,"column":0},"end":{"line":145,"column":9}},"145":{"start":{"line":146,"column":0},"end":{"line":146,"column":32}},"146":{"start":{"line":147,"column":0},"end":{"line":147,"column":2}},"147":{"start":{"line":148,"column":0},"end":{"line":148,"column":22}},"148":{"start":{"line":149,"column":0},"end":{"line":149,"column":43}},"149":{"start":{"line":150,"column":0},"end":{"line":150,"column":18}},"150":{"start":{"line":151,"column":0},"end":{"line":151,"column":65}},"151":{"start":{"line":152,"column":0},"end":{"line":152,"column":7}},"152":{"start":{"line":153,"column":0},"end":{"line":153,"column":2}},"153":{"start":{"line":154,"column":0},"end":{"line":154,"column":47}},"154":{"start":{"line":155,"column":0},"end":{"line":155,"column":36}},"155":{"start":{"line":156,"column":0},"end":{"line":156,"column":81}},"156":{"start":{"line":157,"column":0},"end":{"line":157,"column":7}},"157":{"start":{"line":158,"column":0},"end":{"line":158,"column":2}},"158":{"start":{"line":159,"column":0},"end":{"line":159,"column":44}},"159":{"start":{"line":160,"column":0},"end":{"line":160,"column":2}},"160":{"start":{"line":161,"column":0},"end":{"line":161,"column":48}},"161":{"start":{"line":162,"column":0},"end":{"line":162,"column":36}},"162":{"start":{"line":163,"column":0},"end":{"line":163,"column":62}},"163":{"start":{"line":164,"column":0},"end":{"line":164,"column":9}},"164":{"start":{"line":165,"column":0},"end":{"line":165,"column":21}},"165":{"start":{"line":166,"column":0},"end":{"line":166,"column":48}},"166":{"start":{"line":167,"column":0},"end":{"line":167,"column":70}},"167":{"start":{"line":168,"column":0},"end":{"line":168,"column":5}},"168":{"start":{"line":169,"column":0},"end":{"line":169,"column":4}},"169":{"start":{"line":170,"column":0},"end":{"line":170,"column":0}},"170":{"start":{"line":171,"column":0},"end":{"line":171,"column":27}},"171":{"start":{"line":172,"column":0},"end":{"line":172,"column":51}},"172":{"start":{"line":173,"column":0},"end":{"line":173,"column":7}},"173":{"start":{"line":174,"column":0},"end":{"line":174,"column":51}},"174":{"start":{"line":175,"column":0},"end":{"line":175,"column":53}},"175":{"start":{"line":176,"column":0},"end":{"line":176,"column":7}},"176":{"start":{"line":177,"column":0},"end":{"line":177,"column":4}},"177":{"start":{"line":178,"column":0},"end":{"line":178,"column":16}},"178":{"start":{"line":179,"column":0},"end":{"line":179,"column":63}},"179":{"start":{"line":180,"column":0},"end":{"line":180,"column":5}},"180":{"start":{"line":181,"column":0},"end":{"line":181,"column":4}},"181":{"start":{"line":182,"column":0},"end":{"line":182,"column":26}},"182":{"start":{"line":183,"column":0},"end":{"line":183,"column":19}},"183":{"start":{"line":184,"column":0},"end":{"line":184,"column":51}},"184":{"start":{"line":185,"column":0},"end":{"line":185,"column":68}},"185":{"start":{"line":186,"column":0},"end":{"line":186,"column":3}},"186":{"start":{"line":187,"column":0},"end":{"line":187,"column":2}}},"s":{"0":1,"1":1,"2":1,"3":1,"4":1,"5":1,"6":9,"7":9,"8":9,"9":9,"10":9,"11":2,"12":2,"13":2,"14":2,"15":7,"16":7,"17":7,"18":9,"19":1,"20":1,"21":6,"22":6,"23":6,"24":6,"25":6,"26":6,"27":6,"28":2,"29":2,"30":2,"31":2,"32":2,"33":2,"34":2,"35":2,"36":2,"37":2,"38":2,"39":9,"40":4,"41":4,"42":4,"43":1,"44":1,"45":1,"46":1,"47":1,"48":3,"49":3,"50":3,"51":9,"52":1,"53":1,"54":5,"55":5,"56":5,"57":5,"58":5,"59":5,"60":2,"61":2,"62":5,"63":3,"64":3,"65":3,"66":5,"67":1,"68":1,"69":7,"70":7,"71":7,"72":7,"73":7,"74":4,"75":7,"76":1,"77":1,"78":3,"79":3,"80":7,"81":1,"82":1,"83":2,"84":2,"85":7,"86":3,"87":3,"88":3,"89":7,"90":1,"91":1,"92":10,"93":10,"94":10,"95":10,"96":10,"97":10,"98":10,"99":1,"100":1,"101":9,"102":9,"103":10,"104":1,"105":1,"106":8,"107":8,"108":10,"109":1,"110":1,"111":7,"112":7,"113":7,"114":10,"115":10,"116":10,"117":7,"118":7,"119":10,"120":1,"121":1,"122":6,"123":6,"124":2,"125":2,"126":2,"127":2,"128":2,"129":2,"130":2,"131":2,"132":10,"133":4,"134":4,"135":4,"136":1,"137":1,"138":3,"139":3,"140":3,"141":10,"142":1,"143":1,"144":4,"145":4,"146":4,"147":4,"148":4,"149":4,"150":1,"151":1,"152":3,"153":3,"154":4,"155":1,"156":1,"157":2,"158":2,"159":1,"160":1,"161":1,"162":1,"163":1,"164":1,"165":1,"166":1,"167":1,"168":1,"169":1,"170":1,"171":1,"172":5,"173":5,"174":5,"175":5,"176":2,"177":5,"178":1,"179":1,"180":1,"181":1,"182":5,"183":3,"184":3,"185":3,"186":5},"branchMap":{"0":{"type":"branch","line":6,"loc":{"start":{"line":6,"column":26},"end":{"line":52,"column":2}},"locations":[{"start":{"line":6,"column":26},"end":{"line":52,"column":2}}]},"1":{"type":"branch","line":11,"loc":{"start":{"line":11,"column":14},"end":{"line":11,"column":26}},"locations":[{"start":{"line":11,"column":14},"end":{"line":11,"column":26}}]},"2":{"type":"branch","line":11,"loc":{"start":{"line":11,"column":28},"end":{"line":15,"column":5}},"locations":[{"start":{"line":11,"column":28},"end":{"line":15,"column":5}}]},"3":{"type":"branch","line":15,"loc":{"start":{"line":15,"column":4},"end":{"line":19,"column":22}},"locations":[{"start":{"line":15,"column":4},"end":{"line":19,"column":22}}]},"4":{"type":"branch","line":19,"loc":{"start":{"line":19,"column":22},"end":{"line":21,"column":5}},"locations":[{"start":{"line":19,"column":22},"end":{"line":21,"column":5}}]},"5":{"type":"branch","line":21,"loc":{"start":{"line":21,"column":4},"end":{"line":28,"column":7}},"locations":[{"start":{"line":21,"column":4},"end":{"line":28,"column":7}}]},"6":{"type":"branch","line":29,"loc":{"start":{"line":29,"column":-2},"end":{"line":40,"column":4}},"locations":[{"start":{"line":29,"column":-2},"end":{"line":40,"column":4}}]},"7":{"type":"branch","line":40,"loc":{"start":{"line":40,"column":4},"end":{"line":51,"column":3}},"locations":[{"start":{"line":40,"column":4},"end":{"line":51,"column":3}}]},"8":{"type":"branch","line":43,"loc":{"start":{"line":43,"column":51},"end":{"line":48,"column":5}},"locations":[{"start":{"line":43,"column":51},"end":{"line":48,"column":5}}]},"9":{"type":"branch","line":48,"loc":{"start":{"line":48,"column":4},"end":{"line":51,"column":3}},"locations":[{"start":{"line":48,"column":4},"end":{"line":51,"column":3}}]},"10":{"type":"branch","line":46,"loc":{"start":{"line":46,"column":34},"end":{"line":46,"column":48}},"locations":[{"start":{"line":46,"column":34},"end":{"line":46,"column":48}}]},"11":{"type":"branch","line":54,"loc":{"start":{"line":54,"column":24},"end":{"line":67,"column":2}},"locations":[{"start":{"line":54,"column":24},"end":{"line":67,"column":2}}]},"12":{"type":"branch","line":61,"loc":{"start":{"line":61,"column":-2},"end":{"line":63,"column":4}},"locations":[{"start":{"line":61,"column":-2},"end":{"line":63,"column":4}}]},"13":{"type":"branch","line":63,"loc":{"start":{"line":63,"column":4},"end":{"line":66,"column":3}},"locations":[{"start":{"line":63,"column":4},"end":{"line":66,"column":3}}]},"14":{"type":"branch","line":69,"loc":{"start":{"line":69,"column":23},"end":{"line":90,"column":2}},"locations":[{"start":{"line":69,"column":23},"end":{"line":90,"column":2}}]},"15":{"type":"branch","line":75,"loc":{"start":{"line":75,"column":-2},"end":{"line":76,"column":15}},"locations":[{"start":{"line":75,"column":-2},"end":{"line":76,"column":15}}]},"16":{"type":"branch","line":76,"loc":{"start":{"line":76,"column":15},"end":{"line":78,"column":5}},"locations":[{"start":{"line":76,"column":15},"end":{"line":78,"column":5}}]},"17":{"type":"branch","line":78,"loc":{"start":{"line":78,"column":4},"end":{"line":81,"column":34}},"locations":[{"start":{"line":78,"column":4},"end":{"line":81,"column":34}}]},"18":{"type":"branch","line":81,"loc":{"start":{"line":81,"column":34},"end":{"line":81,"column":60}},"locations":[{"start":{"line":81,"column":34},"end":{"line":81,"column":60}}]},"19":{"type":"branch","line":81,"loc":{"start":{"line":81,"column":62},"end":{"line":83,"column":5}},"locations":[{"start":{"line":81,"column":62},"end":{"line":83,"column":5}}]},"20":{"type":"branch","line":83,"loc":{"start":{"line":83,"column":4},"end":{"line":86,"column":4}},"locations":[{"start":{"line":83,"column":4},"end":{"line":86,"column":4}}]},"21":{"type":"branch","line":86,"loc":{"start":{"line":86,"column":4},"end":{"line":89,"column":3}},"locations":[{"start":{"line":86,"column":4},"end":{"line":89,"column":3}}]},"22":{"type":"branch","line":92,"loc":{"start":{"line":92,"column":26},"end":{"line":142,"column":2}},"locations":[{"start":{"line":92,"column":26},"end":{"line":142,"column":2}}]},"23":{"type":"branch","line":99,"loc":{"start":{"line":99,"column":15},"end":{"line":101,"column":5}},"locations":[{"start":{"line":99,"column":15},"end":{"line":101,"column":5}}]},"24":{"type":"branch","line":101,"loc":{"start":{"line":101,"column":4},"end":{"line":104,"column":34}},"locations":[{"start":{"line":101,"column":4},"end":{"line":104,"column":34}}]},"25":{"type":"branch","line":104,"loc":{"start":{"line":104,"column":34},"end":{"line":104,"column":60}},"locations":[{"start":{"line":104,"column":34},"end":{"line":104,"column":60}}]},"26":{"type":"branch","line":104,"loc":{"start":{"line":104,"column":62},"end":{"line":106,"column":5}},"locations":[{"start":{"line":104,"column":62},"end":{"line":106,"column":5}}]},"27":{"type":"branch","line":106,"loc":{"start":{"line":106,"column":4},"end":{"line":109,"column":32}},"locations":[{"start":{"line":106,"column":4},"end":{"line":109,"column":32}}]},"28":{"type":"branch","line":109,"loc":{"start":{"line":109,"column":32},"end":{"line":109,"column":39}},"locations":[{"start":{"line":109,"column":32},"end":{"line":109,"column":39}}]},"29":{"type":"branch","line":109,"loc":{"start":{"line":109,"column":40},"end":{"line":109,"column":65}},"locations":[{"start":{"line":109,"column":40},"end":{"line":109,"column":65}}]},"30":{"type":"branch","line":109,"loc":{"start":{"line":109,"column":67},"end":{"line":111,"column":5}},"locations":[{"start":{"line":109,"column":67},"end":{"line":111,"column":5}}]},"31":{"type":"branch","line":111,"loc":{"start":{"line":111,"column":4},"end":{"line":115,"column":14}},"locations":[{"start":{"line":111,"column":4},"end":{"line":115,"column":14}}]},"32":{"type":"branch","line":115,"loc":{"start":{"line":115,"column":14},"end":{"line":115,"column":37}},"locations":[{"start":{"line":115,"column":14},"end":{"line":115,"column":37}}]},"33":{"type":"branch","line":116,"loc":{"start":{"line":116,"column":-2},"end":{"line":116,"column":18}},"locations":[{"start":{"line":116,"column":-2},"end":{"line":116,"column":18}}]},"34":{"type":"branch","line":116,"loc":{"start":{"line":116,"column":18},"end":{"line":116,"column":49}},"locations":[{"start":{"line":116,"column":18},"end":{"line":116,"column":49}}]},"35":{"type":"branch","line":117,"loc":{"start":{"line":117,"column":-2},"end":{"line":117,"column":13}},"locations":[{"start":{"line":117,"column":-2},"end":{"line":117,"column":13}}]},"36":{"type":"branch","line":117,"loc":{"start":{"line":117,"column":13},"end":{"line":117,"column":41}},"locations":[{"start":{"line":117,"column":13},"end":{"line":117,"column":41}}]},"37":{"type":"branch","line":117,"loc":{"start":{"line":117,"column":43},"end":{"line":117,"column":66}},"locations":[{"start":{"line":117,"column":43},"end":{"line":117,"column":66}}]},"38":{"type":"branch","line":118,"loc":{"start":{"line":118,"column":-2},"end":{"line":120,"column":46}},"locations":[{"start":{"line":118,"column":-2},"end":{"line":120,"column":46}}]},"39":{"type":"branch","line":120,"loc":{"start":{"line":120,"column":46},"end":{"line":122,"column":5}},"locations":[{"start":{"line":120,"column":46},"end":{"line":122,"column":5}}]},"40":{"type":"branch","line":122,"loc":{"start":{"line":122,"column":4},"end":{"line":124,"column":53}},"locations":[{"start":{"line":122,"column":4},"end":{"line":124,"column":53}}]},"41":{"type":"branch","line":125,"loc":{"start":{"line":125,"column":-2},"end":{"line":133,"column":4}},"locations":[{"start":{"line":125,"column":-2},"end":{"line":133,"column":4}}]},"42":{"type":"branch","line":133,"loc":{"start":{"line":133,"column":4},"end":{"line":141,"column":3}},"locations":[{"start":{"line":133,"column":4},"end":{"line":141,"column":3}}]},"43":{"type":"branch","line":136,"loc":{"start":{"line":136,"column":57},"end":{"line":138,"column":5}},"locations":[{"start":{"line":136,"column":57},"end":{"line":138,"column":5}}]},"44":{"type":"branch","line":138,"loc":{"start":{"line":138,"column":4},"end":{"line":141,"column":3}},"locations":[{"start":{"line":138,"column":4},"end":{"line":141,"column":3}}]},"45":{"type":"branch","line":144,"loc":{"start":{"line":144,"column":26},"end":{"line":169,"column":3}},"locations":[{"start":{"line":144,"column":26},"end":{"line":169,"column":3}}]},"46":{"type":"branch","line":150,"loc":{"start":{"line":150,"column":17},"end":{"line":152,"column":7}},"locations":[{"start":{"line":150,"column":17},"end":{"line":152,"column":7}}]},"47":{"type":"branch","line":152,"loc":{"start":{"line":152,"column":6},"end":{"line":155,"column":35}},"locations":[{"start":{"line":152,"column":6},"end":{"line":155,"column":35}}]},"48":{"type":"branch","line":155,"loc":{"start":{"line":155,"column":35},"end":{"line":157,"column":7}},"locations":[{"start":{"line":155,"column":35},"end":{"line":157,"column":7}}]},"49":{"type":"branch","line":157,"loc":{"start":{"line":157,"column":6},"end":{"line":159,"column":44}},"locations":[{"start":{"line":157,"column":6},"end":{"line":159,"column":44}}]},"50":{"type":"branch","line":160,"loc":{"start":{"line":160,"column":-2},"end":{"line":168,"column":5}},"locations":[{"start":{"line":160,"column":-2},"end":{"line":168,"column":5}}]},"51":{"type":"branch","line":172,"loc":{"start":{"line":172,"column":30},"end":{"line":187,"column":2}},"locations":[{"start":{"line":172,"column":30},"end":{"line":187,"column":2}}]},"52":{"type":"branch","line":177,"loc":{"start":{"line":177,"column":-2},"end":{"line":178,"column":15}},"locations":[{"start":{"line":177,"column":-2},"end":{"line":178,"column":15}}]},"53":{"type":"branch","line":178,"loc":{"start":{"line":178,"column":15},"end":{"line":183,"column":4}},"locations":[{"start":{"line":178,"column":15},"end":{"line":183,"column":4}}]},"54":{"type":"branch","line":183,"loc":{"start":{"line":183,"column":4},"end":{"line":186,"column":3}},"locations":[{"start":{"line":183,"column":4},"end":{"line":186,"column":3}}]}},"b":{"0":[9],"1":[8],"2":[2],"3":[7],"4":[1],"5":[6],"6":[2],"7":[4],"8":[1],"9":[3],"10":[1],"11":[5],"12":[2],"13":[3],"14":[7],"15":[4],"16":[1],"17":[3],"18":[2],"19":[1],"20":[2],"21":[3],"22":[10],"23":[1],"24":[9],"25":[2],"26":[1],"27":[8],"28":[7],"29":[1],"30":[1],"31":[7],"32":[6],"33":[7],"34":[0],"35":[7],"36":[1],"37":[1],"38":[7],"39":[1],"40":[6],"41":[2],"42":[4],"43":[1],"44":[3],"45":[4],"46":[1],"47":[3],"48":[1],"49":[2],"50":[1],"51":[5],"52":[2],"53":[1],"54":[3]},"fnMap":{"0":{"name":"createUser","decl":{"start":{"line":6,"column":26},"end":{"line":52,"column":2}},"loc":{"start":{"line":6,"column":26},"end":{"line":52,"column":2}},"line":6},"1":{"name":"getUsers","decl":{"start":{"line":54,"column":24},"end":{"line":67,"column":2}},"loc":{"start":{"line":54,"column":24},"end":{"line":67,"column":2}},"line":54},"2":{"name":"getUser","decl":{"start":{"line":69,"column":23},"end":{"line":90,"column":2}},"loc":{"start":{"line":69,"column":23},"end":{"line":90,"column":2}},"line":69},"3":{"name":"updateUser","decl":{"start":{"line":92,"column":26},"end":{"line":142,"column":2}},"loc":{"start":{"line":92,"column":26},"end":{"line":142,"column":2}},"line":92},"4":{"name":"deleteUser","decl":{"start":{"line":144,"column":26},"end":{"line":169,"column":3}},"loc":{"start":{"line":144,"column":26},"end":{"line":169,"column":3}},"line":144},"5":{"name":"getCurrentUser","decl":{"start":{"line":172,"column":30},"end":{"line":187,"column":2}},"loc":{"start":{"line":172,"column":30},"end":{"line":187,"column":2}},"line":172}},"f":{"0":9,"1":5,"2":7,"3":10,"4":4,"5":5}}
,"C:\\Users\\Jack\\Downloads\\Programs\\TP_INF352_API\\controllers\\vehicle.controller.js": {"path":"C:\\Users\\Jack\\Downloads\\Programs\\TP_INF352_API\\controllers\\vehicle.controller.js","all":false,"statementMap":{"0":{"start":{"line":1,"column":0},"end":{"line":1,"column":49}},"1":{"start":{"line":2,"column":0},"end":{"line":2,"column":31}},"2":{"start":{"line":3,"column":0},"end":{"line":3,"column":45}},"3":{"start":{"line":4,"column":0},"end":{"line":4,"column":0}},"4":{"start":{"line":5,"column":0},"end":{"line":5,"column":50}},"5":{"start":{"line":6,"column":0},"end":{"line":6,"column":7}},"6":{"start":{"line":7,"column":0},"end":{"line":7,"column":78}},"7":{"start":{"line":8,"column":0},"end":{"line":8,"column":4}},"8":{"start":{"line":9,"column":0},"end":{"line":9,"column":23}},"9":{"start":{"line":10,"column":0},"end":{"line":10,"column":48}},"10":{"start":{"line":11,"column":0},"end":{"line":11,"column":36}},"11":{"start":{"line":12,"column":0},"end":{"line":12,"column":90}},"12":{"start":{"line":13,"column":0},"end":{"line":13,"column":9}},"13":{"start":{"line":14,"column":0},"end":{"line":14,"column":5}},"14":{"start":{"line":15,"column":0},"end":{"line":15,"column":0}},"15":{"start":{"line":16,"column":0},"end":{"line":16,"column":42}},"16":{"start":{"line":17,"column":0},"end":{"line":17,"column":13}},"17":{"start":{"line":18,"column":0},"end":{"line":18,"column":12}},"18":{"start":{"line":19,"column":0},"end":{"line":19,"column":22}},"19":{"start":{"line":20,"column":0},"end":{"line":20,"column":49}},"20":{"start":{"line":21,"column":0},"end":{"line":21,"column":40}},"21":{"start":{"line":22,"column":0},"end":{"line":22,"column":7}},"22":{"start":{"line":23,"column":0},"end":{"line":23,"column":0}},"23":{"start":{"line":24,"column":0},"end":{"line":24,"column":63}},"24":{"start":{"line":25,"column":0},"end":{"line":25,"column":41}},"25":{"start":{"line":26,"column":0},"end":{"line":26,"column":19}},"26":{"start":{"line":27,"column":0},"end":{"line":27,"column":49}},"27":{"start":{"line":28,"column":0},"end":{"line":28,"column":58}},"28":{"start":{"line":29,"column":0},"end":{"line":29,"column":36}},"29":{"start":{"line":30,"column":0},"end":{"line":30,"column":66}},"30":{"start":{"line":31,"column":0},"end":{"line":31,"column":9}},"31":{"start":{"line":32,"column":0},"end":{"line":32,"column":5}},"32":{"start":{"line":33,"column":0},"end":{"line":33,"column":68}},"33":{"start":{"line":34,"column":0},"end":{"line":34,"column":3}},"34":{"start":{"line":35,"column":0},"end":{"line":35,"column":2}},"35":{"start":{"line":36,"column":0},"end":{"line":36,"column":0}},"36":{"start":{"line":37,"column":0},"end":{"line":37,"column":51}},"37":{"start":{"line":38,"column":0},"end":{"line":38,"column":7}},"38":{"start":{"line":39,"column":0},"end":{"line":39,"column":45}},"39":{"start":{"line":40,"column":0},"end":{"line":40,"column":32}},"40":{"start":{"line":41,"column":0},"end":{"line":41,"column":68}},"41":{"start":{"line":42,"column":0},"end":{"line":42,"column":5}},"42":{"start":{"line":43,"column":0},"end":{"line":43,"column":30}},"43":{"start":{"line":44,"column":0},"end":{"line":44,"column":19}},"44":{"start":{"line":45,"column":0},"end":{"line":45,"column":47}},"45":{"start":{"line":46,"column":0},"end":{"line":46,"column":68}},"46":{"start":{"line":47,"column":0},"end":{"line":47,"column":3}},"47":{"start":{"line":48,"column":0},"end":{"line":48,"column":2}},"48":{"start":{"line":49,"column":0},"end":{"line":49,"column":0}},"49":{"start":{"line":50,"column":0},"end":{"line":50,"column":51}},"50":{"start":{"line":51,"column":0},"end":{"line":51,"column":7}},"51":{"start":{"line":52,"column":0},"end":{"line":52,"column":58}},"52":{"start":{"line":53,"column":0},"end":{"line":53,"column":19}},"53":{"start":{"line":54,"column":0},"end":{"line":54,"column":66}},"54":{"start":{"line":55,"column":0},"end":{"line":55,"column":5}},"55":{"start":{"line":56,"column":0},"end":{"line":56,"column":29}},"56":{"start":{"line":57,"column":0},"end":{"line":57,"column":19}},"57":{"start":{"line":58,"column":0},"end":{"line":58,"column":46}},"58":{"start":{"line":59,"column":0},"end":{"line":59,"column":68}},"59":{"start":{"line":60,"column":0},"end":{"line":60,"column":3}},"60":{"start":{"line":61,"column":0},"end":{"line":61,"column":2}},"61":{"start":{"line":62,"column":0},"end":{"line":62,"column":0}},"62":{"start":{"line":63,"column":0},"end":{"line":63,"column":50}},"63":{"start":{"line":64,"column":0},"end":{"line":64,"column":7}},"64":{"start":{"line":65,"column":0},"end":{"line":65,"column":54}},"65":{"start":{"line":66,"column":0},"end":{"line":66,"column":34}},"66":{"start":{"line":67,"column":0},"end":{"line":67,"column":7}},"67":{"start":{"line":68,"column":0},"end":{"line":68,"column":4}},"68":{"start":{"line":69,"column":0},"end":{"line":69,"column":19}},"69":{"start":{"line":70,"column":0},"end":{"line":70,"column":66}},"70":{"start":{"line":71,"column":0},"end":{"line":71,"column":5}},"71":{"start":{"line":72,"column":0},"end":{"line":72,"column":0}},"72":{"start":{"line":73,"column":0},"end":{"line":73,"column":65}},"73":{"start":{"line":74,"column":0},"end":{"line":74,"column":53}},"74":{"start":{"line":75,"column":0},"end":{"line":75,"column":36}},"75":{"start":{"line":76,"column":0},"end":{"line":76,"column":19}},"76":{"start":{"line":77,"column":0},"end":{"line":77,"column":49}},"77":{"start":{"line":78,"column":0},"end":{"line":78,"column":68}},"78":{"start":{"line":79,"column":0},"end":{"line":79,"column":3}},"79":{"start":{"line":80,"column":0},"end":{"line":80,"column":2}},"80":{"start":{"line":81,"column":0},"end":{"line":81,"column":0}},"81":{"start":{"line":82,"column":0},"end":{"line":82,"column":50}},"82":{"start":{"line":83,"column":0},"end":{"line":83,"column":7}},"83":{"start":{"line":84,"column":0},"end":{"line":84,"column":43}},"84":{"start":{"line":85,"column":0},"end":{"line":85,"column":34}},"85":{"start":{"line":86,"column":0},"end":{"line":86,"column":7}},"86":{"start":{"line":87,"column":0},"end":{"line":87,"column":4}},"87":{"start":{"line":88,"column":0},"end":{"line":88,"column":19}},"88":{"start":{"line":89,"column":0},"end":{"line":89,"column":66}},"89":{"start":{"line":90,"column":0},"end":{"line":90,"column":5}},"90":{"start":{"line":91,"column":0},"end":{"line":91,"column":0}},"91":{"start":{"line":92,"column":0},"end":{"line":92,"column":53}},"92":{"start":{"line":93,"column":0},"end":{"line":93,"column":34}},"93":{"start":{"line":94,"column":0},"end":{"line":94,"column":19}},"94":{"start":{"line":95,"column":0},"end":{"line":95,"column":49}},"95":{"start":{"line":96,"column":0},"end":{"line":96,"column":68}},"96":{"start":{"line":97,"column":0},"end":{"line":97,"column":3}},"97":{"start":{"line":98,"column":0},"end":{"line":98,"column":2}},"98":{"start":{"line":99,"column":0},"end":{"line":99,"column":0}},"99":{"start":{"line":100,"column":0},"end":{"line":100,"column":60}},"100":{"start":{"line":101,"column":0},"end":{"line":101,"column":7}},"101":{"start":{"line":102,"column":0},"end":{"line":102,"column":43}},"102":{"start":{"line":103,"column":0},"end":{"line":103,"column":14}},"103":{"start":{"line":104,"column":0},"end":{"line":104,"column":26}},"104":{"start":{"line":105,"column":0},"end":{"line":105,"column":48}},"105":{"start":{"line":106,"column":0},"end":{"line":106,"column":9}},"106":{"start":{"line":107,"column":0},"end":{"line":107,"column":7}},"107":{"start":{"line":108,"column":0},"end":{"line":108,"column":7}},"108":{"start":{"line":109,"column":0},"end":{"line":109,"column":0}},"109":{"start":{"line":110,"column":0},"end":{"line":110,"column":19}},"110":{"start":{"line":111,"column":0},"end":{"line":111,"column":66}},"111":{"start":{"line":112,"column":0},"end":{"line":112,"column":5}},"112":{"start":{"line":113,"column":0},"end":{"line":113,"column":29}},"113":{"start":{"line":114,"column":0},"end":{"line":114,"column":19}},"114":{"start":{"line":115,"column":0},"end":{"line":115,"column":49}},"115":{"start":{"line":116,"column":0},"end":{"line":116,"column":68}},"116":{"start":{"line":117,"column":0},"end":{"line":117,"column":3}},"117":{"start":{"line":118,"column":0},"end":{"line":118,"column":2}},"118":{"start":{"line":119,"column":0},"end":{"line":119,"column":0}},"119":{"start":{"line":120,"column":0},"end":{"line":120,"column":50}},"120":{"start":{"line":121,"column":0},"end":{"line":121,"column":7}},"121":{"start":{"line":122,"column":0},"end":{"line":122,"column":53}},"122":{"start":{"line":123,"column":0},"end":{"line":123,"column":26}},"123":{"start":{"line":124,"column":0},"end":{"line":124,"column":72}},"124":{"start":{"line":125,"column":0},"end":{"line":125,"column":5}},"125":{"start":{"line":126,"column":0},"end":{"line":126,"column":0}},"126":{"start":{"line":127,"column":0},"end":{"line":127,"column":44}},"127":{"start":{"line":128,"column":0},"end":{"line":128,"column":14}},"128":{"start":{"line":129,"column":0},"end":{"line":129,"column":23}},"129":{"start":{"line":130,"column":0},"end":{"line":130,"column":28}},"130":{"start":{"line":131,"column":0},"end":{"line":131,"column":9}},"131":{"start":{"line":132,"column":0},"end":{"line":132,"column":8}},"132":{"start":{"line":133,"column":0},"end":{"line":133,"column":38}},"133":{"start":{"line":134,"column":0},"end":{"line":134,"column":7}},"134":{"start":{"line":135,"column":0},"end":{"line":135,"column":0}},"135":{"start":{"line":136,"column":0},"end":{"line":136,"column":30}},"136":{"start":{"line":137,"column":0},"end":{"line":137,"column":19}},"137":{"start":{"line":138,"column":0},"end":{"line":138,"column":50}},"138":{"start":{"line":139,"column":0},"end":{"line":139,"column":68}},"139":{"start":{"line":140,"column":0},"end":{"line":140,"column":3}},"140":{"start":{"line":141,"column":0},"end":{"line":141,"column":2}}},"s":{"0":1,"1":1,"2":1,"3":1,"4":1,"5":9,"6":9,"7":9,"8":9,"9":9,"10":3,"11":3,"12":3,"13":3,"14":6,"15":6,"16":6,"17":6,"18":6,"19":9,"20":9,"21":9,"22":2,"23":2,"24":2,"25":9,"26":4,"27":4,"28":1,"29":1,"30":1,"31":1,"32":3,"33":3,"34":9,"35":1,"36":1,"37":5,"38":5,"39":5,"40":1,"41":1,"42":1,"43":5,"44":3,"45":3,"46":3,"47":5,"48":1,"49":1,"50":10,"51":10,"52":10,"53":3,"54":3,"55":4,"56":10,"57":3,"58":3,"59":3,"60":10,"61":1,"62":1,"63":3,"64":3,"65":3,"66":3,"67":2,"68":3,"69":1,"70":1,"71":1,"72":1,"73":1,"74":1,"75":1,"76":1,"77":1,"78":1,"79":3,"80":1,"81":1,"82":3,"83":3,"84":3,"85":3,"86":2,"87":3,"88":1,"89":1,"90":1,"91":1,"92":1,"93":1,"94":1,"95":1,"96":1,"97":3,"98":1,"99":1,"100":3,"101":3,"102":3,"103":3,"104":3,"105":3,"106":3,"107":3,"108":2,"109":3,"110":1,"111":1,"112":1,"113":1,"114":1,"115":1,"116":1,"117":3,"118":1,"119":1,"120":8,"121":8,"122":8,"123":5,"124":5,"125":3,"126":3,"127":3,"128":3,"129":3,"130":3,"131":3,"132":3,"133":3,"134":2,"135":2,"136":8,"137":1,"138":1,"139":1,"140":8},"branchMap":{"0":{"type":"branch","line":5,"loc":{"start":{"line":5,"column":29},"end":{"line":35,"column":2}},"locations":[{"start":{"line":5,"column":29},"end":{"line":35,"column":2}}]},"1":{"type":"branch","line":10,"loc":{"start":{"line":10,"column":16},"end":{"line":10,"column":25}},"locations":[{"start":{"line":10,"column":16},"end":{"line":10,"column":25}}]},"2":{"type":"branch","line":10,"loc":{"start":{"line":10,"column":26},"end":{"line":10,"column":45}},"locations":[{"start":{"line":10,"column":26},"end":{"line":10,"column":45}}]},"3":{"type":"branch","line":10,"loc":{"start":{"line":10,"column":47},"end":{"line":14,"column":5}},"locations":[{"start":{"line":10,"column":47},"end":{"line":14,"column":5}}]},"4":{"type":"branch","line":14,"loc":{"start":{"line":14,"column":4},"end":{"line":20,"column":21}},"locations":[{"start":{"line":14,"column":4},"end":{"line":20,"column":21}}]},"5":{"type":"branch","line":20,"loc":{"start":{"line":20,"column":21},"end":{"line":20,"column":48}},"locations":[{"start":{"line":20,"column":21},"end":{"line":20,"column":48}}]},"6":{"type":"branch","line":21,"loc":{"start":{"line":21,"column":33},"end":{"line":21,"column":40}},"locations":[{"start":{"line":21,"column":33},"end":{"line":21,"column":40}}]},"7":{"type":"branch","line":23,"loc":{"start":{"line":23,"column":-2},"end":{"line":26,"column":4}},"locations":[{"start":{"line":23,"column":-2},"end":{"line":26,"column":4}}]},"8":{"type":"branch","line":26,"loc":{"start":{"line":26,"column":4},"end":{"line":34,"column":3}},"locations":[{"start":{"line":26,"column":4},"end":{"line":34,"column":3}}]},"9":{"type":"branch","line":28,"loc":{"start":{"line":28,"column":57},"end":{"line":32,"column":5}},"locations":[{"start":{"line":28,"column":57},"end":{"line":32,"column":5}}]},"10":{"type":"branch","line":32,"loc":{"start":{"line":32,"column":4},"end":{"line":34,"column":3}},"locations":[{"start":{"line":32,"column":4},"end":{"line":34,"column":3}}]},"11":{"type":"branch","line":37,"loc":{"start":{"line":37,"column":30},"end":{"line":48,"column":2}},"locations":[{"start":{"line":37,"column":30},"end":{"line":48,"column":2}}]},"12":{"type":"branch","line":40,"loc":{"start":{"line":40,"column":-2},"end":{"line":40,"column":31}},"locations":[{"start":{"line":40,"column":-2},"end":{"line":40,"column":31}}]},"13":{"type":"branch","line":40,"loc":{"start":{"line":40,"column":31},"end":{"line":44,"column":4}},"locations":[{"start":{"line":40,"column":31},"end":{"line":44,"column":4}}]},"14":{"type":"branch","line":44,"loc":{"start":{"line":44,"column":4},"end":{"line":47,"column":3}},"locations":[{"start":{"line":44,"column":4},"end":{"line":47,"column":3}}]},"15":{"type":"branch","line":50,"loc":{"start":{"line":50,"column":30},"end":{"line":61,"column":2}},"locations":[{"start":{"line":50,"column":30},"end":{"line":61,"column":2}}]},"16":{"type":"branch","line":53,"loc":{"start":{"line":53,"column":-2},"end":{"line":53,"column":18}},"locations":[{"start":{"line":53,"column":-2},"end":{"line":53,"column":18}}]},"17":{"type":"branch","line":53,"loc":{"start":{"line":53,"column":18},"end":{"line":55,"column":5}},"locations":[{"start":{"line":53,"column":18},"end":{"line":55,"column":5}}]},"18":{"type":"branch","line":55,"loc":{"start":{"line":55,"column":4},"end":{"line":57,"column":4}},"locations":[{"start":{"line":55,"column":4},"end":{"line":57,"column":4}}]},"19":{"type":"branch","line":57,"loc":{"start":{"line":57,"column":4},"end":{"line":60,"column":3}},"locations":[{"start":{"line":57,"column":4},"end":{"line":60,"column":3}}]},"20":{"type":"branch","line":63,"loc":{"start":{"line":63,"column":29},"end":{"line":80,"column":2}},"locations":[{"start":{"line":63,"column":29},"end":{"line":80,"column":2}}]},"21":{"type":"branch","line":68,"loc":{"start":{"line":68,"column":-2},"end":{"line":69,"column":18}},"locations":[{"start":{"line":68,"column":-2},"end":{"line":69,"column":18}}]},"22":{"type":"branch","line":69,"loc":{"start":{"line":69,"column":18},"end":{"line":79,"column":3}},"locations":[{"start":{"line":69,"column":18},"end":{"line":79,"column":3}}]},"23":{"type":"branch","line":82,"loc":{"start":{"line":82,"column":29},"end":{"line":98,"column":2}},"locations":[{"start":{"line":82,"column":29},"end":{"line":98,"column":2}}]},"24":{"type":"branch","line":87,"loc":{"start":{"line":87,"column":-2},"end":{"line":88,"column":18}},"locations":[{"start":{"line":87,"column":-2},"end":{"line":88,"column":18}}]},"25":{"type":"branch","line":88,"loc":{"start":{"line":88,"column":18},"end":{"line":97,"column":3}},"locations":[{"start":{"line":88,"column":18},"end":{"line":97,"column":3}}]},"26":{"type":"branch","line":100,"loc":{"start":{"line":100,"column":39},"end":{"line":118,"column":2}},"locations":[{"start":{"line":100,"column":39},"end":{"line":118,"column":2}}]},"27":{"type":"branch","line":109,"loc":{"start":{"line":109,"column":-2},"end":{"line":110,"column":18}},"locations":[{"start":{"line":109,"column":-2},"end":{"line":110,"column":18}}]},"28":{"type":"branch","line":110,"loc":{"start":{"line":110,"column":18},"end":{"line":117,"column":3}},"locations":[{"start":{"line":110,"column":18},"end":{"line":117,"column":3}}]},"29":{"type":"branch","line":120,"loc":{"start":{"line":120,"column":29},"end":{"line":141,"column":2}},"locations":[{"start":{"line":120,"column":29},"end":{"line":141,"column":2}}]},"30":{"type":"branch","line":123,"loc":{"start":{"line":123,"column":25},"end":{"line":125,"column":5}},"locations":[{"start":{"line":123,"column":25},"end":{"line":125,"column":5}}]},"31":{"type":"branch","line":125,"loc":{"start":{"line":125,"column":4},"end":{"line":134,"column":7}},"locations":[{"start":{"line":125,"column":4},"end":{"line":134,"column":7}}]},"32":{"type":"branch","line":135,"loc":{"start":{"line":135,"column":-2},"end":{"line":137,"column":4}},"locations":[{"start":{"line":135,"column":-2},"end":{"line":137,"column":4}}]},"33":{"type":"branch","line":137,"loc":{"start":{"line":137,"column":4},"end":{"line":140,"column":3}},"locations":[{"start":{"line":137,"column":4},"end":{"line":140,"column":3}}]}},"b":{"0":[9],"1":[8],"2":[7],"3":[3],"4":[6],"5":[5],"6":[5],"7":[2],"8":[4],"9":[1],"10":[3],"11":[5],"12":[2],"13":[1],"14":[3],"15":[10],"16":[7],"17":[3],"18":[4],"19":[3],"20":[3],"21":[2],"22":[1],"23":[3],"24":[2],"25":[1],"26":[3],"27":[2],"28":[1],"29":[8],"30":[5],"31":[3],"32":[2],"33":[1]},"fnMap":{"0":{"name":"createVehicle","decl":{"start":{"line":5,"column":29},"end":{"line":35,"column":2}},"loc":{"start":{"line":5,"column":29},"end":{"line":35,"column":2}},"line":5},"1":{"name":"getAllVehicles","decl":{"start":{"line":37,"column":30},"end":{"line":48,"column":2}},"loc":{"start":{"line":37,"column":30},"end":{"line":48,"column":2}},"line":37},"2":{"name":"getVehicleById","decl":{"start":{"line":50,"column":30},"end":{"line":61,"column":2}},"loc":{"start":{"line":50,"column":30},"end":{"line":61,"column":2}},"line":50},"3":{"name":"updateVehicle","decl":{"start":{"line":63,"column":29},"end":{"line":80,"column":2}},"loc":{"start":{"line":63,"column":29},"end":{"line":80,"column":2}},"line":63},"4":{"name":"deleteVehicle","decl":{"start":{"line":82,"column":29},"end":{"line":98,"column":2}},"loc":{"start":{"line":82,"column":29},"end":{"line":98,"column":2}},"line":82},"5":{"name":"searchByImmatriculation","decl":{"start":{"line":100,"column":39},"end":{"line":118,"column":2}},"loc":{"start":{"line":100,"column":39},"end":{"line":118,"column":2}},"line":100},"6":{"name":"filterByPrice","decl":{"start":{"line":120,"column":29},"end":{"line":141,"column":2}},"loc":{"start":{"line":120,"column":29},"end":{"line":141,"column":2}},"line":120}},"f":{"0":9,"1":5,"2":10,"3":3,"4":3,"5":3,"6":8}}
,"C:\\Users\\Jack\\Downloads\\Programs\\TP_INF352_API\\data\\seedData.js": {"path":"C:\\Users\\Jack\\Downloads\\Programs\\TP_INF352_API\\data\\seedData.js","all":false,"statementMap":{"0":{"start":{"line":1,"column":0},"end":{"line":1,"column":43}},"1":{"start":{"line":2,"column":0},"end":{"line":2,"column":49}},"2":{"start":{"line":3,"column":0},"end":{"line":3,"column":45}},"3":{"start":{"line":4,"column":0},"end":{"line":4,"column":28}},"4":{"start":{"line":5,"column":0},"end":{"line":5,"column":0}},"5":{"start":{"line":6,"column":0},"end":{"line":6,"column":42}},"6":{"start":{"line":7,"column":0},"end":{"line":7,"column":35}},"7":{"start":{"line":8,"column":0},"end":{"line":8,"column":67}},"8":{"start":{"line":9,"column":0},"end":{"line":9,"column":64}},"9":{"start":{"line":10,"column":0},"end":{"line":10,"column":48}},"10":{"start":{"line":11,"column":0},"end":{"line":11,"column":0}},"11":{"start":{"line":12,"column":0},"end":{"line":12,"column":22}},"12":{"start":{"line":13,"column":0},"end":{"line":13,"column":2}},"13":{"start":{"line":14,"column":0},"end":{"line":14,"column":32}},"14":{"start":{"line":15,"column":0},"end":{"line":15,"column":77}},"15":{"start":{"line":16,"column":0},"end":{"line":16,"column":74}},"16":{"start":{"line":17,"column":0},"end":{"line":17,"column":74}},"17":{"start":{"line":18,"column":0},"end":{"line":18,"column":70}},"18":{"start":{"line":19,"column":0},"end":{"line":19,"column":4}},"19":{"start":{"line":20,"column":0},"end":{"line":20,"column":19}},"20":{"start":{"line":21,"column":0},"end":{"line":21,"column":27}},"21":{"start":{"line":22,"column":0},"end":{"line":22,"column":25}},"22":{"start":{"line":23,"column":0},"end":{"line":23,"column":40}},"23":{"start":{"line":24,"column":0},"end":{"line":24,"column":26}},"24":{"start":{"line":25,"column":0},"end":{"line":25,"column":38}},"25":{"start":{"line":26,"column":0},"end":{"line":26,"column":7}},"26":{"start":{"line":27,"column":0},"end":{"line":27,"column":3}},"27":{"start":{"line":28,"column":0},"end":{"line":28,"column":2}},"28":{"start":{"line":29,"column":0},"end":{"line":29,"column":18}},"29":{"start":{"line":30,"column":0},"end":{"line":30,"column":2}},"30":{"start":{"line":31,"column":0},"end":{"line":31,"column":0}},"31":{"start":{"line":32,"column":0},"end":{"line":32,"column":34}},"32":{"start":{"line":33,"column":0},"end":{"line":33,"column":41}},"33":{"start":{"line":34,"column":0},"end":{"line":34,"column":87}},"34":{"start":{"line":35,"column":0},"end":{"line":35,"column":91}},"35":{"start":{"line":36,"column":0},"end":{"line":36,"column":70}},"36":{"start":{"line":37,"column":0},"end":{"line":37,"column":34}},"37":{"start":{"line":38,"column":0},"end":{"line":38,"column":0}},"38":{"start":{"line":39,"column":0},"end":{"line":39,"column":22}},"39":{"start":{"line":40,"column":0},"end":{"line":40,"column":2}},"40":{"start":{"line":41,"column":0},"end":{"line":41,"column":43}},"41":{"start":{"line":42,"column":0},"end":{"line":42,"column":17}},"42":{"start":{"line":43,"column":0},"end":{"line":43,"column":18}},"43":{"start":{"line":44,"column":0},"end":{"line":44,"column":46}},"44":{"start":{"line":45,"column":0},"end":{"line":45,"column":17}},"45":{"start":{"line":46,"column":0},"end":{"line":46,"column":5}},"46":{"start":{"line":47,"column":0},"end":{"line":47,"column":0}},"47":{"start":{"line":48,"column":0},"end":{"line":48,"column":26}},"48":{"start":{"line":49,"column":0},"end":{"line":49,"column":39}},"49":{"start":{"line":50,"column":0},"end":{"line":50,"column":80}},"50":{"start":{"line":51,"column":0},"end":{"line":51,"column":77}},"51":{"start":{"line":52,"column":0},"end":{"line":52,"column":71}},"52":{"start":{"line":53,"column":0},"end":{"line":53,"column":72}},"53":{"start":{"line":54,"column":0},"end":{"line":54,"column":4}},"54":{"start":{"line":55,"column":0},"end":{"line":55,"column":19}},"55":{"start":{"line":56,"column":0},"end":{"line":56,"column":66}},"56":{"start":{"line":57,"column":0},"end":{"line":57,"column":55}},"57":{"start":{"line":58,"column":0},"end":{"line":58,"column":72}},"58":{"start":{"line":59,"column":0},"end":{"line":59,"column":7}},"59":{"start":{"line":60,"column":0},"end":{"line":60,"column":3}},"60":{"start":{"line":61,"column":0},"end":{"line":61,"column":2}},"61":{"start":{"line":62,"column":0},"end":{"line":62,"column":18}},"62":{"start":{"line":63,"column":0},"end":{"line":63,"column":2}},"63":{"start":{"line":64,"column":0},"end":{"line":64,"column":0}},"64":{"start":{"line":65,"column":0},"end":{"line":65,"column":27}},"65":{"start":{"line":66,"column":0},"end":{"line":66,"column":41}},"66":{"start":{"line":67,"column":0},"end":{"line":67,"column":7}},"67":{"start":{"line":68,"column":0},"end":{"line":68,"column":40}},"68":{"start":{"line":69,"column":0},"end":{"line":69,"column":4}},"69":{"start":{"line":70,"column":0},"end":{"line":70,"column":22}},"70":{"start":{"line":71,"column":0},"end":{"line":71,"column":45}},"71":{"start":{"line":72,"column":0},"end":{"line":72,"column":67}},"72":{"start":{"line":73,"column":0},"end":{"line":73,"column":41}},"73":{"start":{"line":74,"column":0},"end":{"line":74,"column":70}},"74":{"start":{"line":75,"column":0},"end":{"line":75,"column":5}},"75":{"start":{"line":76,"column":0},"end":{"line":76,"column":19}},"76":{"start":{"line":77,"column":0},"end":{"line":77,"column":51}},"77":{"start":{"line":78,"column":0},"end":{"line":78,"column":16}},"78":{"start":{"line":79,"column":0},"end":{"line":79,"column":3}},"79":{"start":{"line":80,"column":0},"end":{"line":80,"column":2}},"80":{"start":{"line":81,"column":0},"end":{"line":81,"column":0}},"81":{"start":{"line":82,"column":0},"end":{"line":82,"column":19}},"82":{"start":{"line":83,"column":0},"end":{"line":83,"column":38}},"83":{"start":{"line":84,"column":0},"end":{"line":84,"column":7}},"84":{"start":{"line":85,"column":0},"end":{"line":85,"column":37}},"85":{"start":{"line":86,"column":0},"end":{"line":86,"column":4}},"86":{"start":{"line":87,"column":0},"end":{"line":87,"column":22}},"87":{"start":{"line":88,"column":0},"end":{"line":88,"column":90}},"88":{"start":{"line":89,"column":0},"end":{"line":89,"column":64}},"89":{"start":{"line":90,"column":0},"end":{"line":90,"column":38}},"90":{"start":{"line":91,"column":0},"end":{"line":91,"column":67}},"91":{"start":{"line":92,"column":0},"end":{"line":92,"column":6}},"92":{"start":{"line":93,"column":0},"end":{"line":93,"column":55}},"93":{"start":{"line":94,"column":0},"end":{"line":94,"column":91}},"94":{"start":{"line":95,"column":0},"end":{"line":95,"column":5}},"95":{"start":{"line":96,"column":0},"end":{"line":96,"column":19}},"96":{"start":{"line":97,"column":0},"end":{"line":97,"column":48}},"97":{"start":{"line":98,"column":0},"end":{"line":98,"column":16}},"98":{"start":{"line":99,"column":0},"end":{"line":99,"column":3}},"99":{"start":{"line":100,"column":0},"end":{"line":100,"column":2}},"100":{"start":{"line":101,"column":0},"end":{"line":101,"column":0}},"101":{"start":{"line":102,"column":0},"end":{"line":102,"column":23}},"102":{"start":{"line":103,"column":0},"end":{"line":103,"column":36}},"103":{"start":{"line":104,"column":0},"end":{"line":104,"column":7}},"104":{"start":{"line":105,"column":0},"end":{"line":105,"column":22}},"105":{"start":{"line":106,"column":0},"end":{"line":106,"column":25}},"106":{"start":{"line":107,"column":0},"end":{"line":107,"column":59}},"107":{"start":{"line":108,"column":0},"end":{"line":108,"column":19}},"108":{"start":{"line":109,"column":0},"end":{"line":109,"column":52}},"109":{"start":{"line":110,"column":0},"end":{"line":110,"column":16}},"110":{"start":{"line":111,"column":0},"end":{"line":111,"column":3}},"111":{"start":{"line":112,"column":0},"end":{"line":112,"column":2}}},"s":{"0":1,"1":1,"2":1,"3":1,"4":1,"5":1,"6":1,"7":6,"8":6,"9":6,"10":6,"11":6,"12":6,"13":6,"14":60,"15":60,"16":60,"17":60,"18":60,"19":60,"20":60,"21":60,"22":60,"23":60,"24":60,"25":60,"26":60,"27":6,"28":6,"29":6,"30":1,"31":1,"32":1,"33":7,"34":7,"35":7,"36":7,"37":7,"38":7,"39":7,"40":7,"41":7,"42":7,"43":7,"44":7,"45":7,"46":7,"47":7,"48":7,"49":28,"50":28,"51":28,"52":28,"53":28,"54":28,"55":28,"56":28,"57":28,"58":28,"59":28,"60":7,"61":7,"62":7,"63":1,"64":1,"65":1,"66":12,"67":12,"68":7,"69":12,"70":6,"71":6,"72":6,"73":2,"74":2,"75":12,"76":9,"77":9,"78":9,"79":12,"80":1,"81":1,"82":1,"83":14,"84":14,"85":9,"86":14,"87":7,"88":7,"89":7,"90":3,"91":3,"92":3,"93":3,"94":3,"95":14,"96":9,"97":9,"98":9,"99":14,"100":1,"101":1,"102":1,"103":3,"104":3,"105":2,"106":1,"107":3,"108":2,"109":2,"110":2,"111":3},"branchMap":{"0":{"type":"branch","line":7,"loc":{"start":{"line":7,"column":28},"end":{"line":30,"column":2}},"locations":[{"start":{"line":7,"column":28},"end":{"line":30,"column":2}}]},"1":{"type":"branch","line":14,"loc":{"start":{"line":14,"column":31},"end":{"line":27,"column":3}},"locations":[{"start":{"line":14,"column":31},"end":{"line":27,"column":3}}]},"2":{"type":"branch","line":33,"loc":{"start":{"line":33,"column":25},"end":{"line":63,"column":2}},"locations":[{"start":{"line":33,"column":25},"end":{"line":63,"column":2}}]},"3":{"type":"branch","line":49,"loc":{"start":{"line":49,"column":38},"end":{"line":60,"column":3}},"locations":[{"start":{"line":49,"column":38},"end":{"line":60,"column":3}}]},"4":{"type":"branch","line":53,"loc":{"start":{"line":53,"column":25},"end":{"line":53,"column":34}},"locations":[{"start":{"line":53,"column":25},"end":{"line":53,"column":34}}]},"5":{"type":"branch","line":53,"loc":{"start
[...]
olumn":4}},"20":{"start":{"line":21,"column":0},"end":{"line":21,"column":20}},"21":{"start":{"line":22,"column":0},"end":{"line":22,"column":11}},"22":{"start":{"line":23,"column":0},"end":{"line":23,"column":19}},"23":{"start":{"line":24,"column":0},"end":{"line":24,"column":49}},"24":{"start":{"line":25,"column":0},"end":{"line":25,"column":71}},"25":{"start":{"line":26,"column":0},"end":{"line":26,"column":3}},"26":{"start":{"line":27,"column":0},"end":{"line":27,"column":2}},"27":{"start":{"line":28,"column":0},"end":{"line":28,"column":0}},"28":{"start":{"line":29,"column":0},"end":{"line":29,"column":42}},"29":{"start":{"line":30,"column":0},"end":{"line":30,"column":30}},"30":{"start":{"line":31,"column":0},"end":{"line":31,"column":41}},"31":{"start":{"line":32,"column":0},"end":{"line":32,"column":61}},"32":{"start":{"line":33,"column":0},"end":{"line":33,"column":5}},"33":{"start":{"line":34,"column":0},"end":{"line":34,"column":11}},"34":{"start":{"line":35,"column":0},"end":{"line":35,"column":4}},"35":{"start":{"line":36,"column":0},"end":{"line":36,"column":2}}},"s":{"0":1,"1":1,"2":1,"3":1,"4":1,"5":5,"6":5,"7":5,"8":5,"9":5,"10":2,"11":2,"12":3,"13":3,"14":3,"15":2,"16":5,"17":1,"18":1,"19":1,"20":1,"21":1,"22":1,"23":1,"24":1,"25":1,"26":5,"27":1,"28":1,"29":3,"30":3,"31":2,"32":2,"33":1,"34":3,"35":3},"branchMap":{"0":{"type":"branch","line":5,"loc":{"start":{"line":5,"column":28},"end":{"line":27,"column":2}},"locations":[{"start":{"line":5,"column":28},"end":{"line":27,"column":2}}]},"1":{"type":"branch","line":8,"loc":{"start":{"line":8,"column":29},"end":{"line":8,"column":56}},"locations":[{"start":{"line":8,"column":29},"end":{"line":8,"column":56}}]},"2":{"type":"branch","line":10,"loc":{"start":{"line":10,"column":16},"end":{"line":12,"column":5}},"locations":[{"start":{"line":10,"column":16},"end":{"line":12,"column":5}}]},"3":{"type":"branch","line":12,"loc":{"start":{"line":12,"column":4},"end":{"line":15,"column":49}},"locations":[{"start":{"line":12,"column":4},"end":{"line":15,"column":49}}]},"4":{"type":"branch","line":16,"loc":{"start":{"line":16,"column":-2},"end":{"line":17,"column":15}},"locations":[{"start":{"line":16,"column":-2},"end":{"line":17,"column":15}}]},"5":{"type":"branch","line":17,"loc":{"start":{"line":17,"column":15},"end":{"line":26,"column":3}},"locations":[{"start":{"line":17,"column":15},"end":{"line":26,"column":3}}]},"6":{"type":"branch","line":29,"loc":{"start":{"line":29,"column":25},"end":{"line":36,"column":2}},"locations":[{"start":{"line":29,"column":25},"end":{"line":36,"column":2}}]},"7":{"type":"branch","line":30,"loc":{"start":{"line":30,"column":9},"end":{"line":35,"column":3}},"locations":[{"start":{"line":30,"column":9},"end":{"line":35,"column":3}}]},"8":{"type":"branch","line":31,"loc":{"start":{"line":31,"column":40},"end":{"line":33,"column":5}},"locations":[{"start":{"line":31,"column":40},"end":{"line":33,"column":5}}]},"9":{"type":"branch","line":33,"loc":{"start":{"line":33,"column":4},"end":{"line":35,"column":2}},"locations":[{"start":{"line":33,"column":4},"end":{"line":35,"column":2}}]}},"b":{"0":[5],"1":[4],"2":[2],"3":[3],"4":[2],"5":[1],"6":[3],"7":[3],"8":[2],"9":[1]},"fnMap":{"0":{"name":"authenticate","decl":{"start":{"line":5,"column":28},"end":{"line":27,"column":2}},"loc":{"start":{"line":5,"column":28},"end":{"line":27,"column":2}},"line":5},"1":{"name":"authorize","decl":{"start":{"line":29,"column":25},"end":{"line":36,"column":2}},"loc":{"start":{"line":29,"column":25},"end":{"line":36,"column":2}},"line":29}},"f":{"0":5,"1":3}}
,"C:\\Users\\Jack\\Downloads\\Programs\\TP_INF352_API\\middleware\\logger.js": {"path":"C:\\Users\\Jack\\Downloads\\Programs\\TP_INF352_API\\middleware\\logger.js","all":false,"statementMap":{"0":{"start":{"line":1,"column":0},"end":{"line":1,"column":24}},"1":{"start":{"line":2,"column":0},"end":{"line":2,"column":0}},"2":{"start":{"line":3,"column":0},"end":{"line":3,"column":21}},"3":{"start":{"line":4,"column":0},"end":{"line":4,"column":41}},"4":{"start":{"line":5,"column":0},"end":{"line":5,"column":14}},"5":{"start":{"line":6,"column":0},"end":{"line":6,"column":26}},"6":{"start":{"line":7,"column":0},"end":{"line":7,"column":14}},"7":{"start":{"line":8,"column":0},"end":{"line":8,"column":20}},"8":{"start":{"line":9,"column":0},"end":{"line":9,"column":5}},"9":{"start":{"line":10,"column":0},"end":{"line":10,"column":3}},"10":{"start":{"line":11,"column":0},"end":{"line":11,"column":3}},"11":{"start":{"line":12,"column":0},"end":{"line":12,"column":0}},"12":{"start":{"line":13,"column":0},"end":{"line":13,"column":22}}},"s":{"0":1,"1":1,"2":1,"3":1,"4":1,"5":1,"6":1,"7":1,"8":1,"9":1,"10":1,"11":1,"12":1},"branchMap":{},"b":{},"fnMap":{},"f":{}}
,"C:\\Users\\Jack\\Downloads\\Programs\\TP_INF352_API\\models\\user.model.js": {"path":"C:\\Users\\Jack\\Downloads\\Programs\\TP_INF352_API\\models\\user.model.js","all":false,"statementMap":{"0":{"start":{"line":1,"column":0},"end":{"line":1,"column":38}},"1":{"start":{"line":2,"column":0},"end":{"line":2,"column":40}},"2":{"start":{"line":3,"column":0},"end":{"line":3,"column":28}},"3":{"start":{"line":4,"column":0},"end":{"line":4,"column":0}},"4":{"start":{"line":5,"column":0},"end":{"line":5,"column":39}},"5":{"start":{"line":6,"column":0},"end":{"line":6,"column":7}},"6":{"start":{"line":7,"column":0},"end":{"line":7,"column":25}},"7":{"start":{"line":8,"column":0},"end":{"line":8,"column":35}},"8":{"start":{"line":9,"column":0},"end":{"line":9,"column":21}},"9":{"start":{"line":10,"column":0},"end":{"line":10,"column":4}},"10":{"start":{"line":11,"column":0},"end":{"line":11,"column":9}},"11":{"start":{"line":12,"column":0},"end":{"line":12,"column":27}},"12":{"start":{"line":13,"column":0},"end":{"line":13,"column":21}},"13":{"start":{"line":14,"column":0},"end":{"line":14,"column":17}},"14":{"start":{"line":15,"column":0},"end":{"line":15,"column":4}},"15":{"start":{"line":16,"column":0},"end":{"line":16,"column":0}},"16":{"start":{"line":17,"column":0},"end":{"line":17,"column":13}},"17":{"start":{"line":18,"column":0},"end":{"line":18,"column":27}},"18":{"start":{"line":19,"column":0},"end":{"line":19,"column":21}},"19":{"start":{"line":20,"column":0},"end":{"line":20,"column":4}},"20":{"start":{"line":21,"column":0},"end":{"line":21,"column":9}},"21":{"start":{"line":22,"column":0},"end":{"line":22,"column":42}},"22":{"start":{"line":23,"column":0},"end":{"line":23,"column":25}},"23":{"start":{"line":24,"column":0},"end":{"line":24,"column":4}},"24":{"start":{"line":25,"column":0},"end":{"line":25,"column":17}},"25":{"start":{"line":26,"column":0},"end":{"line":26,"column":27}},"26":{"start":{"line":27,"column":0},"end":{"line":27,"column":4}},"27":{"start":{"line":28,"column":0},"end":{"line":28,"column":4}},"28":{"start":{"line":29,"column":0},"end":{"line":29,"column":10}},"29":{"start":{"line":30,"column":0},"end":{"line":30,"column":33}},"30":{"start":{"line":31,"column":0},"end":{"line":31,"column":37}},"31":{"start":{"line":32,"column":0},"end":{"line":32,"column":61}},"32":{"start":{"line":33,"column":0},"end":{"line":33,"column":7}},"33":{"start":{"line":34,"column":0},"end":{"line":34,"column":6}},"34":{"start":{"line":35,"column":0},"end":{"line":35,"column":4}},"35":{"start":{"line":36,"column":0},"end":{"line":36,"column":19}},"36":{"start":{"line":37,"column":0},"end":{"line":37,"column":3}},"37":{"start":{"line":38,"column":0},"end":{"line":38,"column":0}},"38":{"start":{"line":39,"column":0},"end":{"line":39,"column":42}},"39":{"start":{"line":40,"column":0},"end":{"line":40,"column":60}},"40":{"start":{"line":41,"column":0},"end":{"line":41,"column":55}},"41":{"start":{"line":42,"column":0},"end":{"line":42,"column":2}},"42":{"start":{"line":43,"column":0},"end":{"line":43,"column":0}},"43":{"start":{"line":44,"column":0},"end":{"line":44,"column":20}}},"s":{"0":1,"1":1,"2":1,"3":1,"4":1,"5":1,"6":1,"7":1,"8":1,"9":1,"10":1,"11":1,"12":1,"13":1,"14":1,"15":1,"16":1,"17":1,"18":1,"19":1,"20":1,"21":1,"22":1,"23":1,"24":1,"25":1,"26":1,"27":1,"28":1,"29":1,"30":3,"31":2,"32":1,"33":1,"34":1,"35":1,"36":1,"37":1,"38":1,"39":1,"40":6,"41":6,"42":1,"43":1},"branchMap":{"0":{"type":"branch","line":30,"loc":{"start":{"line":30,"column":16},"end":{"line":34,"column":5}},"locations":[{"start":{"line":30,"column":16},"end":{"line":34,"column":5}}]},"1":{"type":"branch","line":31,"loc":{"start":{"line":31,"column":36},"end":{"line":33,"column":7}},"locations":[{"start":{"line":31,"column":36},"end":{"line":33,"column":7}}]},"2":{"type":"branch","line":33,"loc":{"start":{"line":33,"column":-2},"end":{"line":33,"column":7}},"locations":[{"start":{"line":33,"column":-2},"end":{"line":33,"column":7}}]},"3":{"type":"branch","line":40,"loc":{"start":{"line":40,"column":33},"end":{"line":42,"column":2}},"locations":[{"start":{"line":40,"column":33},"end":{"line":42,"column":2}}]}},"b":{"0":[3],"1":[2],"2":[1],"3":[6]},"fnMap":{"0":{"name":"beforeSave","decl":{"start":{"line":30,"column":16},"end":{"line":34,"column":5}},"loc":{"start":{"line":30,"column":16},"end":{"line":34,"column":5}},"line":30},"1":{"name":"User.comparePassword","decl":{"start":{"line":40,"column":33},"end":{"line":42,"column":2}},"loc":{"start":{"line":40,"column":33},"end":{"line":42,"column":2}},"line":40}},"f":{"0":3,"1":6}}
,"C:\\Users\\Jack\\Downloads\\Programs\\TP_INF352_API\\models\\vehicle.model.js": {"path":"C:\\Users\\Jack\\Downloads\\Programs\\TP_INF352_API\\models\\vehicle.model.js","all":false,"statementMap":{"0":{"start":{"line":1,"column":0},"end":{"line":1,"column":38}},"1":{"start":{"line":2,"column":0},"end":{"line":2,"column":40}},"2":{"start":{"line":3,"column":0},"end":{"line":3,"column":0}},"3":{"start":{"line":4,"column":0},"end":{"line":4,"column":45}},"4":{"start":{"line":5,"column":0},"end":{"line":5,"column":7}},"5":{"start":{"line":6,"column":0},"end":{"line":6,"column":25}},"6":{"start":{"line":7,"column":0},"end":{"line":7,"column":35}},"7":{"start":{"line":8,"column":0},"end":{"line":8,"column":21}},"8":{"start":{"line":9,"column":0},"end":{"line":9,"column":4}},"9":{"start":{"line":10,"column":0},"end":{"line":10,"column":11}},"10":{"start":{"line":11,"column":0},"end":{"line":11,"column":27}},"11":{"start":{"line":12,"column":0},"end":{"line":12,"column":21}},"12":{"start":{"line":13,"column":0},"end":{"line":13,"column":4}},"13":{"start":{"line":14,"column":0},"end":{"line":14,"column":10}},"14":{"start":{"line":15,"column":0},"end":{"line":15,"column":27}},"15":{"start":{"line":16,"column":0},"end":{"line":16,"column":21}},"16":{"start":{"line":17,"column":0},"end":{"line":17,"column":4}},"17":{"start":{"line":18,"column":0},"end":{"line":18,"column":20}},"18":{"start":{"line":19,"column":0},"end":{"line":19,"column":27}},"19":{"start":{"line":20,"column":0},"end":{"line":20,"column":21}},"20":{"start":{"line":21,"column":0},"end":{"line":21,"column":17}},"21":{"start":{"line":22,"column":0},"end":{"line":22,"column":4}},"22":{"start":{"line":23,"column":0},"end":{"line":23,"column":11}},"23":{"start":{"line":24,"column":0},"end":{"line":24,"column":28}},"24":{"start":{"line":25,"column":0},"end":{"line":25,"column":21}},"25":{"start":{"line":26,"column":0},"end":{"line":26,"column":4}},"26":{"start":{"line":27,"column":0},"end":{"line":27,"column":17}},"27":{"start":{"line":28,"column":0},"end":{"line":28,"column":26}},"28":{"start":{"line":29,"column":0},"end":{"line":29,"column":21}},"29":{"start":{"line":30,"column":0},"end":{"line":30,"column":4}},"30":{"start":{"line":31,"column":0},"end":{"line":31,"column":4}},"31":{"start":{"line":32,"column":0},"end":{"line":32,"column":19}},"32":{"start":{"line":33,"column":0},"end":{"line":33,"column":12}},"33":{"start":{"line":34,"column":0},"end":{"line":34,"column":5}},"34":{"start":{"line":35,"column":0},"end":{"line":35,"column":34}},"35":{"start":{"line":36,"column":0},"end":{"line":36,"column":19}},"36":{"start":{"line":37,"column":0},"end":{"line":37,"column":6}},"37":{"start":{"line":38,"column":0},"end":{"line":38,"column":5}},"38":{"start":{"line":39,"column":0},"end":{"line":39,"column":31}},"39":{"start":{"line":40,"column":0},"end":{"line":40,"column":5}},"40":{"start":{"line":41,"column":0},"end":{"line":41,"column":3}},"41":{"start":{"line":42,"column":0},"end":{"line":42,"column":3}},"42":{"start":{"line":43,"column":0},"end":{"line":43,"column":0}},"43":{"start":{"line":44,"column":0},"end":{"line":44,"column":23}}},"s":{"0":1,"1":1,"2":1,"3":1,"4":1,"5":1,"6":1,"7":1,"8":1,"9":1,"10":1,"11":1,"12":1,"13":1,"14":1,"15":1,"16":1,"17":1,"18":1,"19":1,"20":1,"21":1,"22":1,"23":1,"24":1,"25":1,"26":1,"27":1,"28":1,"29":1,"30":1,"31":1,"32":1,"33":1,"34":1,"35":1,"36":1,"37":1,"38":1,"39":1,"40":1,"41":1,"42":1,"43":1},"branchMap":{},"b":{},"fnMap":{},"f":{}}
,"C:\\Users\\Jack\\Downloads\\Programs\\TP_INF352_API\\routes\\auth.routes.js": {"path":"C:\\Users\\Jack\\Downloads\\Programs\\TP_INF352_API\\routes\\auth.routes.js","all":true,"statementMap":{"0":{"start":{"line":1,"column":0},"end":{"line":1,"column":33}},"1":{"start":{"line":2,"column":0},"end":{"line":2,"column":8}},"6":{"start":{"line":7,"column":0},"end":{"line":7,"column":43}},"7":{"start":{"line":8,"column":0},"end":{"line":8,"column":0}},"8":{"start":{"line":9,"column":0},"end":{"line":9,"column":24}},"9":{"start":{"line":10,"column":0},"end":{"line":10,"column":0}},"10":{"start":{"line":11,"column":0},"end":{"line":11,"column":35}},"11":{"start":{"line":12,"column":0},"end":{"line":12,"column":29}},"12":{"start":{"line":13,"column":0},"end":{"line":13,"column":38}},"13":{"start":{"line":14,"column":0},"end":{"line":14,"column":31}},"14":{"start":{"line":15,"column":0},"end":{"line":15,"column":0}},"15":{"start":{"line":16,"column":0},"end":{"line":16,"column":22}}},"s":{"0":0,"1":0,"6":0,"7":0,"8":0,"9":0,"10":0,"11":0,"12":0,"13":0,"14":0,"15":0},"branchMap":{"0":{"type":"branch","line":1,"loc":{"start":{"line":1,"column":335},"end":{"line":16,"column":22}},"locations":[{"start":{"line":1,"column":335},"end":{"line":16,"column":22}}]}},"b":{"0":[0]},"fnMap":{"0":{"name":"(empty-report)","decl":{"start":{"line":1,"column":335},"end":{"line":16,"column":22}},"loc":{"start":{"line":1,"column":335},"end":{"line":16,"column":22}},"line":1}},"f":{"0":0}}
,"C:\\Users\\Jack\\Downloads\\Programs\\TP_INF352_API\\routes\\user.routes.js": {"path":"C:\\Users\\Jack\\Downloads\\Programs\\TP_INF352_API\\routes\\user.routes.js","all":true,"statementMap":{"0":{"start":{"line":1,"column":0},"end":{"line":1,"column":33}},"1":{"start":{"line":2,"column":0},"end":{"line":2,"column":75}},"2":{"start":{"line":3,"column":0},"end":{"line":3,"column":8}},"8":{"start":{"line":9,"column":0},"end":{"line":9,"column":43}},"9":{"start":{"line":10,"column":0},"end":{"line":10,"column":0}},"10":{"start":{"line":11,"column":0},"end":{"line":11,"column":24}},"11":{"start":{"line":12,"column":0},"end":{"line":12,"column":0}},"12":{"start":{"line":13,"column":0},"end":{"line":13,"column":29}},"13":{"start":{"line":14,"column":0},"end":{"line":14,"column":25}},"14":{"start":{"line":15,"column":0},"end":{"line":15,"column":51}},"15":{"start":{"line":16,"column":0},"end":{"line":16,"column":48}},"16":{"start":{"line":17,"column":0},"end":{"line":17,"column":28}},"17":{"start":{"line":18,"column":0},"end":{"line":18,"column":31}},"18":{"start":{"line":19,"column":0},"end":{"line":19,"column":56}},"19":{"start":{"line":20,"column":0},"end":{"line":20,"column":0}},"20":{"start":{"line":21,"column":0},"end":{"line":21,"column":22}}},"s":{"0":0,"1":0,"2":0,"8":0,"9":0,"10":0,"11":0,"12":0,"13":0,"14":0,"15":0,"16":0,"17":0,"18":0,"19":0,"20":0},"branchMap":{"0":{"type":"branch","line":1,"loc":{"start":{"line":1,"column":572},"end":{"line":21,"column":22}},"locations":[{"start":{"line":1,"column":572},"end":{"line":21,"column":22}}]}},"b":{"0":[0]},"fnMap":{"0":{"name":"(empty-report)","decl":{"start":{"line":1,"column":572},"end":{"line":21,"column":22}},"loc":{"start":{"line":1,"column":572},"end":{"line":21,"column":22}},"line":1}},"f":{"0":0}}
,"C:\\Users\\Jack\\Downloads\\Programs\\TP_INF352_API\\routes\\vehicle.routes.js": {"path":"C:\\Users\\Jack\\Downloads\\Programs\\TP_INF352_API\\routes\\vehicle.routes.js","all":true,"statementMap":{"0":{"start":{"line":1,"column":0},"end":{"line":1,"column":33}},"1":{"start":{"line":2,"column":0},"end":{"line":2,"column":8}},"9":{"start":{"line":10,"column":0},"end":{"line":10,"column":46}},"10":{"start":{"line":11,"column":0},"end":{"line":11,"column":0}},"11":{"start":{"line":12,"column":0},"end":{"line":12,"column":24}},"12":{"start":{"line":13,"column":0},"end":{"line":13,"column":0}},"13":{"start":{"line":14,"column":0},"end":{"line":14,"column":32}},"14":{"start":{"line":15,"column":0},"end":{"line":15,"column":32}},"15":{"start":{"line":16,"column":0},"end":{"line":16,"column":35}},"16":{"start":{"line":17,"column":0},"end":{"line":17,"column":34}},"17":{"start":{"line":18,"column":0},"end":{"line":18,"column":37}},"18":{"start":{"line":19,"column":0},"end":{"line":19,"column":64}},"19":{"start":{"line":20,"column":0},"end":{"line":20,"column":46}},"20":{"start":{"line":21,"column":0},"end":{"line":21,"column":0}},"21":{"start":{"line":22,"column":0},"end":{"line":22,"column":22}}},"s":{"0":0,"1":0,"9":0,"10":0,"11":0,"12":0,"13":0,"14":0,"15":0,"16":0,"17":0,"18":0,"19":0,"20":0,"21":0},"branchMap":{"0":{"type":"branch","line":1,"loc":{"start":{"line":1,"column":578},"end":{"line":22,"column":22}},"locations":[{"start":{"line":1,"column":578},"end":{"line":22,"column":22}}]}},"b":{"0":[0]},"fnMap":{"0":{"name":"(empty-report)","decl":{"start":{"line":1,"column":578},"end":{"line":22,"column":22}},"loc":{"start":{"line":1,"column":578},"end":{"line":22,"column":22}},"line":1}},"f":{"0":0}}
,"C:\\Users\\Jack\\Downloads\\Programs\\TP_INF352_API\\utils\\initializeDatabase.js": {"path":"C:\\Users\\Jack\\Downloads\\Programs\\TP_INF352_API\\utils\\initializeDatabase.js","all":true,"statementMap":{"0":{"start":{"line":1,"column":0},"end":{"line":1,"column":30}},"1":{"start":{"line":2,"column":0},"end":{"line":2,"column":45}},"2":{"start":{"line":3,"column":0},"end":{"line":3,"column":44}},"3":{"start":{"line":4,"column":0},"end":{"line":4,"column":51}},"4":{"start":{"line":5,"column":0},"end":{"line":5,"column":0}},"5":{"start":{"line":6,"column":0},"end":{"line":6,"column":0}},"6":{"start":{"line":7,"column":0},"end":{"line":7,"column":47}},"7":{"start":{"line":8,"column":0},"end":{"line":8,"column":7}},"8":{"start":{"line":9,"column":0},"end":{"line":9,"column":32}},"9":{"start":{"line":10,"column":0},"end":{"line":10,"column":22}},"10":{"start":{"line":11,"column":0},"end":{"line":11,"column":4}},"11":{"start":{"line":12,"column":0},"end":{"line":12,"column":47}},"12":{"start":{"line":13,"column":0},"end":{"line":13,"column":25}},"13":{"start":{"line":14,"column":0},"end":{"line":14,"column":4}},"14":{"start":{"line":15,"column":0},"end":{"line":15,"column":64}},"15":{"start":{"line":16,"column":0},"end":{"line":16,"column":16}},"16":{"start":{"line":17,"column":0},"end":{"line":17,"column":19}},"17":{"start":{"line":18,"column":0},"end":{"line":18,"column":58}},"18":{"start":{"line":19,"column":0},"end":{"line":19,"column":20}},"19":{"start":{"line":20,"column":0},"end":{"line":20,"column":3}},"20":{"start":{"line":21,"column":0},"end":{"line":21,"column":2}}},"s":{"0":0,"1":0,"2":0,"3":0,"4":0,"5":0,"6":0,"7":0,"8":0,"9":0,"10":0,"11":0,"12":0,"13":0,"14":0,"15":0,"16":0,"17":0,"18":0,"19":0,"20":0},"branchMap":{"0":{"type":"branch","line":1,"loc":{"start":{"line":1,"column":580},"end":{"line":21,"column":2}},"locations":[{"start":{"line":1,"column":580},"end":{"line":21,"column":2}}]}},"b":{"0":[0]},"fnMap":{"0":{"name":"(empty-report)","decl":{"start":{"line":1,"column":580},"end":{"line":21,"column":2}},"loc":{"start":{"line":1,"column":580},"end":{"line":21,"column":2}},"line":1}},"f":{"0":0}}
}
