{"C:\\Users\\Jack\\Downloads\\inf352-propelize-groupe-2-main - Copie\\config\\db.js": {"path":"C:\\Users\\Jack\\Downloads\\inf352-propelize-groupe-2-main - Copie\\config\\db.js","all":false,"statementMap":{"1":{"start":{"line":2,"column":0},"end":{"line":2,"column":38}},"2":{"start":{"line":3,"column":0},"end":{"line":3,"column":45}},"4":{"start":{"line":5,"column":0},"end":{"line":5,"column":50}},"7":{"start":{"line":8,"column":0},"end":{"line":8,"column":32}},"8":{"start":{"line":9,"column":0},"end":{"line":9,"column":34}},"9":{"start":{"line":10,"column":0},"end":{"line":10,"column":51}},"10":{"start":{"line":11,"column":0},"end":{"line":11,"column":42}},"11":{"start":{"line":12,"column":0},"end":{"line":12,"column":36}},"12":{"start":{"line":13,"column":0},"end":{"line":13,"column":41}},"13":{"start":{"line":14,"column":0},"end":{"line":14,"column":3}},"14":{"start":{"line":15,"column":0},"end":{"line":15,"column":45}},"15":{"start":{"line":16,"column":0},"end":{"line":16,"column":38}},"16":{"start":{"line":17,"column":0},"end":{"line":17,"column":24}},"17":{"start":{"line":18,"column":0},"end":{"line":18,"column":38}},"18":{"start":{"line":19,"column":0},"end":{"line":19,"column":3}},"19":{"start":{"line":20,"column":0},"end":{"line":20,"column":2}},"21":{"start":{"line":22,"column":0},"end":{"line":22,"column":38}},"22":{"start":{"line":23,"column":0},"end":{"line":23,"column":7}},"23":{"start":{"line":24,"column":0},"end":{"line":24,"column":35}},"24":{"start":{"line":25,"column":0},"end":{"line":25,"column":85}},"25":{"start":{"line":26,"column":0},"end":{"line":26,"column":91}},"26":{"start":{"line":27,"column":0},"end":{"line":27,"column":19}},"27":{"start":{"line":28,"column":0},"end":{"line":28,"column":56}},"28":{"start":{"line":29,"column":0},"end":{"line":29,"column":20}},"29":{"start":{"line":30,"column":0},"end":{"line":30,"column":3}},"30":{"start":{"line":31,"column":0},"end":{"line":31,"column":2}},"32":{"start":{"line":33,"column":0},"end":{"line":33,"column":25}}},"s":{"1":1,"2":1,"4":1,"7":1,"8":1,"9":1,"10":0,"11":1,"12":1,"13":1,"14":1,"15":1,"16":1,"17":1,"18":1,"19":1,"21":1,"22":1,"23":1,"24":1,"25":1,"26":1,"27":0,"28":0,"29":0,"30":1,"32":1},"branchMap":{"0":{"type":"branch","line":10,"loc":{"start":{"line":10,"column":18},"end":{"line":10,"column":51}},"locations":[{"start":{"line":10,"column":18},"end":{"line":10,"column":51}}]},"1":{"type":"branch","line":10,"loc":{"start":{"line":10,"column":34},"end":{"line":11,"column":42}},"locations":[{"start":{"line":10,"column":34},"end":{"line":11,"column":42}}]},"2":{"type":"branch","line":12,"loc":{"start":{"line":12,"column":14},"end":{"line":12,"column":36}},"locations":[{"start":{"line":12,"column":14},"end":{"line":12,"column":36}}]},"3":{"type":"branch","line":13,"loc":{"start":{"line":13,"column":14},"end":{"line":13,"column":41}},"locations":[{"start":{"line":13,"column":14},"end":{"line":13,"column":41}}]},"4":{"type":"branch","line":15,"loc":{"start":{"line":15,"column":22},"end":{"line":15,"column":45}},"locations":[{"start":{"line":15,"column":22},"end":{"line":15,"column":45}}]},"5":{"type":"branch","line":16,"loc":{"start":{"line":16,"column":22},"end":{"line":16,"column":38}},"locations":[{"start":{"line":16,"column":22},"end":{"line":16,"column":38}}]},"6":{"type":"branch","line":18,"loc":{"start":{"line":18,"column":13},"end":{"line":18,"column":38}},"locations":[{"start":{"line":18,"column":13},"end":{"line":18,"column":38}}]},"7":{"type":"branch","line":22,"loc":{"start":{"line":22,"column":25},"end":{"line":31,"column":2}},"locations":[{"start":{"line":22,"column":25},"end":{"line":31,"column":2}}]},"8":{"type":"branch","line":26,"loc":{"start":{"line":26,"column":53},"end":{"line":26,"column":74}},"locations":[{"start":{"line":26,"column":53},"end":{"line":26,"column":74}}]},"9":{"type":"branch","line":27,"loc":{"start":{"line":27,"column":2},"end":{"line":30,"column":3}},"locations":[{"start":{"line":27,"column":2},"end":{"line":30,"column":3}}]}},"b":{"0":[0],"1":[0],"2":[0],"3":[0],"4":[0],"5":[0],"6":[487],"7":[1],"8":[0],"9":[0]},"fnMap":{"0":{"name":"logging","decl":{"start":{"line":18,"column":13},"end":{"line":18,"column":38}},"loc":{"start":{"line":18,"column":13},"end":{"line":18,"column":38}},"line":18},"1":{"name":"connectDB","decl":{"start":{"line":22,"column":25},"end":{"line":31,"column":2}},"loc":{"start":{"line":22,"column":25},"end":{"line":31,"column":2}},"line":22}},"f":{"0":487,"1":1}}
,"C:\\Users\\Jack\\Downloads\\inf352-propelize-groupe-2-main - Copie\\controllers\\auth.controller.js": {"path":"C:\\Users\\Jack\\Downloads\\inf352-propelize-groupe-2-main - Copie\\controllers\\auth.controller.js","all":false,"statementMap":{"1":{"start":{"line":2,"column":0},"end":{"line":2,"column":31}},"2":{"start":{"line":3,"column":0},"end":{"line":3,"column":43}},"3":{"start":{"line":4,"column":0},"end":{"line":4,"column":45}},"5":{"start":{"line":6,"column":0},"end":{"line":6,"column":34}},"6":{"start":{"line":7,"column":0},"end":{"line":7,"column":31}},"7":{"start":{"line":8,"column":0},"end":{"line":8,"column":37}},"8":{"start":{"line":9,"column":0},"end":{"line":9,"column":36}},"9":{"start":{"line":10,"column":0},"end":{"line":10,"column":24}},"10":{"start":{"line":11,"column":0},"end":{"line":11,"column":4}},"12":{"start":{"line":13,"column":0},"end":{"line":13,"column":32}},"13":{"start":{"line":14,"column":0},"end":{"line":14,"column":20}},"14":{"start":{"line":15,"column":0},"end":{"line":15,"column":37}},"15":{"start":{"line":16,"column":0},"end":{"line":16,"column":23}},"16":{"start":{"line":17,"column":0},"end":{"line":17,"column":4}},"18":{"start":{"line":19,"column":0},"end":{"line":19,"column":39}},"19":{"start":{"line":20,"column":0},"end":{"line":20,"column":2}},"21":{"start":{"line":22,"column":0},"end":{"line":22,"column":45}},"22":{"start":{"line":23,"column":0},"end":{"line":23,"column":7}},"23":{"start":{"line":24,"column":0},"end":{"line":24,"column":40}},"25":{"start":{"line":26,"column":0},"end":{"line":26,"column":29}},"26":{"start":{"line":27,"column":0},"end":{"line":27,"column":83}},"27":{"start":{"line":28,"column":0},"end":{"line":28,"column":5}},"29":{"start":{"line":30,"column":0},"end":{"line":30,"column":65}},"30":{"start":{"line":31,"column":0},"end":{"line":31,"column":23}},"31":{"start":{"line":32,"column":0},"end":{"line":32,"column":72}},"32":{"start":{"line":33,"column":0},"end":{"line":33,"column":5}},"34":{"start":{"line":35,"column":0},"end":{"line":35,"column":36}},"35":{"start":{"line":36,"column":0},"end":{"line":36,"column":11}},"36":{"start":{"line":37,"column":0},"end":{"line":37,"column":15}},"37":{"start":{"line":38,"column":0},"end":{"line":38,"column":18}},"38":{"start":{"line":39,"column":0},"end":{"line":39,"column":7}},"40":{"start":{"line":41,"column":0},"end":{"line":41,"column":63}},"42":{"start":{"line":43,"column":0},"end":{"line":43,"column":68}},"44":{"start":{"line":45,"column":0},"end":{"line":45,"column":44}},"45":{"start":{"line":46,"column":0},"end":{"line":46,"column":33}},"46":{"start":{"line":47,"column":0},"end":{"line":47,"column":18}},"47":{"start":{"line":48,"column":0},"end":{"line":48,"column":19}},"48":{"start":{"line":49,"column":0},"end":{"line":49,"column":13}},"49":{"start":{"line":50,"column":0},"end":{"line":50,"column":20}},"50":{"start":{"line":51,"column":0},"end":{"line":51,"column":24}},"51":{"start":{"line":52,"column":0},"end":{"line":52,"column":23}},"52":{"start":{"line":53,"column":0},"end":{"line":53,"column":7}},"53":{"start":{"line":54,"column":0},"end":{"line":54,"column":7}},"54":{"start":{"line":55,"column":0},"end":{"line":55,"column":19}},"55":{"start":{"line":56,"column":0},"end":{"line":56,"column":47}},"56":{"start":{"line":57,"column":0},"end":{"line":57,"column":34}},"57":{"start":{"line":58,"column":0},"end":{"line":58,"column":35}},"58":{"start":{"line":59,"column":0},"end":{"line":59,"column":79}},"59":{"start":{"line":60,"column":0},"end":{"line":60,"column":7}},"60":{"start":{"line":61,"column":0},"end":{"line":61,"column":3}},"61":{"start":{"line":62,"column":0},"end":{"line":62,"column":2}},"63":{"start":{"line":64,"column":0},"end":{"line":64,"column":42}},"64":{"start":{"line":65,"column":0},"end":{"line":65,"column":7}},"65":{"start":{"line":66,"column":0},"end":{"line":66,"column":40}},"67":{"start":{"line":68,"column":0},"end":{"line":68,"column":29}},"68":{"start":{"line":69,"column":0},"end":{"line":69,"column":83}},"69":{"start":{"line":70,"column":0},"end":{"line":70,"column":5}},"71":{"start":{"line":72,"column":0},"end":{"line":72,"column":57}},"72":{"start":{"line":73,"column":0},"end":{"line":73,"column":16}},"73":{"start":{"line":74,"column":0},"end":{"line":74,"column":68}},"74":{"start":{"line":75,"column":0},"end":{"line":75,"column":5}},"76":{"start":{"line":77,"column":0},"end":{"line":77,"column":57}},"77":{"start":{"line":78,"column":0},"end":{"line":78,"column":19}},"78":{"start":{"line":79,"column":0},"end":{"line":79,"column":68}},"79":{"start":{"line":80,"column":0},"end":{"line":80,"column":5}},"81":{"start":{"line":82,"column":0},"end":{"line":82,"column":63}},"83":{"start":{"line":84,"column":0},"end":{"line":84,"column":68}},"85":{"start":{"line":86,"column":0},"end":{"line":86,"column":43}},"86":{"start":{"line":87,"column":0},"end":{"line":87,"column":21}},"87":{"start":{"line":88,"column":0},"end":{"line":88,"column":18}},"88":{"start":{"line":89,"column":0},"end":{"line":89,"column":19}},"89":{"start":{"line":90,"column":0},"end":{"line":90,"column":13}},"90":{"start":{"line":91,"column":0},"end":{"line":91,"column":20}},"91":{"start":{"line":92,"column":0},"end":{"line":92,"column":24}},"92":{"start":{"line":93,"column":0},"end":{"line":93,"column":23}},"93":{"start":{"line":94,"column":0},"end":{"line":94,"column":7}},"94":{"start":{"line":95,"column":0},"end":{"line":95,"column":7}},"95":{"start":{"line":96,"column":0},"end":{"line":96,"column":19}},"96":{"start":{"line":97,"column":0},"end":{"line":97,"column":40}},"97":{"start":{"line":98,"column":0},"end":{"line":98,"column":34}},"98":{"start":{"line":99,"column":0},"end":{"line":99,"column":28}},"99":{"start":{"line":100,"column":0},"end":{"line":100,"column":79}},"100":{"start":{"line":101,"column":0},"end":{"line":101,"column":7}},"101":{"start":{"line":102,"column":0},"end":{"line":102,"column":3}},"102":{"start":{"line":103,"column":0},"end":{"line":103,"column":2}},"104":{"start":{"line":105,"column":0},"end":{"line":105,"column":49}},"105":{"start":{"line":106,"column":0},"end":{"line":106,"column":7}},"106":{"start":{"line":107,"column":0},"end":{"line":107,"column":38}},"108":{"start":{"line":109,"column":0},"end":{"line":109,"column":24}},"109":{"start":{"line":110,"column":0},"end":{"line":110,"column":74}},"110":{"start":{"line":111,"column":0},"end":{"line":111,"column":5}},"112":{"start":{"line":113,"column":0},"end":{"line":113,"column":79}},"113":{"start":{"line":114,"column":0},"end":{"line":114,"column":49}},"115":{"start":{"line":116,"column":0},"end":{"line":116,"column":54}},"116":{"start":{"line":117,"column":0},"end":{"line":117,"column":70}},"117":{"start":{"line":118,"column":0},"end":{"line":118,"column":5}},"119":{"start":{"line":120,"column":0},"end":{"line":120,"column":80}},"122":{"start":{"line":123,"column":0},"end":{"line":123,"column":85}},"124":{"start":{"line":125,"column":0},"end":{"line":125,"column":68}},"125":{"start":{"line":126,"column":0},"end":{"line":126,"column":19}},"126":{"start":{"line":127,"column":0},"end":{"line":127,"column":48}},"127":{"start":{"line":128,"column":0},"end":{"line":128,"column":60}},"128":{"start":{"line":129,"column":0},"end":{"line":129,"column":3}},"129":{"start":{"line":130,"column":0},"end":{"line":130,"column":2}},"131":{"start":{"line":132,"column":0},"end":{"line":132,"column":43}},"132":{"start":{"line":133,"column":0},"end":{"line":133,"column":7}},"133":{"start":{"line":134,"column":0},"end":{"line":134,"column":38}},"135":{"start":{"line":136,"column":0},"end":{"line":136,"column":24}},"136":{"start":{"line":137,"column":0},"end":{"line":137,"column":74}},"137":{"start":{"line":138,"column":0},"end":{"line":138,"column":5}},"139":{"start":{"line":140,"column":0},"end":{"line":140,"column":79}},"140":{"start":{"line":141,"column":0},"end":{"line":141,"column":77}},"142":{"start":{"line":143,"column":0},"end":{"line":143,"column":34}},"143":{"start":{"line":144,"column":0},"end":{"line":144,"column":19}},"144":{"start":{"line":145,"column":0},"end":{"line":145,"column":41}},"145":{"start":{"line":146,"column":0},"end":{"line":146,"column":68}},"146":{"start":{"line":147,"column":0},"end":{"line":147,"column":3}},"147":{"start":{"line":148,"column":0},"end":{"line":148,"column":2}}},"s":{"1":1,"2":1,"3":1,"5":1,"6":6,"7":6,"8":6,"9":6,"10":6,"12":6,"13":6,"14":6,"15":6,"16":6,"18":6,"19":6,"21":1,"22":12,"23":12,"25":12,"26":2,"27":2,"29":10,"30":12,"31":3,"32":3,"34":7,"35":7,"36":7,"37":7,"38":7,"40":2,"42":2,"44":2,"45":2,"46":2,"47":2,"48":2,"49":2,"50":2,"51":2,"52":2,"53":2,"54":12,"55":5,"56":5,"57":5,"58":5,"59":5,"60":5,"61":12,"63":1,"64":10,"65":10,"67":10,"68":2,"69":2,"71":8,"72":10,"73":1,"74":1,"76":4,"77":10,"78":2,"79":2,"81":2,"83":2,"85":2,"86":2,"87":2,"88":2,"89":2,"90":2,"91":2,"92":2,"93":2,"94":2,"95":10,"96":3,"97":3,"98":3,"99":3,"100":3,"101":3,"102":10,"104":1,"105":6,"106":6,"108":6,"109":1,"110":1,"112":5,"113":5,"115":6,"116":2,"117":2,"119":2,"122":2,"124":2,"125":2,"126":1,"127":1,"128":1,"129":6,"131":1,"132":7,"133":7,"135":7,"136":1,"137":1,"139":6,"140":6,"142":2,"143":7,"144":4,"145":4,"146":4,"147":7},"branchMap":{"0":{"type":"branch","line":6,"loc":{"start":{"line":6,"column":23},"end":{"line":20,"column":2}},"locations":[{"start":{"line":6,"column":23},"end":{"line":20,"column":2}}]},"1":{"type":"branch","line":22,"loc":{"start":{"line":22,"column":24},"end":{"line":62,"column":2}},"locations":[{"start":{"line":22,"column":24},"end":{"line":62,"column":2}}]},"2":{"type":"branch","line":26,"loc":{"start":{"line":26,"column":9},"end":{"line":26,"column":28}},"locations":[{"start":{"line":26,"column":9},"end":{"line":26,"column":28}}]},"3":{"type":"branch","line":26,"loc":{"start":{"line":26,"column":28},"end":{"line":28,"column":5}},"locations":[{"start":{"line":26,"column":28},"end":{"line":28,"column":5}}]},"4":{"type":"branch","line":28,"loc":{"start":{"line":28,"column":4},"end":{"line":31,"column":22}},"locations":[{"start":{"line":28,"column":4},"end":{"line":31,"column":22}}]},"5":{"type":"branch","line":31,"loc":{"start":{"line":31,"column":22},"end":{"line":33,"column":5}},"locations":[{"start":{"line":31,"column":22},"end":{"line":33,"column":5}}]},"6":{"type":"branch","line":33,"loc":{"start":{"line":33,"column":4},"end":{"line":55,"column":11}},"locations":[{"start":{"line":33,"column":4},"end":{"line":55,"column":11}}]},"7":{"type":"branch","line":33,"loc":{"start":{"line":33,"column":4},"end":{"line":39,"column":7}},"locations":[{"start":{"line":33,"column":4},"end":{"line":39,"column":7}}]},"8":{"type":"branch","line":39,"loc":{"start":{"line":39,"column":5},"end":{"line":55,"column":11}},"locations":[{"start":{"line":39,"column":5},"end":{"line":55,"column":11}}]},"9":{"type":"branch","line":55,"loc":{"start":{"line":55,"column":2},"end":{"line":61,"column":3}},"locations":[{"start":{"line":55,"column":2},"end":{"line":61,"column":3}}]},"10":{"type":"branch","line":59,"loc":{"start":{"line":59,"column":35},"end":{"line":59,"column":79}},"locations":[{"start":{"line":59,"column":35},"end":{"line":59,"column":79}}]},"11":{"type":"branch","line":64,"loc":{"start":{"line":64,"column":21},"end":{"line":103,"column":2}},"locations":[{"start":{"line":64,"column":21},"end":{"line":103,"column":2}}]},"12":{"type":"branch","line":68,"loc":{"start":{"line":68,"column":9},"end":{"line":68,"column":28}},"locations":[{"start":{"line":68,"column":9},"end":{"line":68,"column":28}}]},"13":{"type":"branch","line":68,"loc":{"start":{"line":68,"column":28},"end":{"line":70,"column":5}},"locations":[{"start":{"line":68,"column":28},"end":{"line":70,"column":5}}]},"14":{"type":"branch","line":70,"loc":{"start":{"line":70,"column":4},"end":{"line":72,"column":57}},"locations":[{"start":{"line":70,"column":4},"end":{"line":72,"column":57}}]},"15":{"type":"branch","line":72,"loc":{"start":{"line":72,"column":55},"end":{"line":73,"column":15}},"locations":[{"start":{"line":72,"column":55},"end":{"line":73,"column":15}}]},"16":{"type":"branch","line":73,"loc":{"start":{"line":73,"column":15},"end":{"line":75,"column":5}},"locations":[{"start":{"line":73,"column":15},"end":{"line":75,"column":5}}]},"17":{"type":"branch","line":75,"loc":{"start":{"line":75,"column":4},"end":{"line":78,"column":18}},"locations":[{"start":{"line":75,"column":4},"end":{"line":78,"column":18}}]},"18":{"type":"branch","line":78,"loc":{"start":{"line":78,"column":18},"end":{"line":96,"column":11}},"locations":[{"start":{"line":78,"column":18},"end":{"line":96,"column":11}}]},"19":{"type":"branch","line":96,"loc":{"start":{"line":96,"column":2},"end":{"line":102,"column":3}},"locations":[{"start":{"line":96,"column":2},"end":{"line":102,"column":3}}]},"20":{"type":"branch","line":100,"loc":{"start":{"line":100,"column":35},"end":{"line":100,"column":79}},"locations":[{"start":{"line":100,"column":35},"end":{"line":100,"column":79}}]},"21":{"type":"branch","line":105,"loc":{"start":{"line":105,"column":28},"end":{"line":130,"column":2}},"locations":[{"start":{"line":105,"column":28},"end":{"line":130,"column":2}}]},"22":{"type":"branch","line":109,"loc":{"start":{"line":109,"column":23},"end":{"line":111,"column":5}},"locations":[{"start":{"line":109,"column":23},"end":{"line":111,"column":5}}]},"23":{"type":"branch","line":111,"loc":{"start":{"line":111,"column":4},"end":{"line":114,"column":49}},"locations":[{"start":{"line":111,"column":4},"end":{"line":114,"column":49}}]},"24":{"type":"branch","line":114,"loc":{"start":{"line":114,"column":47},"end":{"line":116,"column":17}},"locations":[{"start":{"line":114,"column":47},"end":{"line":116,"column":17}}]},"25":{"type":"branch","line":116,"loc":{"start":{"line":116,"column":9},"end":{"line":116,"column":53}},"locations":[{"start":{"line":116,"column":9},"end":{"line":116,"column":53}}]},"26":{"type":"branch","line":116,"loc":{"start":{"line":116,"column":53},"end":{"line":129,"column":3}},"locations":[{"start":{"line":116,"column":53},"end":{"line":129,"column":3}}]},"27":{"type":"branch","line":126,"loc":{"start":{"line":126,"column":2},"end":{"line":129,"column":3}},"locations":[{"start":{"line":126,"column":2},"end":{"line":129,"column":3}}]},"28":{"type":"branch","line":132,"loc":{"start":{"line":132,"column":22},"end":{"line":148,"column":2}},"locations":[{"start":{"line":132,"column":22},"end":{"line":148,"column":2}}]},"29":{"type":"branch","line":136,"loc":{"start":{"line":136,"column":23},"end":{"line":138,"column":5}},"locations":[{"start":{"line":136,"column":23},"end":{"line":138,"column":5}}]},"30":{"type":"branch","line":138,"loc":{"start":{"line":138,"column":4},"end":{"line":141,"column":77}},"locations":[{"start":{"line":138,"column":4},"end":{"line":141,"column":77}}]},"31":{"type":"branch","line":141,"loc":{"start":{"line":141,"column":75},"end":{"line":144,"column":11}},"locations":[{"start":{"line":141,"column":75},"end":{"line":144,"column":11}}]},"32":{"type":"branch","line":144,"loc":{"start":{"line":144,"column":2},"end":{"line":147,"column":3}},"locations":[{"start":{"line":144,"column":2},"end":{"line":147,"column":3}}]}},"b":{"0":[6],"1":[12],"2":[11],"3":[2],"4":[10],"5":[3],"6":[10],"7":[7],"8":[2],"9":[5],"10":[1],"11":[10],"12":[9],"13":[2],"14":[8],"15":[5],"16":[1],"17":[4],"18":[2],"19":[3],"20":[0],"21":[6],"22":[1],"23":[5],"24":[4],"25":[3],"26":[2],"27":[1],"28":[7],"29":[1],"30":[6],"31":[2],"32":[4]},"fnMap":{"0":{"name":"generateTokens","decl":{"start":{"line":6,"column":23},"end":{"line":20,"column":2}},"loc":{"start":{"line":6,"column":23},"end":{"line":20,"column":2}},"line":6},"1":{"name":"register","decl":{"start":{"line":22,"column":24},"end":{"line":62,"column":2}},"loc":{"start":{"line":22,"column":24},"end":{"line":62,"column":2}},"line":22},"2":{"name":"login","decl":{"start":{"line":64,"column":21},"end":{"line":103,"column":2}},"loc":{"start":{"line":64,"column":21},"end":{"line":103,"column":2}},"line":64},"3":{"name":"refreshToken","decl":{"start":{"line":105,"column":28},"end":{"line":130,"column":2}},"loc":{"start":{"line":105,"column":28},"end":{"line":130,"column":2}},"line":105},"4":{"name":"logout","decl":{"start":{"line":132,"column":22},"end":{"line":148,"column":2}},"loc":{"start":{"line":132,"column":22},"end":{"line":148,"column":2}},"line":132}},"f":{"0":6,"1":12,"2":10,"3":6,"4":7}}
,"C:\\Users\\Jack\\Downloads\\inf352-propelize-groupe-2-main - Copie\\controllers\\user.controller.js": {"path":"C:\\Users\\Jack\\Downloads\\inf352-propelize-groupe-2-main - Copie\\controllers\\user.controller.js","all":false,"statementMap":{"0":{"start":{"line":1,"column":0},"end":{"line":1,"column":31}},"1":{"start":{"line":2,"column":0},"end":{"line":2,"column":43}},"2":{"start":{"line":3,"column":0},"end":{"line":3,"column":45}},"3":{"start":{"line":4,"column":0},"end":{"line":4,"column":28}},"4":{"start":{"line":5,"column":0},"end":{"line":5,"column":0}},"5":{"start":{"line":6,"column":0},"end":{"line":6,"column":27}},"6":{"start":{"line":7,"column":0},"end":{"line":7,"column":47}},"7":{"start":{"line":8,"column":0},"end":{"line":8,"column":7}},"8":{"start":{"line":9,"column":0},"end":{"line":9,"column":55}},"9":{"start":{"line":10,"column":0},"end":{"line":10,"column":0}},"10":{"start":{"line":11,"column":0},"end":{"line":11,"column":17}},"11":{"start":{"line":12,"column":0},"end":{"line":12,"column":29}},"12":{"start":{"line":13,"column":0},"end":{"line":13,"column":36}},"13":{"start":{"line":14,"column":0},"end":{"line":14,"column":48}},"14":{"start":{"line":15,"column":0},"end":{"line":15,"column":9}},"15":{"start":{"line":16,"column":0},"end":{"line":16,"column":5}},"16":{"start":{"line":17,"column":0},"end":{"line":17,"column":0}},"17":{"start":{"line":18,"column":0},"end":{"line":18,"column":45}},"18":{"start":{"line":19,"column":0},"end":{"line":19,"column":65}},"19":{"start":{"line":20,"column":0},"end":{"line":20,"column":23}},"20":{"start":{"line":21,"column":0},"end":{"line":21,"column":72}},"21":{"start":{"line":22,"column":0},"end":{"line":22,"column":5}},"22":{"start":{"line":23,"column":0},"end":{"line":23,"column":0}},"23":{"start":{"line":24,"column":0},"end":{"line":24,"column":18}},"24":{"start":{"line":25,"column":0},"end":{"line":25,"column":36}},"25":{"start":{"line":26,"column":0},"end":{"line":26,"column":11}},"26":{"start":{"line":27,"column":0},"end":{"line":27,"column":51}},"27":{"start":{"line":28,"column":0},"end":{"line":28,"column":10}},"28":{"start":{"line":29,"column":0},"end":{"line":29,"column":7}},"29":{"start":{"line":30,"column":0},"end":{"line":30,"column":0}},"30":{"start":{"line":31,"column":0},"end":{"line":31,"column":53}},"31":{"start":{"line":32,"column":0},"end":{"line":32,"column":26}},"32":{"start":{"line":33,"column":0},"end":{"line":33,"column":18}},"33":{"start":{"line":34,"column":0},"end":{"line":34,"column":22}},"34":{"start":{"line":35,"column":0},"end":{"line":35,"column":22}},"35":{"start":{"line":36,"column":0},"end":{"line":36,"column":31}},"36":{"start":{"line":37,"column":0},"end":{"line":37,"column":6}},"37":{"start":{"line":38,"column":0},"end":{"line":38,"column":0}},"38":{"start":{"line":39,"column":0},"end":{"line":39,"column":55}},"39":{"start":{"line":40,"column":0},"end":{"line":40,"column":46}},"40":{"start":{"line":41,"column":0},"end":{"line":41,"column":19}},"41":{"start":{"line":42,"column":0},"end":{"line":42,"column":46}},"42":{"start":{"line":43,"column":0},"end":{"line":43,"column":4}},"43":{"start":{"line":44,"column":0},"end":{"line":44,"column":52}},"44":{"start":{"line":45,"column":0},"end":{"line":45,"column":36}},"45":{"start":{"line":46,"column":0},"end":{"line":46,"column":34}},"46":{"start":{"line":47,"column":0},"end":{"line":47,"column":50}},"47":{"start":{"line":48,"column":0},"end":{"line":48,"column":9}},"48":{"start":{"line":49,"column":0},"end":{"line":49,"column":5}},"49":{"start":{"line":50,"column":0},"end":{"line":50,"column":4}},"50":{"start":{"line":51,"column":0},"end":{"line":51,"column":68}},"51":{"start":{"line":52,"column":0},"end":{"line":52,"column":3}},"52":{"start":{"line":53,"column":0},"end":{"line":53,"column":2}},"53":{"start":{"line":54,"column":0},"end":{"line":54,"column":0}},"54":{"start":{"line":55,"column":0},"end":{"line":55,"column":45}},"55":{"start":{"line":56,"column":0},"end":{"line":56,"column":7}},"56":{"start":{"line":57,"column":0},"end":{"line":57,"column":68}},"57":{"start":{"line":58,"column":0},"end":{"line":58,"column":38}},"58":{"start":{"line":59,"column":0},"end":{"line":59,"column":54}},"59":{"start":{"line":60,"column":0},"end":{"line":60,"column":36}},"60":{"start":{"line":61,"column":0},"end":{"line":61,"column":7}},"61":{"start":{"line":62,"column":0},"end":{"line":62,"column":0}},"62":{"start":{"line":63,"column":0},"end":{"line":63,"column":27}},"63":{"start":{"line":64,"column":0},"end":{"line":64,"column":19}},"64":{"start":{"line":65,"column":0},"end":{"line":65,"column":44}},"65":{"start":{"line":66,"column":0},"end":{"line":66,"column":68}},"66":{"start":{"line":67,"column":0},"end":{"line":67,"column":3}},"67":{"start":{"line":68,"column":0},"end":{"line":68,"column":2}},"68":{"start":{"line":69,"column":0},"end":{"line":69,"column":0}},"69":{"start":{"line":70,"column":0},"end":{"line":70,"column":44}},"70":{"start":{"line":71,"column":0},"end":{"line":71,"column":7}},"71":{"start":{"line":72,"column":0},"end":{"line":72,"column":66}},"72":{"start":{"line":73,"column":0},"end":{"line":73,"column":53}},"73":{"start":{"line":74,"column":0},"end":{"line":74,"column":53}},"74":{"start":{"line":75,"column":0},"end":{"line":75,"column":7}},"75":{"start":{"line":76,"column":0},"end":{"line":76,"column":0}},"76":{"start":{"line":77,"column":0},"end":{"line":77,"column":16}},"77":{"start":{"line":78,"column":0},"end":{"line":78,"column":63}},"78":{"start":{"line":79,"column":0},"end":{"line":79,"column":5}},"79":{"start":{"line":80,"column":0},"end":{"line":80,"column":0}},"80":{"start":{"line":81,"column":0},"end":{"line":81,"column":56}},"81":{"start":{"line":82,"column":0},"end":{"line":82,"column":63}},"82":{"start":{"line":83,"column":0},"end":{"line":83,"column":68}},"83":{"start":{"line":84,"column":0},"end":{"line":84,"column":5}},"84":{"start":{"line":85,"column":0},"end":{"line":85,"column":0}},"85":{"start":{"line":86,"column":0},"end":{"line":86,"column":26}},"86":{"start":{"line":87,"column":0},"end":{"line":87,"column":19}},"87":{"start":{"line":88,"column":0},"end":{"line":88,"column":43}},"88":{"start":{"line":89,"column":0},"end":{"line":89,"column":68}},"89":{"start":{"line":90,"column":0},"end":{"line":90,"column":3}},"90":{"start":{"line":91,"column":0},"end":{"line":91,"column":2}},"91":{"start":{"line":92,"column":0},"end":{"line":92,"column":0}},"92":{"start":{"line":93,"column":0},"end":{"line":93,"column":47}},"93":{"start":{"line":94,"column":0},"end":{"line":94,"column":7}},"94":{"start":{"line":95,"column":0},"end":{"line":95,"column":30}},"95":{"start":{"line":96,"column":0},"end":{"line":96,"column":46}},"96":{"start":{"line":97,"column":0},"end":{"line":97,"column":0}},"97":{"start":{"line":98,"column":0},"end":{"line":98,"column":20}},"98":{"start":{"line":99,"column":0},"end":{"line":99,"column":41}},"99":{"start":{"line":100,"column":0},"end":{"line":100,"column":16}},"100":{"start":{"line":101,"column":0},"end":{"line":101,"column":63}},"101":{"start":{"line":102,"column":0},"end":{"line":102,"column":5}},"102":{"start":{"line":103,"column":0},"end":{"line":103,"column":0}},"103":{"start":{"line":104,"column":0},"end":{"line":104,"column":56}},"104":{"start":{"line":105,"column":0},"end":{"line":105,"column":63}},"105":{"start":{"line":106,"column":0},"end":{"line":106,"column":68}},"106":{"start":{"line":107,"column":0},"end":{"line":107,"column":5}},"107":{"start":{"line":108,"column":0},"end":{"line":108,"column":0}},"108":{"start":{"line":109,"column":0},"end":{"line":109,"column":37}},"109":{"start":{"line":110,"column":0},"end":{"line":110,"column":68}},"110":{"start":{"line":111,"column":0},"end":{"line":111,"column":76}},"111":{"start":{"line":112,"column":0},"end":{"line":112,"column":5}},"112":{"start":{"line":113,"column":0},"end":{"line":113,"column":0}},"113":{"start":{"line":114,"column":0},"end":{"line":114,"column":26}},"114":{"start":{"line":115,"column":0},"end":{"line":115,"column":26}},"115":{"start":{"line":116,"column":0},"end":{"line":116,"column":37}},"116":{"start":{"line":117,"column":0},"end":{"line":117,"column":72}},"117":{"start":{"line":118,"column":0},"end":{"line":118,"column":66}},"118":{"start":{"line":119,"column":0},"end":{"line":119,"column":0}},"119":{"start":{"line":120,"column":0},"end":{"line":120,"column":40}},"120":{"start":{"line":121,"column":0},"end":{"line":121,"column":47}},"121":{"start":{"line":122,"column":0},"end":{"line":122,"column":74}},"122":{"start":{"line":123,"column":0},"end":{"line":123,"column":5}},"123":{"start":{"line":124,"column":0},"end":{"line":124,"column":0}},"124":{"start":{"line":125,"column":0},"end":{"line":125,"column":53}},"125":{"start":{"line":126,"column":0},"end":{"line":126,"column":0}},"126":{"start":{"line":127,"column":0},"end":{"line":127,"column":48}},"127":{"start":{"line":128,"column":0},"end":{"line":128,"column":49}},"128":{"start":{"line":129,"column":0},"end":{"line":129,"column":53}},"129":{"start":{"line":130,"column":0},"end":{"line":130,"column":7}},"130":{"start":{"line":131,"column":0},"end":{"line":131,"column":0}},"131":{"start":{"line":132,"column":0},"end":{"line":132,"column":53}},"132":{"start":{"line":133,"column":0},"end":{"line":133,"column":33}},"133":{"start":{"line":134,"column":0},"end":{"line":134,"column":19}},"134":{"start":{"line":135,"column":0},"end":{"line":135,"column":46}},"135":{"start":{"line":136,"column":0},"end":{"line":136,"column":4}},"136":{"start":{"line":137,"column":0},"end":{"line":137,"column":58}},"137":{"start":{"line":138,"column":0},"end":{"line":138,"column":72}},"138":{"start":{"line":139,"column":0},"end":{"line":139,"column":5}},"139":{"start":{"line":140,"column":0},"end":{"line":140,"column":4}},"140":{"start":{"line":141,"column":0},"end":{"line":141,"column":68}},"141":{"start":{"line":142,"column":0},"end":{"line":142,"column":3}},"142":{"start":{"line":143,"column":0},"end":{"line":143,"column":2}},"143":{"start":{"line":144,"column":0},"end":{"line":144,"column":0}},"144":{"start":{"line":145,"column":0},"end":{"line":145,"column":47}},"145":{"start":{"line":146,"column":0},"end":{"line":146,"column":9}},"146":{"start":{"line":147,"column":0},"end":{"line":147,"column":32}},"147":{"start":{"line":148,"column":0},"end":{"line":148,"column":2}},"148":{"start":{"line":149,"column":0},"end":{"line":149,"column":22}},"149":{"start":{"line":150,"column":0},"end":{"line":150,"column":43}},"150":{"start":{"line":151,"column":0},"end":{"line":151,"column":18}},"151":{"start":{"line":152,"column":0},"end":{"line":152,"column":65}},"152":{"start":{"line":153,"column":0},"end":{"line":153,"column":7}},"153":{"start":{"line":154,"column":0},"end":{"line":154,"column":2}},"154":{"start":{"line":155,"column":0},"end":{"line":155,"column":47}},"155":{"start":{"line":156,"column":0},"end":{"line":156,"column":36}},"156":{"start":{"line":157,"column":0},"end":{"line":157,"column":81}},"157":{"start":{"line":158,"column":0},"end":{"line":158,"column":7}},"158":{"start":{"line":159,"column":0},"end":{"line":159,"column":2}},"159":{"start":{"line":160,"column":0},"end":{"line":160,"column":44}},"160":{"start":{"line":161,"column":0},"end":{"line":161,"column":2}},"161":{"start":{"line":162,"column":0},"end":{"line":162,"column":48}},"162":{"start":{"line":163,"column":0},"end":{"line":163,"column":36}},"163":{"start":{"line":164,"column":0},"end":{"line":164,"column":62}},"164":{"start":{"line":165,"column":0},"end":{"line":165,"column":9}},"165":{"start":{"line":166,"column":0},"end":{"line":166,"column":21}},"166":{"start":{"line":167,"column":0},"end":{"line":167,"column":48}},"167":{"start":{"line":168,"column":0},"end":{"line":168,"column":70}},"168":{"start":{"line":169,"column":0},"end":{"line":169,"column":5}},"169":{"start":{"line":170,"column":0},"end":{"line":170,"column":4}},"170":{"start":{"line":171,"column":0},"end":{"line":171,"column":0}},"171":{"start":{"line":172,"column":0},"end":{"line":172,"column":27}},"172":{"start":{"line":173,"column":0},"end":{"line":173,"column":51}},"173":{"start":{"line":174,"column":0},"end":{"line":174,"column":7}},"174":{"start":{"line":175,"column":0},"end":{"line":175,"column":51}},"175":{"start":{"line":176,"column":0},"end":{"line":176,"column":53}},"176":{"start":{"line":177,"column":0},"end":{"line":177,"column":7}},"177":{"start":{"line":178,"column":0},"end":{"line":178,"column":4}},"178":{"start":{"line":179,"column":0},"end":{"line":179,"column":16}},"179":{"start":{"line":180,"column":0},"end":{"line":180,"column":63}},"180":{"start":{"line":181,"column":0},"end":{"line":181,"column":5}},"181":{"start":{"line":182,"column":0},"end":{"line":182,"column":4}},"182":{"start":{"line":183,"column":0},"end":{"line":183,"column":26}},"183":{"start":{"line":184,"column":0},"end":{"line":184,"column":19}},"184":{"start":{"line":185,"column":0},"end":{"line":185,"column":51}},"185":{"start":{"line":186,"column":0},"end":{"line":186,"column":68}},"186":{"start":{"line":187,"column":0},"end":{"line":187,"column":3}},"187":{"start":{"line":188,"column":0},"end":{"line":188,"column":2}}},"s":{"0":1,"1":1,"2":1,"3":1,"4":1,"5":1,"6":1,"7":10,"8":10,"9":10,"10":10,"11":10,"12":2,"13":2,"14":2,"15":2,"16":8,"17":8,"18":8,"19":10,"20":1,"21":1,"22":7,"23":7,"24":7,"25":7,"26":7,"27":7,"28":7,"29":3,"30":3,"31":3,"32":3,"33":3,"34":3,"35":3,"36":3,"37":3,"38":3,"39":3,"40":10,"41":4,"42":4,"43":4,"44":1,"45":1,"46":1,"47":1,"48":1,"49":3,"50":3,"51":3,"52":10,"53":1,"54":1,"55":6,"56":6,"57":6,"58":6,"59":6,"60":6,"61":3,"62":3,"63":3,"64":3,"65":3,"66":3,"67":6,"68":1,"69":1,"70":8,"71":8,"72":8,"73":8,"74":8,"75":5,"76":8,"77":1,"78":1,"79":4,"80":4,"81":8,"82":1,"83":1,"84":3,"85":3,"86":3,"87":3,"88":3,"89":3,"90":8,"91":1,"92":1,"93":11,"94":11,"95":11,"96":11,"97":11,"98":11,"99":11,"100":1,"101":1,"102":10,"103":10,"104":11,"105":1,"106":1,"107":9,"108":9,"109":11,"110":1,"111":1,"112":8,"113":8,"114":8,"115":11,"116":11,"117":11,"118":8,"119":8,"120":11,"121":1,"122":1,"123":7,"124":7,"125":3,"126":3,"127":3,"128":3,"129":3,"130":3,"131":3,"132":3,"133":11,"134":4,"135":4,"136":4,"137":1,"138":1,"139":3,"140":3,"141":3,"142":11,"143":1,"144":1,"145":5,"146":5,"147":5,"148":5,"149":5,"150":5,"151":1,"152":1,"153":4,"154":4,"155":5,"156":1,"157":1,"158":3,"159":3,"160":2,"161":2,"162":2,"163":2,"164":2,"165":2,"166":1,"167":1,"168":1,"169":1,"170":1,"171":1,"172":1,"173":5,"174":5,"175":5,"176":5,"177":2,"178":5,"179":1,"180":1,"181":1,"182":1,"183":5,"184":3,"185":3,"186":3,"187":5},"branchMap":{"0":{"type":"branch","line":7,"loc":{"start":{"line":7,"column":26},"end":{"line":53,"column":2}},"locations":[{"start":{"line":7,"column":26},"end":{"line":53,"column":2}}]},"1":{"type":"branch","line":12,"loc":{"start":{"line":12,"column":14},"end":{"line":12,"column":26}},"locations":[{"start":{"line":12,"column":14},"end":{"line":12,"column":26}}]},"2":{"type":"branch","line":12,"loc":{"start":{"line":12,"column":28},"end":{"line":16,"column":5}},"locations":[{"start":{"line":12,"column":28},"end":{"line":16,"column":5}}]},"3":{"type":"branch","line":16,"loc":{"start":{"line":16,"column":4},"end":{"line":20,"column":22}},"locations":[{"start":{"line":16,"column":4},"end":{"line":20,"column":22}}]},"4":{"type":"branch","line":20,"loc":{"start":{"line":20,"column":22},"end":{"line":22,"column":5}},"locations":[{"start":{"line":20,"column":22},"end":{"line":22,"column":5}}]},"5":{"type":"branch","line":22,"loc":{"start":{"line":22,"column":4},"end":{"line":29,"column":7}},"locations":[{"start":{"line":22,"column":4},"end":{"line":29,"column":7}}]},"6":{"type":"branch","line":30,"loc":{"start":{"line":30,"column":-2},"end":{"line":41,"column":4}},"locations":[{"start":{"line":30,"column":-2},"end":{"line":41,"column":4}}]},"7":{"type":"branch","line":41,"loc":{"start":{"line":41,"column":4},"end":{"line":52,"column":3}},"locations":[{"start":{"line":41,"column":4},"end":{"line":52,"column":3}}]},"8":{"type":"branch","line":44,"loc":{"start":{"line":44,"column":51},"end":{"line":49,"column":5}},"locations":[{"start":{"line":44,"column":51},"end":{"line":49,"column":5}}]},"9":{"type":"branch","line":49,"loc":{"start":{"line":49,"column":4},"end":{"line":52,"column":3}},"locations":[{"start":{"line":49,"column":4},"end":{"line":52,"column":3}}]},"10":{"type":"branch","line":47,"loc":{"start":{"line":47,"column":34},"end":{"line":47,"column":48}},"locations":[{"start":{"line":47,"column":34},"end":{"line":47,"column":48}}]},"11":{"type":"branch","line":55,"loc":{"start":{"line":55,"column":24},"end":{"line":68,"column":2}},"locations":[{"start":{"line":55,"column":24},"end":{"line":68,"column":2}}]},"12":{"type":"branch","line":62,"loc":{"start":{"line":62,"column":-2},"end":{"line":67,"column":3}},"locations":[{"start":{"line":62,"column":-2},"end":{"line":67,"column":3}}]},"13":{"type":"branch","line":70,"loc":{"start":{"line":70,"column":23},"end":{"line":91,"column":2}},"locations":[{"start":{"line":70,"column":23},"end":{"line":91,"column":2}}]},"14":{"type":"branch","line":76,"loc":{"start":{"line":76,"column":-2},"end":{"line":77,"column":15}},"locations":[{"start":{"line":76,"column":-2},"end":{"line":77,"column":15}}]},"15":{"type":"branch","line":77,"loc":{"start":{"line":77,"column":15},"end":{"line":79,"column":5}},"locations":[{"start":{"line":77,"column":15},"end":{"line":79,"column":5}}]},"16":{"type":"branch","line":79,"loc":{"start":{"line":79,"column":4},"end":{"line":82,"column":34}},"locations":[{"start":{"line":79,"column":4},"end":{"line":82,"column":34}}]},"17":{"type":"branch","line":82,"loc":{"start":{"line":82,"column":34},"end":{"line":82,"column":60}},"locations":[{"start":{"line":82,"column":34},"end":{"line":82,"column":60}}]},"18":{"type":"branch","line":82,"loc":{"start":{"line":82,"column":62},"end":{"line":84,"column":5}},"locations":[{"start":{"line":82,"column":62},"end":{"line":84,"column":5}}]},"19":{"type":"branch","line":84,"loc":{"start":{"line":84,"column":4},"end":{"line":90,"column":3}},"locations":[{"start":{"line":84,"column":4},"end":{"line":90,"column":3}}]},"20":{"type":"branch","line":93,"loc":{"start":{"line":93,"column":26},"end":{"line":143,"column":2}},"locations":[{"start":{"line":93,"column":26},"end":{"line":143,"column":2}}]},"21":{"type":"branch","line":100,"loc":{"start":{"line":100,"column":15},"end":{"line":102,"column":5}},"locations":[{"start":{"line":100,"column":15},"end":{"line":102,"column":5}}]},"22":{"type":"branch","line":102,"loc":{"start":{"line":102,"column":4},"end":{"line":105,"column":34}},"locations":[{"start":{"line":102,"column":4},"end":{"line":105,"column":34}}]},"23":{"type":"branch","line":105,"loc":{"start":{"line":105,"column":34},"end":{"line":105,"column":60}},"locations":[{"start":{"line":105,"column":34},"end":{"line":105,"column":60}}]},"24":{"type":"branch","line":105,"loc":{"start":{"line":105,"column":62},"end":{"line":107,"column":5}},"locations":[{"start":{"line":105,"column":62},"end":{"line":107,"column":5}}]},"25":{"type":"branch","line":107,"loc":{"start":{"line":107,"column":4},"end":{"line":110,"column":32}},"locations":[{"start":{"line":107,"column":4},"end":{"line":110,"column":32}}]},"26":{"type":"branch","line":110,"loc":{"start":{"line":110,"column":32},"end":{"line":110,"column":39}},"locations":[{"start":{"line":110,"column":32},"end":{"line":110,"column":39}}]},"27":{"type":"branch","line":110,"loc":{"start":{"line":110,"column":40},"end":{"line":110,"column":65}},"locations":[{"start":{"line":110,"column":40},"end":{"line":110,"column":65}}]},"28":{"type":"branch","line":110,"loc":{"start":{"line":110,"column":67},"end":{"line":112,"column":5}},"locations":[{"start":{"line":110,"column":67},"end":{"line":112,"column":5}}]},"29":{"type":"branch","line":112,"loc":{"start":{"line":112,"column":4},"end":{"line":116,"column":14}},"locations":[{"start":{"line":112,"column":4},"end":{"line":116,"column":14}}]},"30":{"type":"branch","line":116,"loc":{"start":{"line":116,"column":14},"end":{"line":116,"column":37}},"locations":[{"start":{"line":116,"column":14},"end":{"line":116,"column":37}}]},"31":{"type":"branch","line":117,"loc":{"start":{"line":117,"column":-2},"end":{"line":117,"column":18}},"locations":[{"start":{"line":117,"column":-2},"end":{"line":117,"column":18}}]},"32":{"type":"branch","line":117,"loc":{"start":{"line":117,"column":18},"end":{"line":117,"column":72}},"locations":[{"start":{"line":117,"column":18},"end":{"line":117,"column":72}}]},"33":{"type":"branch","line":118,"loc":{"start":{"line":118,"column":-2},"end":{"line":118,"column":13}},"locations":[{"start":{"line":118,"column":-2},"end":{"line":118,"column":13}}]},"34":{"type":"branch","line":118,"loc":{"start":{"line":118,"column":13},"end":{"line":118,"column":41}},"locations":[{"start":{"line":118,"column":13},"end":{"line":118,"column":41}}]},"35":{"type":"branch","line":118,"loc":{"start":{"line":118,"column":43},"end":{"line":118,"column":66}},"locations":[{"start":{"line":118,"column":43},"end":{"line":118,"column":66}}]},"36":{"type":"branch","line":119,"loc":{"start":{"line":119,"column":-2},"end":{"line":121,"column":46}},"locations":[{"start":{"line":119,"column":-2},"end":{"line":121,"column":46}}]},"37":{"type":"branch","line":121,"loc":{"start":{"line":121,"column":46},"end":{"line":123,"column":5}},"locations":[{"start":{"line":121,"column":46},"end":{"line":123,"column":5}}]},"38":{"type":"branch","line":123,"loc":{"start":{"line":123,"column":4},"end":{"line":125,"column":53}},"locations":[{"start":{"line":123,"column":4},"end":{"line":125,"column":53}}]},"39":{"type":"branch","line":126,"loc":{"start":{"line":126,"column":-2},"end":{"line":134,"column":4}},"locations":[{"start":{"line":126,"column":-2},"end":{"line":134,"column":4}}]},"40":{"type":"branch","line":134,"loc":{"start":{"line":134,"column":4},"end":{"line":142,"column":3}},"locations":[{"start":{"line":134,"column":4},"end":{"line":142,"column":3}}]},"41":{"type":"branch","line":137,"loc":{"start":{"line":137,"column":57},"end":{"line":139,"column":5}},"locations":[{"start":{"line":137,"column":57},"end":{"line":139,"column":5}}]},"42":{"type":"branch","line":139,"loc":{"start":{"line":139,"column":4},"end":{"line":142,"column":3}},"locations":[{"start":{"line":139,"column":4},"end":{"line":142,"column":3}}]},"43":{"type":"branch","line":145,"loc":{"start":{"line":145,"column":26},"end":{"line":170,"column":3}},"locations":[{"start":{"line":145,"column":26},"end":{"line":170,"column":3}}]},"44":{"type":"branch","line":151,"loc":{"start":{"line":151,"column":17},"end":{"line":153,"column":7}},"locations":[{"start":{"line":151,"column":17},"end":{"line":153,"column":7}}]},"45":{"type":"branch","line":153,"loc":{"start":{"line":153,"column":6},"end":{"line":156,"column":35}},"locations":[{"start":{"line":153,"column":6},"end":{"line":156,"column":35}}]},"46":{"type":"branch","line":156,"loc":{"start":{"line":156,"column":35},"end":{"line":158,"column":7}},"locations":[{"start":{"line":156,"column":35},"end":{"line":158,"column":7}}]},"47":{"type":"branch","line":158,"loc":{"start":{"line":158,"column":6},"end":{"line":160,"column":44}},"locations":[{"start":{"line":158,"column":6},"end":{"line":160,"column":44}}]},"48":{"type":"branch","line":161,"loc":{"start":{"line":161,"column":-2},"end":{"line":169,"column":5}},"locations":[{"start":{"line":161,"column":-2},"end":{"line":169,"column":5}}]},"49":{"type":"branch","line":166,"loc":{"start":{"line":166,"column":6},"end":{"line":169,"column":5}},"locations":[{"start":{"line":166,"column":6},"end":{"line":169,"column":5}}]},"50":{"type":"branch","line":173,"loc":{"start":{"line":173,"column":30},"end":{"line":188,"column":2}},"locations":[{"start":{"line":173,"column":30},"end":{"line":188,"column":2}}]},"51":{"type":"branch","line":178,"loc":{"start":{"line":178,"column":-2},"end":{"line":179,"column":15}},"locations":[{"start":{"line":178,"column":-2},"end":{"line":179,"column":15}}]},"52":{"type":"branch","line":179,"loc":{"start":{"line":179,"column":15},"end":{"line":184,"column":4}},"locations":[{"start":{"line":179,"column":15},"end":{"line":184,"column":4}}]},"53":{"type":"branch","line":184,"loc":{"start":{"line":184,"column":4},"end":{"line":187,"column":3}},"locations":[{"start":{"line":184,"column":4},"end":{"line":187,"column":3}}]}},"b":{"0":[10],"1":[9],"2":[2],"3":[8],"4":[1],"5":[7],"6":[3],"7":[4],"8":[1],"9":[3],"10":[1],"11":[6],"12":[3],"13":[8],"14":[5],"15":[1],"16":[4],"17":[3],"18":[1],"19":[3],"20":[11],"21":[1],"22":[10],"23":[3],"24":[1],"25":[9],"26":[8],"27":[1],"28":[1],"29":[8],"30":[7],"31":[8],"32":[1],"33":[8],"34":[1],"35":[1],"36":[8],"37":[1],"38":[7],"39":[3],"40":[4],"41":[1],"42":[3],"43":[5],"44":[1],"45":[4],"46":[1],"47":[3],"48":[2],"49":[1],"50":[5],"51":[2],"52":[1],"53":[3]},"fnMap":{"0":{"name":"createUser","decl":{"start":{"line":7,"column":26},"end":{"line":53,"column":2}},"loc":{"start":{"line":7,"column":26},"end":{"line":53,"column":2}},"line":7},"1":{"name":"getUsers","decl":{"start":{"line":55,"column":24},"end":{"line":68,"column":2}},"loc":{"start":{"line":55,"column":24},"end":{"line":68,"column":2}},"line":55},"2":{"name":"getUser","decl":{"start":{"line":70,"column":23},"end":{"line":91,"column":2}},"loc":{"start":{"line":70,"column":23},"end":{"line":91,"column":2}},"line":70},"3":{"name":"updateUser","decl":{"start":{"line":93,"column":26},"end":{"line":143,"column":2}},"loc":{"start":{"line":93,"column":26},"end":{"line":143,"column":2}},"line":93},"4":{"name":"deleteUser","decl":{"start":{"line":145,"column":26},"end":{"line":170,"column":3}},"loc":{"start":{"line":145,"column":26},"end":{"line":170,"column":3}},"line":145},"5":{"name":"getCurrentUser","decl":{"start":{"line":173,"column":30},"end":{"line":188,"column":2}},"loc":{"start":{"line":173,"column":30},"end":{"line":188,"column":2}},"line":173}},"f":{"0":10,"1":6,"2":8,"3":11,"4":5,"5":5}}
,"C:\\Users\\Jack\\Downloads\\inf352-propelize-groupe-2-main - Copie\\controllers\\vehicle.controller.js": {"path":"C:\\Users\\Jack\\Downloads\\inf352-propelize-groupe-2-main - Copie\\controllers\\vehicle.controller.js","all":false,"statementMap":{"0":{"start":{"line":1,"column":0},"end":{"line":1,"column":35}},"1":{"start":{"line":2,"column":0},"end":{"line":2,"column":49}},"2":{"start":{"line":3,"column":0},"end":{"line":3,"column":31}},"3":{"start":{"line":4,"column":0},"end":{"line":4,"column":45}},"4":{"start":{"line":5,"column":0},"end":{"line":5,"column":0}},"5":{"start":{"line":6,"column":0},"end":{"line":6,"column":50}},"6":{"start":{"line":7,"column":0},"end":{"line":7,"column":7}},"7":{"start":{"line":8,"column":0},"end":{"line":8,"column":78}},"8":{"start":{"line":9,"column":0},"end":{"line":9,"column":4}},"9":{"start":{"line":10,"column":0},"end":{"line":10,"column":23}},"10":{"start":{"line":11,"column":0},"end":{"line":11,"column":48}},"11":{"start":{"line":12,"column":0},"end":{"line":12,"column":36}},"12":{"start":{"line":13,"column":0},"end":{"line":13,"column":90}},"13":{"start":{"line":14,"column":0},"end":{"line":14,"column":9}},"14":{"start":{"line":15,"column":0},"end":{"line":15,"column":5}},"15":{"start":{"line":16,"column":0},"end":{"line":16,"column":0}},"16":{"start":{"line":17,"column":0},"end":{"line":17,"column":42}},"17":{"start":{"line":18,"column":0},"end":{"line":18,"column":13}},"18":{"start":{"line":19,"column":0},"end":{"line":19,"column":12}},"19":{"start":{"line":20,"column":0},"end":{"line":20,"column":22}},"20":{"start":{"line":21,"column":0},"end":{"line":21,"column":49}},"21":{"start":{"line":22,"column":0},"end":{"line":22,"column":40}},"22":{"start":{"line":23,"column":0},"end":{"line":23,"column":7}},"23":{"start":{"line":24,"column":0},"end":{"line":24,"column":0}},"24":{"start":{"line":25,"column":0},"end":{"line":25,"column":63}},"25":{"start":{"line":26,"column":0},"end":{"line":26,"column":41}},"26":{"start":{"line":27,"column":0},"end":{"line":27,"column":19}},"27":{"start":{"line":28,"column":0},"end":{"line":28,"column":49}},"28":{"start":{"line":29,"column":0},"end":{"line":29,"column":58}},"29":{"start":{"line":30,"column":0},"end":{"line":30,"column":36}},"30":{"start":{"line":31,"column":0},"end":{"line":31,"column":66}},"31":{"start":{"line":32,"column":0},"end":{"line":32,"column":9}},"32":{"start":{"line":33,"column":0},"end":{"line":33,"column":5}},"33":{"start":{"line":34,"column":0},"end":{"line":34,"column":68}},"34":{"start":{"line":35,"column":0},"end":{"line":35,"column":3}},"35":{"start":{"line":36,"column":0},"end":{"line":36,"column":2}},"36":{"start":{"line":37,"column":0},"end":{"line":37,"column":0}},"37":{"start":{"line":38,"column":0},"end":{"line":38,"column":51}},"38":{"start":{"line":39,"column":0},"end":{"line":39,"column":7}},"39":{"start":{"line":40,"column":0},"end":{"line":40,"column":45}},"40":{"start":{"line":41,"column":0},"end":{"line":41,"column":32}},"41":{"start":{"line":42,"column":0},"end":{"line":42,"column":68}},"42":{"start":{"line":43,"column":0},"end":{"line":43,"column":5}},"43":{"start":{"line":44,"column":0},"end":{"line":44,"column":30}},"44":{"start":{"line":45,"column":0},"end":{"line":45,"column":19}},"45":{"start":{"line":46,"column":0},"end":{"line":46,"column":47}},"46":{"start":{"line":47,"column":0},"end":{"line":47,"column":68}},"47":{"start":{"line":48,"column":0},"end":{"line":48,"column":3}},"48":{"start":{"line":49,"column":0},"end":{"line":49,"column":2}},"49":{"start":{"line":50,"column":0},"end":{"line":50,"column":0}},"50":{"start":{"line":51,"column":0},"end":{"line":51,"column":51}},"51":{"start":{"line":52,"column":0},"end":{"line":52,"column":7}},"52":{"start":{"line":53,"column":0},"end":{"line":53,"column":58}},"53":{"start":{"line":54,"column":0},"end":{"line":54,"column":19}},"54":{"start":{"line":55,"column":0},"end":{"line":55,"column":66}},"55":{"start":{"line":56,"column":0},"end":{"line":56,"column":5}},"56":{"start":{"line":57,"column":0},"end":{"line":57,"column":29}},"57":{"start":{"line":58,"column":0},"end":{"line":58,"column":19}},"58":{"start":{"line":59,"column":0},"end":{"line":59,"column":46}},"59":{"start":{"line":60,"column":0},"end":{"line":60,"column":68}},"60":{"start":{"line":61,"column":0},"end":{"line":61,"column":3}},"61":{"start":{"line":62,"column":0},"end":{"line":62,"column":2}},"62":{"start":{"line":63,"column":0},"end":{"line":63,"column":0}},"63":{"start":{"line":64,"column":0},"end":{"line":64,"column":50}},"64":{"start":{"line":65,"column":0},"end":{"line":65,"column":7}},"65":{"start":{"line":66,"column":0},"end":{"line":66,"column":54}},"66":{"start":{"line":67,"column":0},"end":{"line":67,"column":34}},"67":{"start":{"line":68,"column":0},"end":{"line":68,"column":7}},"68":{"start":{"line":69,"column":0},"end":{"line":69,"column":4}},"69":{"start":{"line":70,"column":0},"end":{"line":70,"column":19}},"70":{"start":{"line":71,"column":0},"end":{"line":71,"column":66}},"71":{"start":{"line":72,"column":0},"end":{"line":72,"column":5}},"72":{"start":{"line":73,"column":0},"end":{"line":73,"column":0}},"73":{"start":{"line":74,"column":0},"end":{"line":74,"column":65}},"74":{"start":{"line":75,"column":0},"end":{"line":75,"column":53}},"75":{"start":{"line":76,"column":0},"end":{"line":76,"column":36}},"76":{"start":{"line":77,"column":0},"end":{"line":77,"column":19}},"77":{"start":{"line":78,"column":0},"end":{"line":78,"column":49}},"78":{"start":{"line":79,"column":0},"end":{"line":79,"column":68}},"79":{"start":{"line":80,"column":0},"end":{"line":80,"column":3}},"80":{"start":{"line":81,"column":0},"end":{"line":81,"column":2}},"81":{"start":{"line":82,"column":0},"end":{"line":82,"column":0}},"82":{"start":{"line":83,"column":0},"end":{"line":83,"column":50}},"83":{"start":{"line":84,"column":0},"end":{"line":84,"column":7}},"84":{"start":{"line":85,"column":0},"end":{"line":85,"column":43}},"85":{"start":{"line":86,"column":0},"end":{"line":86,"column":34}},"86":{"start":{"line":87,"column":0},"end":{"line":87,"column":7}},"87":{"start":{"line":88,"column":0},"end":{"line":88,"column":4}},"88":{"start":{"line":89,"column":0},"end":{"line":89,"column":19}},"89":{"start":{"line":90,"column":0},"end":{"line":90,"column":66}},"90":{"start":{"line":91,"column":0},"end":{"line":91,"column":5}},"91":{"start":{"line":92,"column":0},"end":{"line":92,"column":0}},"92":{"start":{"line":93,"column":0},"end":{"line":93,"column":53}},"93":{"start":{"line":94,"column":0},"end":{"line":94,"column":34}},"94":{"start":{"line":95,"column":0},"end":{"line":95,"column":19}},"95":{"start":{"line":96,"column":0},"end":{"line":96,"column":49}},"96":{"start":{"line":97,"column":0},"end":{"line":97,"column":68}},"97":{"start":{"line":98,"column":0},"end":{"line":98,"column":3}},"98":{"start":{"line":99,"column":0},"end":{"line":99,"column":2}},"99":{"start":{"line":100,"column":0},"end":{"line":100,"column":0}},"100":{"start":{"line":101,"column":0},"end":{"line":101,"column":60}},"101":{"start":{"line":102,"column":0},"end":{"line":102,"column":7}},"102":{"start":{"line":103,"column":0},"end":{"line":103,"column":43}},"103":{"start":{"line":104,"column":0},"end":{"line":104,"column":14}},"104":{"start":{"line":105,"column":0},"end":{"line":105,"column":26}},"105":{"start":{"line":106,"column":0},"end":{"line":106,"column":48}},"106":{"start":{"line":107,"column":0},"end":{"line":107,"column":9}},"107":{"start":{"line":108,"column":0},"end":{"line":108,"column":7}},"108":{"start":{"line":109,"column":0},"end":{"line":109,"column":7}},"109":{"start":{"line":110,"column":0},"end":{"line":110,"column":0}},"110":{"start":{"line":111,"column":0},"end":{"line":111,"column":19}},"111":{"start":{"line":112,"column":0},"end":{"line":112,"column":66}},"112":{"start":{"line":113,"column":0},"end":{"line":113,"column":5}},"113":{"start":{"line":114,"column":0},"end":{"line":114,"column":29}},"114":{"start":{"line":115,"column":0},"end":{"line":115,"column":19}},"115":{"start":{"line":116,"column":0},"end":{"line":116,"column":49}},"116":{"start":{"line":117,"column":0},"end":{"line":117,"column":68}},"117":{"start":{"line":118,"column":0},"end":{"line":118,"column":3}},"118":{"start":{"line":119,"column":0},"end":{"line":119,"column":2}},"119":{"start":{"line":120,"column":0},"end":{"line":120,"column":0}},"120":{"start":{"line":121,"column":0},"end":{"line":121,"column":50}},"121":{"start":{"line":122,"column":0},"end":{"line":122,"column":7}},"122":{"start":{"line":123,"column":0},"end":{"line":123,"column":53}},"123":{"start":{"line":124,"column":0},"end":{"line":124,"column":26}},"124":{"start":{"line":125,"column":0},"end":{"line":125,"column":72}},"125":{"start":{"line":126,"column":0},"end":{"line":126,"column":5}},"126":{"start":{"line":127,"column":0},"end":{"line":127,"column":0}},"127":{"start":{"line":128,"column":0},"end":{"line":128,"column":44}},"128":{"start":{"line":129,"column":0},"end":{"line":129,"column":14}},"129":{"start":{"line":130,"column":0},"end":{"line":130,"column":23}},"130":{"start":{"line":131,"column":0},"end":{"line":131,"column":28}},"131":{"start":{"line":132,"column":0},"end":{"line":132,"column":9}},"132":{"start":{"line":133,"column":0},"end":{"line":133,"column":8}},"133":{"start":{"line":134,"column":0},"end":{"line":134,"column":38}},"134":{"start":{"line":135,"column":0},"end":{"line":135,"column":7}},"135":{"start":{"line":136,"column":0},"end":{"line":136,"column":0}},"136":{"start":{"line":137,"column":0},"end":{"line":137,"column":30}},"137":{"start":{"line":138,"column":0},"end":{"line":138,"column":19}},"138":{"start":{"line":139,"column":0},"end":{"line":139,"column":50}},"139":{"start":{"line":140,"column":0},"end":{"line":140,"column":68}},"140":{"start":{"line":141,"column":0},"end":{"line":141,"column":3}},"141":{"start":{"line":142,"column":0},"end":{"line":142,"column":2}}},"s":{"0":1,"1":1,"2":1,"3":1,"4":1,"5":1,"6":10,"7":10,"8":10,"9":10,"10":10,"11":3,"12":3,"13":3,"14":3,"15":7,"16":7,"17":7,"18":7,"19":7,"20":10,"21":10,"22":10,"23":3,"24":3,"25":3,"26":10,"27":4,"28":4,"29":1,"30":1,"31":1,"32":1,"33":3,"34":3,"35":10,"36":1,"37":1,"38":6,"39":6,"40":6,"41":1,"42":1,"43":2,"44":6,"45":3,"46":3,"47":3,"48":6,"49":1,"50":1,"51":11,"52":11,"53":11,"54":3,"55":3,"56":5,"57":11,"58":3,"59":3,"60":3,"61":11,"62":1,"63":1,"64":4,"65":4,"66":4,"67":4,"68":3,"69":4,"70":1,"71":1,"72":2,"73":2,"74":2,"75":2,"76":2,"77":1,"78":1,"79":1,"80":4,"81":1,"82":1,"83":4,"84":4,"85":4,"86":4,"87":3,"88":4,"89":1,"90":1,"91":2,"92":2,"93":2,"94":2,"95":1,"96":1,"97":1,"98":4,"99":1,"100":1,"101":4,"102":4,"103":4,"104":4,"105":4,"106":4,"107":4,"108":4,"109":3,"110":4,"111":1,"112":1,"113":2,"114":2,"115":1,"116":1,"117":1,"118":4,"119":1,"120":1,"121":9,"122":9,"123":9,"124":5,"125":5,"126":4,"127":4,"128":4,"129":4,"130":4,"131":4,"132":4,"133":4,"134":4,"135":3,"136":3,"137":9,"138":1,"139":1,"140":1,"141":9},"branchMap":{"0":{"type":"branch","line":6,"loc":{"start":{"line":6,"column":29},"end":{"line":36,"column":2}},"locations":[{"start":{"line":6,"column":29},"end":{"line":36,"column":2}}]},"1":{"type":"branch","line":11,"loc":{"start":{"line":11,"column":16},"end":{"line":11,"column":25}},"locations":[{"start":{"line":11,"column":16},"end":{"line":11,"column":25}}]},"2":{"type":"branch","line":11,"loc":{"start":{"line":11,"column":26},"end":{"line":11,"column":45}},"locations":[{"start":{"line":11,"column":26},"end":{"line":11,"column":45}}]},"3":{"type":"branch","line":11,"loc":{"start":{"line":11,"column":47},"end":{"line":15,"column":5}},"locations":[{"start":{"line":11,"column":47},"end":{"line":15,"column":5}}]},"4":{"type":"branch","line":15,"loc":{"start":{"line":15,"column":4},"end":{"line":21,"column":21}},"locations":[{"start":{"line":15,"column":4},"end":{"line":21,"column":21}}]},"5":{"type":"branch","line":21,"loc":{"start":{"line":21,"column":21},"end":{"line":21,"column":48}},"locations":[{"start":{"line":21,"column":21},"end":{"line":21,"column":48}}]},"6":{"type":"branch","line":22,"loc":{"start":{"line":22,"column":33},"end":{"line":22,"column":40}},"locations":[{"start":{"line":22,"column":33},"end":{"line":22,"column":40}}]},"7":{"type":"branch","line":24,"loc":{"start":{"line":24,"column":-2},"end":{"line":27,"column":4}},"locations":[{"start":{"line":24,"column":-2},"end":{"line":27,"column":4}}]},"8":{"type":"branch","line":27,"loc":{"start":{"line":27,"column":4},"end":{"line":35,"column":3}},"locations":[{"start":{"line":27,"column":4},"end":{"line":35,"column":3}}]},"9":{"type":"branch","line":29,"loc":{"start":{"line":29,"column":57},"end":{"line":33,"column":5}},"locations":[{"start":{"line":29,"column":57},"end":{"line":33,"column":5}}]},"10":{"type":"branch","line":33,"loc":{"start":{"line":33,"column":4},"end":{"line":35,"column":3}},"locations":[{"start":{"line":33,"column":4},"end":{"line":35,"column":3}}]},"11":{"type":"branch","line":38,"loc":{"start":{"line":38,"column":30},"end":{"line":49,"column":2}},"locations":[{"start":{"line":38,"column":30},"end":{"line":49,"column":2}}]},"12":{"type":"branch","line":41,"loc":{"start":{"line":41,"column":-2},"end":{"line":41,"column":31}},"locations":[{"start":{"line":41,"column":-2},"end":{"line":41,"column":31}}]},"13":{"type":"branch","line":41,"loc":{"start":{"line":41,"column":31},"end":{"line":45,"column":4}},"locations":[{"start":{"line":41,"column":31},"end":{"line":45,"column":4}}]},"14":{"type":"branch","line":41,"loc":{"start":{"line":41,"column":31},"end":{"line":43,"column":5}},"locations":[{"start":{"line":41,"column":31},"end":{"line":43,"column":5}}]},"15":{"type":"branch","line":45,"loc":{"start":{"line":45,"column":4},"end":{"line":48,"column":3}},"locations":[{"start":{"line":45,"column":4},"end":{"line":48,"column":3}}]},"16":{"type":"branch","line":51,"loc":{"start":{"line":51,"column":30},"end":{"line":62,"column":2}},"locations":[{"start":{"line":51,"column":30},"end":{"line":62,"column":2}}]},"17":{"type":"branch","line":54,"loc":{"start":{"line":54,"column":-2},"end":{"line":54,"column":18}},"locations":[{"start":{"line":54,"column":-2},"end":{"line":54,"column":18}}]},"18":{"type":"branch","line":54,"loc":{"start":{"line":54,"column":18},"end":{"line":56,"column":5}},"locations":[{"start":{"line":54,"column":18},"end":{"line":56,"column":5}}]},"19":{"type":"branch","line":56,"loc":{"start":{"line":56,"column":4},"end":{"line":58,"column":4}},"locations":[{"start":{"line":56,"column":4},"end":{"line":58,"column":4}}]},"20":{"type":"branch","line":58,"loc":{"start":{"line":58,"column":4},"end":{"line":61,"column":3}},"locations":[{"start":{"line":58,"column":4},"end":{"line":61,"column":3}}]},"21":{"type":"branch","line":64,"loc":{"start":{"line":64,"column":29},"end":{"line":81,"column":2}},"locations":[{"start":{"line":64,"column":29},"end":{"line":81,"column":2}}]},"22":{"type":"branch","line":69,"loc":{"start":{"line":69,"column":-2},"end":{"line":70,"column":18}},"locations":[{"start":{"line":69,"column":-2},"end":{"line":70,"column":18}}]},"23":{"type":"branch","line":70,"loc":{"start":{"line":70,"column":18},"end":{"line":80,"column":3}},"locations":[{"start":{"line":70,"column":18},"end":{"line":80,"column":3}}]},"24":{"type":"branch","line":70,"loc":{"start":{"line":70,"column":18},"end":{"line":72,"column":5}},"locations":[{"start":{"line":70,"column":18},"end":{"line":72,"column":5}}]},"25":{"type":"branch","line":77,"loc":{"start":{"line":77,"column":4},"end":{"line":80,"column":3}},"locations":[{"start":{"line":77,"column":4},"end":{"line":80,"column":3}}]},"26":{"type":"branch","line":83,"loc":{"start":{"line":83,"column":29},"end":{"line":99,"column":2}},"locations":[{"start":{"line":83,"column":29},"end":{"line":99,"column":2}}]},"27":{"type":"branch","line":88,"loc":{"start":{"line":88,"column":-2},"end":{"line":89,"column":18}},"locations":[{"start":{"line":88,"column":-2},"end":{"line":89,"column":18}}]},"28":{"type":"branch","line":89,"loc":{"start":{"line":89,"column":18},"end":{"line":98,"column":3}},"locations":[{"start":{"line":89,"column":18},"end":{"line":98,"column":3}}]},"29":{"type":"branch","line":89,"loc":{"start":{"line":89,"column":18},"end":{"line":91,"column":5}},"locations":[{"start":{"line":89,"column":18},"end":{"line":91,"column":5}}]},"30":{"type":"branch","line":95,"loc":{"start":{"line":95,"column":4},"end":{"line":98,"column":3}},"locations":[{"start":{"line":95,"column":4},"end":{"line":98,"column":3}}]},"31":{"type":"branch","line":101,"loc":{"start":{"line":101,"column":39},"end":{"line":119,"column":2}},"locations":[{"start":{"line":101,"column":39},"end":{"line":119,"column":2}}]},"32":{"type":"branch","line":110,"loc":{"start":{"line":110,"column":-2},"end":{"line":111,"column":18}},"locations":[{"start":{"line":110,"column":-2},"end":{"line":111,"column":18}}]},"33":{"type":"branch","line":111,"loc":{"start":{"line":111,"column":18},"end":{"line":118,"column":3}},"locations":[{"start":{"line":111,"column":18},"end":{"line":118,"column":3}}]},"34":{"type":"branch","line":111,"loc":{"start":{"line":111,"column":18},"end":{"line":113,"column":5}},"locations":[{"start":{"line":111,"column":18},"end":{"line":113,"column":5}}]},"35":{"type":"branch","line":115,"loc":{"start":{"line":115,"column":4},"end":{"line":118,"column":3}},"locations":[{"start":{"line":115,"column":4},"end":{"line":118,"column":3}}]},"36":{"type":"branch","line":121,"loc":{"start":{"line":121,"column":29},"end":{"line":142,"column":2}},"locations":[{"start":{"line":121,"column":29},"end":{"line":142,"column":2}}]},"37":{"type":"branch","line":124,"loc":{"start":{"line":124,"column":25},"end":{"line":126,"column":5}},"locations":[{"start":{"line":124,"column":25},"end":{"line":126,"column":5}}]},"38":{"type":"branch","line":126,"loc":{"start":{"line":126,"column":4},"end":{"line":135,"column":7}},"locations":[{"start":{"line":126,"column":4},"end":{"line":135,"column":7}}]},"39":{"type":"branch","line":136,"loc":{"start":{"line":136,"column":-2},"end":{"line":138,"column":4}},"locations":[{"start":{"line":136,"column":-2},"end":{"line":138,"column":4}}]},"40":{"type":"branch","line":138,"loc":{"start":{"line":138,"column":4},"end":{"line":141,"column":3}},"locations":[{"start":{"line":138,"column":4},"end":{"line":141,"column":3}}]}},"b":{"0":[10],"1":[9],"2":[8],"3":[3],"4":[7],"5":[5],"6":[5],"7":[3],"8":[4],"9":[1],"10":[3],"11":[6],"12":[3],"13":[2],"14":[1],"15":[3],"16":[11],"17":[8],"18":[3],"19":[5],"20":[3],"21":[4],"22":[3],"23":[2],"24":[1],"25":[1],"26":[4],"27":[3],"28":[2],"29":[1],"30":[1],"31":[4],"32":[3],"33":[2],"34":[1],"35":[1],"36":[9],"37":[5],"38":[4],"39":[3],"40":[1]},"fnMap":{"0":{"name":"createVehicle","decl":{"start":{"line":6,"column":29},"end":{"line":36,"column":2}},"loc":{"start":{"line":6,"column":29},"end":{"line":36,"column":2}},"line":6},"1":{"name":"getAllVehicles","decl":{"start":{"line":38,"column":30},"end":{"line":49,"column":2}},"loc":{"start":{"line":38,"column":30},"end":{"line":49,"column":2}},"line":38},"2":{"name":"getVehicleById","decl":{"start":{"line":51,"column":30},"end":{"line":62,"column":2}},"loc":{"start":{"line":51,"column":30},"end":{"line":62,"column":2}},"line":51},"3":{"name":"updateVehicle","decl":{"start":{"line":64,"column":29},"end":{"line":81,"column":2}},"loc":{"start":{"line":64,"column":29},"end":{"line":81,"column":2}},"line":64},"4":{"name":"deleteVehicle","decl":{"start":{"line":83,"column":29},"end":{"line":99,"column":2}},"loc":{"start":{"line":83,"column":29},"end":{"line":99,"column":2}},"line":83},"5":{"name":"searchByImmatriculation","decl":{"start":{"line":101,"column":39},"end":{"line":119,"column":2}},"loc":{"start":{"line":101,"column":39},"end":{"line":119,"column":2}},"line":101},"6":{"name":"filterByPrice","decl":{"start":{"line":121,"column":29},"end":{"line":142,"column":2}},"loc":{"start":{"line":121,"column":29},"end":{"line":142,"column":2}},"line":121}},"f":{"0":10,"1":6,"2":11,"3":4,"4":4,"5":4,"6":9}}
,"C:\\Users\\Jack\\Downloads\\inf352-propelize-groupe-2-main - Copie\\data\\seedData.js": {"path":"C:\\Users\\Jack\\Downloads\\inf352-propelize-groupe-2-main - Copie\\data\\seedData.js","all":false,"statementMap":{"0":{"start":{"line":1,"column":0},"end":{"line":1,"column":43}},"1":{"start":{"line":2,"column":0},"end":{"line":2,"column":49}},"2":{"start":{"line":3,"column":0},"end":{"line":3,"column":45}},"3":{"start":{"line":4,"column":0},"end":{"line":4,"column":28}},"4":{"start":{"line":5,"column":0},"end":{"line":5,"column":0}},"5":{"start":{"line":6,"column":0},"end":{"line":6,"column":42}},"6":{"start":{"line":7,"column":0},"end":{"line":7,"column":35}},"7":{"start":{"line":8,"column":0},"end":{"line":8,"column":67}},"8":{"start":{"line":9,"column":0},"end":{"line":9,"column":64}},"9":{"start":{"line":10,"column":0},"end":{"line":10,"column":48}},"10":{"start":{"line":11,"column":0},"end":{"line":11,"column":0}},"11":{"start":{"line":12,"column":0},"end":{"line":12,"column":22}},"12":{"start":{"line":13,"column":0},"end":{"line":13,"column":2}},"13":{"start":{"line":14,"column":0},"end":{"line":14,"column":32}},"14":{"start":{"line":15,"column":0},"end":{"line":15,"column":77}},"15":{"start":{"line":16,"column":0},"end":{"line":16,"column":74}},"16":{"start":{"line":17,"column":0},"end":{"line":17,"column":74}},"17":{"start":{"line":18,"column":0},"end":{"line":18,"column":70}},"18":{"start":{"line":19,"column":0},"end":{"line":19,"column":4}},"19":{"start":{"line":20,"column":0},"end":{"line":20,"column":19}},"20":{"start":{"line":21,"column":0},"end":{"line":21,"column":27}},"21":{"start":{"line":22,"column":0},"end":{"line":22,"column":25}},"22":{"start":{"line":23,"column":0},"end":{"line":23,"column":40}},"23":{"start":{"line":24,"column":0},"end":{"line":24,"column":26}},"24":{"start":{"line":25,"column":0},"end":{"line":25,"column":38}},"25":{"start":{"line":26,"column":0},"end":{"line":26,"column":7}},"26":{"start":{"line":27,"column":0},"end":{"line":27,"column":3}},"27":{"start":{"line":28,"column":0},"end":{"line":28,"column":2}},"28":{"start":{"line":29,"column":0},"end":{"line":29,"column":18}},"29":{"start":{"line":30,"column":0},"end":{"line":30,"column":2}},"30":{"start":{"line":31,"column":0},"end":{"line":31,"column":0}},"31":{"start":{"line":32,"column":0},"end":{"line":32,"column":34}},"32":{"start":{"line":33,"column":0},"end":{"line":33,"column":41}},"33":{"start":{"line":34,"column":0},"end":{"line":34,"column":87}},"34":{"start":{"line":35,"column":0},"end":{"line":35,"column":91}},"35":{"start":{"line":36,"column":0},"end":{"line":36,"column":70}},"36":{"start":{"line":37,"column":0},"end":{"line":37,"column":34}},"37":{"start":{"line":38,"column":0},"end":{"line":38,"column":0}},"38":{"start":{"line":39,"column":0},"end":{"line":39,"column":22}},"39":{"start":{"line":40,"column":0},"end":{"line":40,"column":2}},"40":{"start":{"line":41,"column":0},"end":{"line":41,"column":43}},"41":{"start":{"line":42,"column":0},"end":{"line":42,"column":17}},"42":{"start":{"line":43,"column":0},"end":{"line":43,"column":18}},"43":{"start":{"line":44,"column":0},"end":{"line":44,"column":46}},"44":{"start":{"line":45,"column":0},"end":{"line":45,"column":17}},"45":{"start":{"line":46,"column":0},"end":{"line":46,"column":5}},"46":{"start":{"line":47,"column":0},"end":{"line":47,"column":0}},"47":{"start":{"line":48,"column":0},"end":{"line":48,"column":26}},"48":{"start":{"line":49,"column":0},"end":{"line":49,"column":39}},"49":{"start":{"line":50,"column":0},"end":{"line":50,"column":80}},"50":{"start":{"line":51,"column":0},"end":{"line":51,"column":77}},"51":{"start":{"line":52,"column":0},"end":{"line":52,"column":71}},"52":{"start":{"line":53,"column":0},"end":{"line":53,"column":72}},"53":{"start":{"line":54,"column":0},"end":{"line":54,"column":4}},"54":{"start":{"line":55,"column":0},"end":{"line":55,"column":19}},"55":{"start":{"line":56,"column":0},"end":{"line":56,"column":66}},"56":{"start":{"line":57,"column":0},"end":{"line":57,"column":55}},"57":{"start":{"line":58,"column":0},"end":{"line":58,"column":72}},"58":{"start":{"line":59,"column":0},"end":{"line":59,"column":7}},"59":{"start":{"line":60,"column":0},"end":{"line":60,"column":3}},"60":{"start":{"line":61,"column":0},"end":{"line":61,"column":2}},"61":{"start":{"line":62,"column":0},"end":{"line":62,"column":18}},"62":{"start":{"line":63,"column":0},"end":{"line":63,"column":2}},"63":{"start":{"line":64,"column":0},"end":{"line":64,"column":0}},"64":{"start":{"line":65,"column":0},"end":{"line":65,"column":27}},"65":{"start":{"line":66,"column":0},"end":{"line":66,"column":41}},"66":{"start":{"line":67,"column":0},"end":{"line":67,"column":7}},"67":{"start":{"line":68,"column":0},"end":{"line":68,"column":40}},"68":{"start":{"line":69,"column":0},"end":{"line":69,"column":4}},"69":{"start":{"line":70,"column":0},"end":{"line":70,"column":22}},"70":{"start":{"line":71,"column":0},"end":{"line":71,"column":45}},"71":{"start":{"line":72,"column":0},"end":{"line":72,"column":67}},"72":{"start":{"line":73,"column":0},"end":{"line":73,"column":41}},"73":{"start":{"line":74,"column":0},"end":{"line":74,"column":70}},"74":{"start":{"line":75,"column":0},"end":{"line":75,"column":5}},"75":{"start":{"line":76,"column":0},"end":{"line":76,"column":19}},"76":{"start":{"line":77,"column":0},"end":{"line":77,"column":51}},"77":{"start":{"line":78,"column":0},"end":{"line":78,"column":16}},"78":{"start":{"line":79,"column":0},"end":{"line":79,"column":3}},"79":{"start":{"line":80,"column":0},"end":{"line":80,"column":2}},"80":{"start":{"line":81,"column":0},"end":{"line":81,"column":0}},"81":{"start":{"line":82,"column":0},"end":{"line":82,"column":19}},"82":{"start":{"line":83,"column":0},"end":{"line":83,"column":38}},"83":{"start":{"line":84,"column":0},"end":{"line":84,"column":7}},"84":{"start":{"line":85,"column":0},"end":{"line":85,"column":37}},"85":{"start":{"line":86,"column":0},"end":{"line":86,"column":4}},"86":{"start":{"line":87,"column":0},"end":{"line":87,"column":22}},"87":{"start":{"line":88,"column":0},"end":{"line":88,"column":90}},"88":{"start":{"line":89,"column":0},"end":{"line":89,"column":64}},"89":{"start":{"line":90,"column":0},"end":{"line":90,"column":38}},"90":{"start":{"line":91,"column":0},"end":{"line":91,"column":67}},"91":{"start":{"line":92,"column":0},"end":{"line":92,"column":6}},"92":{"start":{"line":93,"column":0},"end":{"line":93,"column":55}},"93":{"start":{"line":94,"column":0},"end":{"line":94,"column":91}},"94":{"start":{"line":95,"column":0},"end":{"line":95,"column":5}},"95":{"start":{"line":96,"column":0},"end":{"line":96,"column":19}},"96":{"start":{"line":97,"column":0},"end":{"line":97,"column":48}},"97":{"start":{"line":98,"column":0},"end":{"line":98,"column":16}},"98":{"start":{"line":99,"column":0},"end":{"line":99,"column":3}},"99":{"start":{"line":100,"column":0},"end":{"line":100,"column":2}},"100":{"start":{"line":101,"column":0},"end":{"line":101,"column":0}},"101":{"start":{"line":102,"column":0},"end":{"line":102,"column":23}},"102":{"start":{"line":103,"column":0},"end":{"line":103,"column":36}},"103":{"start":{"line":104,"column":0},"end":{"line":104,"column":7}},"104":{"start":{"line":105,"column":0},"end":{"line":105,"column":22}},"105":{"start":{"line":106,"column":0},"end":{"line":106,"column":25}},"106":{"start":{"line":107,"column":0},"end":{"line":107,"column":59}},"107":{"start":{"line":108,"column":0},"end":{"line":108,"column":19}},"108":{"start":{"line":109,"column":0},"end":{"line":109,"column":52}},"109":{"start":{"line":110,"column":0},"end":{"line":110,"column":16}},"110":{"start":{"line":111,"column":0},"end":{"line":111,"column":3}},"111":{"start":{"line":112,"column":0},"end":{"line":112,"column":2}}},"s":{"0":1,"1":1,"2":1,"3":1,"4":1,"5":1,"6":1,"7":7,"8":7,"9":7,"10":7,"11":7,"12":7,"13":7,"14":70,"15":70,"16":70,"17":70,"18":70,"19":70,"20":70,"21":70,"22":70,"23":70,"24":70,"25":70,"26":70,"27":7,"28":7,"29":7,"30":1,"31":1,"32":1,"33":8,"34":8,"35":8,"36":8,"37":8,"38":8,"39":8,"40":8,"41":8,"42":8,"43":8,"44":8,"45":8,"46":8,"47":8,"48":8,"49":32,"50":32,"51":32,"52":32,"53":32,"54":32,"55":32,"56":32,"57":32,"58":32,"59":32,"60":8,"61":8,"62":8,"63":1,"64":1,"65":1,"66":13,"67":13,"68":8,"69":13,"70":7,"71":7,"72":7,"73":3,"74":3,"75":13,"76":9,"77":9,"78":9,"79":13,"80":1,"81":1,"82":1,"83":15,"84":15,"85":10,"86":15,"87":8,"88":8,"89":8,"90":4,"91":4,"92":4,"93":4,"94":4,"95":15,"96":9,"97":9,"98":9,"99":15,"100":1,"101":1,"102":1,"103":4,"104":4,"105":3,"106":2,"107":2,"108":2,"109":2,"110":2,"111":4},"branchMap":{"0":{"type":"branch","line":7,"loc":{"start":{"line":7,"column":28},"end":{"line":30,"column":2}},"locations":[{"start":{"line":7,"column":28},"end":{"line":30,"column":2}}]},"1":{"type":"branch","line":14,"loc":{"start":{"line":14,"column":31},"end":{"line":27,"column":3}},"locations":[{"start":{"line":14,"column":31},"end":{"line":27,"column":3}}]},"2":{"type":"branch","line":33,"loc":{"start":{"line":33,"column":25},"end":{"line":63,"column":2}},"locations":[{"start":{"line":33,"column":25},"end":{"line":63,"column":2}}]},"3":{"type":"branch","line":49,"loc":{"start":{"line":49,"column":38},"end":{"line":60,"column":3}},"locations":[{"start":{"line":49,"column":38},"end":{"line":60,"column":3}}]},"4":{"type":"branch","line":53,"loc":{"start":{"line":53,"column":25},"end":{"line":53,"column":34}},"locations":[{"start":{"line":53,"column":25},"end":{"line":53,"column":34}}]},"5":{"type":"branch","line":53,"loc":{"start":{"line":53,"column":35},"end":{"line":53,"column":43}},"locations":[{"start":{"line":53,"column":35},"end":{"line":53,"column":43}}]},"6":{"type":"branch","line":58,"loc":{"start":{"line":58,"column":32},"end":{"line":58,"column":42}},"locations":[{"start":{"line":58,"column":32},"end":{"line":58,"column":42}}]},"7":{"type":"branch","line":58,"loc":{"start":{"line":58,"column":43},"end":{"line":58,"column":49}},"locations":[{"start":{"line":58,"column":43},"end":{"line":58,"column":49}}]},"8":{"type":"branch","line":66,"loc":{"start":{"line":66,"column":28},"end":{"line":80,"column":2}},"locations":[{"start":{"line":66,"column":28},"end":{"line":80,"column":2}}]},"9":{"type":"branch","line":69,"loc":{"start":{"line":69,"column":-2},"end":{"line":70,"column":21}},"locations":[{"start":{"line":69,"column":-2},"end":{"line":70,"column":21}}]},"10":{"type":"branch","line":70,"loc":{"start":{"line":70,"column":21},"end":{"line":75,"column":5}},"locations":[{"start":{"line":70,"column":21},"end":{"line":75,"column":5}}]},"11":{"type":"branch","line":74,"loc":{"start":{"line":74,"column":-2},"end":{"line":75,"column":5}},"locations":[{"start":{"line":74,"column":-2},"end":{"line":75,"column":5}}]},"12":{"type":"branch","line":76,"loc":{"start":{"line":76,"column":4},"end":{"line":79,"column":3}},"locations":[{"start":{"line":76,"column":4},"end":{"line":79,"column":3}}]},"13":{"type":"branch","line":83,"loc":{"start":{"line":83,"column":25},"end":{"line":100,"column":2}},"locations":[{"start":{"line":83,"column":25},"end":{"line":100,"column":2}}]},"14":{"type":"branch","line":86,"loc":{"start":{"line":86,"column":-2},"end":{"line":87,"column":21}},"locations":[{"start":{"line":86,"column":-2},"end":{"line":87,"column":21}}]},"15":{"type":"branch","line":87,"loc":{"start":{"line":87,"column":21},"end":{"line":95,"column":5}},"locations":[{"start":{"line":87,"column":21},"end":{"line":95,"column":5}}]},"16":{"type":"branch","line":91,"loc":{"start":{"line":91,"column":-2},"end":{"line":95,"column":5}},"locations":[{"start":{"line":91,"column":-2},"end":{"line":95,"column":5}}]},"17":{"type":"branch","line":96,"loc":{"start":{"line":96,"column":4},"end":{"line":99,"column":3}},"locations":[{"start":{"line":96,"column":4},"end":{"line":99,"column":3}}]},"18":{"type":"branch","line":103,"loc":{"start":{"line":103,"column":23},"end":{"line":112,"column":2}},"locations":[{"start":{"line":103,"column":23},"end":{"line":112,"column":2}}]},"19":{"type":"branch","line":106,"loc":{"start":{"line":106,"column":-2},"end":{"line":106,"column":25}},"locations":[{"start":{"line":106,"column":-2},"end":{"line":106,"column":25}}]},"20":{"type":"branch","line":107,"loc":{"start":{"line":107,"column":-2},"end":{"line":111,"column":3}},"locations":[{"start":{"line":107,"column":-2},"end":{"line":111,"column":3}}]}},"b":{"0":[7],"1":[70],"2":[8],"3":[32],"4":[8],"5":[24],"6":[6],"7":[26],"8":[13],"9":[8],"10":[7],"11":[3],"12":[9],"13":[15],"14":[10],"15":[8],"16":[4],"17":[9],"18":[4],"19":[3],"20":[2]},"fnMap":{"0":{"name":"generateVehicleData","decl":{"start":{"line":7,"column":28},"end":{"line":30,"column":2}},"loc":{"start":{"line":7,"column":28},"end":{"line":30,"column":2}},"line":7},"1":{"name":"generateUserData","decl":{"start":{"line":33,"column":25},"end":{"line":63,"column":2}},"loc":{"start":{"line":33,"column":25},"end":{"line":63,"column":2}},
[...]
,"C:\\Users\\Jack\\Downloads\\inf352-propelize-groupe-2-main - Copie\\models\\vehicle.model.js": {"path":"C:\\Users\\Jack\\Downloads\\inf352-propelize-groupe-2-main - Copie\\models\\vehicle.model.js","all":false,"statementMap":{"0":{"start":{"line":1,"column":0},"end":{"line":1,"column":38}},"1":{"start":{"line":2,"column":0},"end":{"line":2,"column":40}},"2":{"start":{"line":3,"column":0},"end":{"line":3,"column":0}},"3":{"start":{"line":4,"column":0},"end":{"line":4,"column":45}},"4":{"start":{"line":5,"column":0},"end":{"line":5,"column":7}},"5":{"start":{"line":6,"column":0},"end":{"line":6,"column":25}},"6":{"start":{"line":7,"column":0},"end":{"line":7,"column":35}},"7":{"start":{"line":8,"column":0},"end":{"line":8,"column":21}},"8":{"start":{"line":9,"column":0},"end":{"line":9,"column":4}},"9":{"start":{"line":10,"column":0},"end":{"line":10,"column":11}},"10":{"start":{"line":11,"column":0},"end":{"line":11,"column":27}},"11":{"start":{"line":12,"column":0},"end":{"line":12,"column":21}},"12":{"start":{"line":13,"column":0},"end":{"line":13,"column":4}},"13":{"start":{"line":14,"column":0},"end":{"line":14,"column":10}},"14":{"start":{"line":15,"column":0},"end":{"line":15,"column":27}},"15":{"start":{"line":16,"column":0},"end":{"line":16,"column":21}},"16":{"start":{"line":17,"column":0},"end":{"line":17,"column":4}},"17":{"start":{"line":18,"column":0},"end":{"line":18,"column":20}},"18":{"start":{"line":19,"column":0},"end":{"line":19,"column":27}},"19":{"start":{"line":20,"column":0},"end":{"line":20,"column":21}},"20":{"start":{"line":21,"column":0},"end":{"line":21,"column":17}},"21":{"start":{"line":22,"column":0},"end":{"line":22,"column":4}},"22":{"start":{"line":23,"column":0},"end":{"line":23,"column":11}},"23":{"start":{"line":24,"column":0},"end":{"line":24,"column":28}},"24":{"start":{"line":25,"column":0},"end":{"line":25,"column":21}},"25":{"start":{"line":26,"column":0},"end":{"line":26,"column":4}},"26":{"start":{"line":27,"column":0},"end":{"line":27,"column":17}},"27":{"start":{"line":28,"column":0},"end":{"line":28,"column":26}},"28":{"start":{"line":29,"column":0},"end":{"line":29,"column":21}},"29":{"start":{"line":30,"column":0},"end":{"line":30,"column":4}},"30":{"start":{"line":31,"column":0},"end":{"line":31,"column":4}},"31":{"start":{"line":32,"column":0},"end":{"line":32,"column":19}},"32":{"start":{"line":33,"column":0},"end":{"line":33,"column":12}},"33":{"start":{"line":34,"column":0},"end":{"line":34,"column":5}},"34":{"start":{"line":35,"column":0},"end":{"line":35,"column":34}},"35":{"start":{"line":36,"column":0},"end":{"line":36,"column":19}},"36":{"start":{"line":37,"column":0},"end":{"line":37,"column":6}},"37":{"start":{"line":38,"column":0},"end":{"line":38,"column":5}},"38":{"start":{"line":39,"column":0},"end":{"line":39,"column":31}},"39":{"start":{"line":40,"column":0},"end":{"line":40,"column":5}},"40":{"start":{"line":41,"column":0},"end":{"line":41,"column":3}},"41":{"start":{"line":42,"column":0},"end":{"line":42,"column":3}},"42":{"start":{"line":43,"column":0},"end":{"line":43,"column":0}},"43":{"start":{"line":44,"column":0},"end":{"line":44,"column":23}}},"s":{"0":1,"1":1,"2":1,"3":1,"4":1,"5":1,"6":1,"7":1,"8":1,"9":1,"10":1,"11":1,"12":1,"13":1,"14":1,"15":1,"16":1,"17":1,"18":1,"19":1,"20":1,"21":1,"22":1,"23":1,"24":1,"25":1,"26":1,"27":1,"28":1,"29":1,"30":1,"31":1,"32":1,"33":1,"34":1,"35":1,"36":1,"37":1,"38":1,"39":1,"40":1,"41":1,"42":1,"43":1},"branchMap":{},"b":{},"fnMap":{},"f":{}}
,"C:\\Users\\Jack\\Downloads\\inf352-propelize-groupe-2-main - Copie\\routes\\auth.routes.js": {"path":"C:\\Users\\Jack\\Downloads\\inf352-propelize-groupe-2-main - Copie\\routes\\auth.routes.js","all":false,"statementMap":{"0":{"start":{"line":1,"column":0},"end":{"line":1,"column":23}},"1":{"start":{"line":2,"column":0},"end":{"line":2,"column":33}},"2":{"start":{"line":3,"column":0},"end":{"line":3,"column":8}},"7":{"start":{"line":8,"column":0},"end":{"line":8,"column":43}},"8":{"start":{"line":9,"column":0},"end":{"line":9,"column":0}},"9":{"start":{"line":10,"column":0},"end":{"line":10,"column":24}},"10":{"start":{"line":11,"column":0},"end":{"line":11,"column":0}},"11":{"start":{"line":12,"column":0},"end":{"line":12,"column":35}},"12":{"start":{"line":13,"column":0},"end":{"line":13,"column":29}},"13":{"start":{"line":14,"column":0},"end":{"line":14,"column":38}},"14":{"start":{"line":15,"column":0},"end":{"line":15,"column":31}},"15":{"start":{"line":16,"column":0},"end":{"line":16,"column":0}},"16":{"start":{"line":17,"column":0},"end":{"line":17,"column":22}}},"s":{"0":1,"1":1,"2":1,"7":1,"8":1,"9":1,"10":1,"11":1,"12":1,"13":1,"14":1,"15":1,"16":1},"branchMap":{},"b":{},"fnMap":{},"f":{}}
,"C:\\Users\\Jack\\Downloads\\inf352-propelize-groupe-2-main - Copie\\routes\\user.routes.js": {"path":"C:\\Users\\Jack\\Downloads\\inf352-propelize-groupe-2-main - Copie\\routes\\user.routes.js","all":false,"statementMap":{"0":{"start":{"line":1,"column":0},"end":{"line":1,"column":24}},"1":{"start":{"line":2,"column":0},"end":{"line":2,"column":33}},"2":{"start":{"line":3,"column":0},"end":{"line":3,"column":75}},"3":{"start":{"line":4,"column":0},"end":{"line":4,"column":8}},"10":{"start":{"line":11,"column":0},"end":{"line":11,"column":43}},"11":{"start":{"line":12,"column":0},"end":{"line":12,"column":0}},"12":{"start":{"line":13,"column":0},"end":{"line":13,"column":24}},"13":{"start":{"line":14,"column":0},"end":{"line":14,"column":0}},"14":{"start":{"line":15,"column":0},"end":{"line":15,"column":21}},"15":{"start":{"line":16,"column":0},"end":{"line":16,"column":25}},"16":{"start":{"line":17,"column":0},"end":{"line":17,"column":0}},"17":{"start":{"line":18,"column":0},"end":{"line":18,"column":47}},"18":{"start":{"line":19,"column":0},"end":{"line":19,"column":78}},"19":{"start":{"line":20,"column":0},"end":{"line":20,"column":51}},"20":{"start":{"line":21,"column":0},"end":{"line":21,"column":48}},"21":{"start":{"line":22,"column":0},"end":{"line":22,"column":28}},"22":{"start":{"line":23,"column":0},"end":{"line":23,"column":31}},"23":{"start":{"line":24,"column":0},"end":{"line":24,"column":56}},"24":{"start":{"line":25,"column":0},"end":{"line":25,"column":0}},"25":{"start":{"line":26,"column":0},"end":{"line":26,"column":22}}},"s":{"0":1,"1":1,"2":1,"3":1,"10":1,"11":1,"12":1,"13":1,"14":1,"15":1,"16":1,"17":1,"18":1,"19":1,"20":1,"21":1,"22":1,"23":1,"24":1,"25":1},"branchMap":{},"b":{},"fnMap":{},"f":{}}
,"C:\\Users\\Jack\\Downloads\\inf352-propelize-groupe-2-main - Copie\\routes\\vehicle.routes.js": {"path":"C:\\Users\\Jack\\Downloads\\inf352-propelize-groupe-2-main - Copie\\routes\\vehicle.routes.js","all":false,"statementMap":{"0":{"start":{"line":1,"column":0},"end":{"line":1,"column":26}},"1":{"start":{"line":2,"column":0},"end":{"line":2,"column":33}},"2":{"start":{"line":3,"column":0},"end":{"line":3,"column":8}},"10":{"start":{"line":11,"column":0},"end":{"line":11,"column":46}},"11":{"start":{"line":12,"column":0},"end":{"line":12,"column":0}},"12":{"start":{"line":13,"column":0},"end":{"line":13,"column":24}},"13":{"start":{"line":14,"column":0},"end":{"line":14,"column":0}},"14":{"start":{"line":15,"column":0},"end":{"line":15,"column":32}},"15":{"start":{"line":16,"column":0},"end":{"line":16,"column":32}},"16":{"start":{"line":17,"column":0},"end":{"line":17,"column":35}},"17":{"start":{"line":18,"column":0},"end":{"line":18,"column":34}},"18":{"start":{"line":19,"column":0},"end":{"line":19,"column":37}},"19":{"start":{"line":20,"column":0},"end":{"line":20,"column":64}},"20":{"start":{"line":21,"column":0},"end":{"line":21,"column":46}},"21":{"start":{"line":22,"column":0},"end":{"line":22,"column":0}},"22":{"start":{"line":23,"column":0},"end":{"line":23,"column":22}}},"s":{"0":1,"1":1,"2":1,"10":1,"11":1,"12":1,"13":1,"14":1,"15":1,"16":1,"17":1,"18":1,"19":1,"20":1,"21":1,"22":1},"branchMap":{},"b":{},"fnMap":{},"f":{}}
,"C:\\Users\\Jack\\Downloads\\inf352-propelize-groupe-2-main - Copie\\tests\\helpers\\testUtils.js": {"path":"C:\\Users\\Jack\\Downloads\\inf352-propelize-groupe-2-main - Copie\\tests\\helpers\\testUtils.js","all":true,"statementMap":{"0":{"start":{"line":1,"column":0},"end":{"line":1,"column":31}},"1":{"start":{"line":2,"column":0},"end":{"line":2,"column":28}},"2":{"start":{"line":3,"column":0},"end":{"line":3,"column":46}},"3":{"start":{"line":4,"column":0},"end":{"line":4,"column":52}},"4":{"start":{"line":5,"column":0},"end":{"line":5,"column":80}},"5":{"start":{"line":6,"column":0},"end":{"line":6,"column":0}},"6":{"start":{"line":7,"column":0},"end":{"line":7,"column":41}},"7":{"start":{"line":8,"column":0},"end":{"line":8,"column":26}},"8":{"start":{"line":9,"column":0},"end":{"line":9,"column":10}},"9":{"start":{"line":10,"column":0},"end":{"line":10,"column":22}},"10":{"start":{"line":11,"column":0},"end":{"line":11,"column":25}},"11":{"start":{"line":12,"column":0},"end":{"line":12,"column":17}},"12":{"start":{"line":13,"column":0},"end":{"line":13,"column":4}},"13":{"start":{"line":14,"column":0},"end":{"line":14,"column":9}},"14":{"start":{"line":15,"column":0},"end":{"line":15,"column":21}},"15":{"start":{"line":16,"column":0},"end":{"line":16,"column":24}},"16":{"start":{"line":17,"column":0},"end":{"line":17,"column":16}},"17":{"start":{"line":18,"column":0},"end":{"line":18,"column":3}},"18":{"start":{"line":19,"column":0},"end":{"line":19,"column":2}},"19":{"start":{"line":20,"column":0},"end":{"line":20,"column":0}},"20":{"start":{"line":21,"column":0},"end":{"line":21,"column":38}},"21":{"start":{"line":22,"column":0},"end":{"line":22,"column":44}},"22":{"start":{"line":23,"column":0},"end":{"line":23,"column":18}},"23":{"start":{"line":24,"column":0},"end":{"line":24,"column":54}},"24":{"start":{"line":25,"column":0},"end":{"line":25,"column":36}},"25":{"start":{"line":26,"column":0},"end":{"line":26,"column":23}},"26":{"start":{"line":27,"column":0},"end":{"line":27,"column":4}},"27":{"start":{"line":28,"column":0},"end":{"line":28,"column":2}},"28":{"start":{"line":29,"column":0},"end":{"line":29,"column":0}},"29":{"start":{"line":30,"column":0},"end":{"line":30,"column":41}},"30":{"start":{"line":31,"column":0},"end":{"line":31,"column":44}},"31":{"start":{"line":32,"column":0},"end":{"line":32,"column":21}},"32":{"start":{"line":33,"column":0},"end":{"line":33,"column":7}},"33":{"start":{"line":34,"column":0},"end":{"line":34,"column":62}},"34":{"start":{"line":35,"column":0},"end":{"line":35,"column":70}},"35":{"start":{"line":36,"column":0},"end":{"line":36,"column":6}},"36":{"start":{"line":37,"column":0},"end":{"line":37,"column":71}},"37":{"start":{"line":38,"column":0},"end":{"line":38,"column":55}},"38":{"start":{"line":39,"column":0},"end":{"line":39,"column":39}},"39":{"start":{"line":40,"column":0},"end":{"line":40,"column":19}},"40":{"start":{"line":41,"column":0},"end":{"line":41,"column":30}},"41":{"start":{"line":42,"column":0},"end":{"line":42,"column":35}},"42":{"start":{"line":43,"column":0},"end":{"line":43,"column":29}},"43":{"start":{"line":44,"column":0},"end":{"line":44,"column":9}},"44":{"start":{"line":45,"column":0},"end":{"line":45,"column":9}},"45":{"start":{"line":46,"column":0},"end":{"line":46,"column":6}},"46":{"start":{"line":47,"column":0},"end":{"line":47,"column":24}},"47":{"start":{"line":48,"column":0},"end":{"line":48,"column":5}},"48":{"start":{"line":49,"column":0},"end":{"line":49,"column":7}},"49":{"start":{"line":50,"column":0},"end":{"line":50,"column":17}},"50":{"start":{"line":51,"column":0},"end":{"line":51,"column":4}},"51":{"start":{"line":52,"column":0},"end":{"line":52,"column":0}},"52":{"start":{"line":53,"column":0},"end":{"line":53,"column":30}},"53":{"start":{"line":54,"column":0},"end":{"line":54,"column":56}},"54":{"start":{"line":55,"column":0},"end":{"line":55,"column":24}},"55":{"start":{"line":56,"column":0},"end":{"line":56,"column":7}},"56":{"start":{"line":57,"column":0},"end":{"line":57,"column":37}},"57":{"start":{"line":58,"column":0},"end":{"line":58,"column":70}},"58":{"start":{"line":59,"column":0},"end":{"line":59,"column":35}},"59":{"start":{"line":60,"column":0},"end":{"line":60,"column":43}},"60":{"start":{"line":61,"column":0},"end":{"line":61,"column":6}},"61":{"start":{"line":62,"column":0},"end":{"line":62,"column":61}},"62":{"start":{"line":63,"column":0},"end":{"line":63,"column":66}},"63":{"start":{"line":64,"column":0},"end":{"line":64,"column":19}},"64":{"start":{"line":65,"column":0},"end":{"line":65,"column":35}},"65":{"start":{"line":66,"column":0},"end":{"line":66,"column":33}},"66":{"start":{"line":67,"column":0},"end":{"line":67,"column":57}},"67":{"start":{"line":68,"column":0},"end":{"line":68,"column":27}},"68":{"start":{"line":69,"column":0},"end":{"line":69,"column":40}},"69":{"start":{"line":70,"column":0},"end":{"line":70,"column":9}},"70":{"start":{"line":71,"column":0},"end":{"line":71,"column":9}},"71":{"start":{"line":72,"column":0},"end":{"line":72,"column":6}},"72":{"start":{"line":73,"column":0},"end":{"line":73,"column":29}},"73":{"start":{"line":74,"column":0},"end":{"line":74,"column":5}},"74":{"start":{"line":75,"column":0},"end":{"line":75,"column":7}},"75":{"start":{"line":76,"column":0},"end":{"line":76,"column":20}},"76":{"start":{"line":77,"column":0},"end":{"line":77,"column":4}},"77":{"start":{"line":78,"column":0},"end":{"line":78,"column":2}},"78":{"start":{"line":79,"column":0},"end":{"line":79,"column":36}},"79":{"start":{"line":80,"column":0},"end":{"line":80,"column":46}},"80":{"start":{"line":81,"column":0},"end":{"line":81,"column":20}},"81":{"start":{"line":82,"column":0},"end":{"line":82,"column":22}},"82":{"start":{"line":83,"column":0},"end":{"line":83,"column":2}},"83":{"start":{"line":84,"column":0},"end":{"line":84,"column":0}},"84":{"start":{"line":85,"column":0},"end":{"line":85,"column":28}},"85":{"start":{"line":86,"column":0},"end":{"line":86,"column":49}},"86":{"start":{"line":87,"column":0},"end":{"line":87,"column":22}},"87":{"start":{"line":88,"column":0},"end":{"line":88,"column":18}},"88":{"start":{"line":89,"column":0},"end":{"line":89,"column":2}},"89":{"start":{"line":90,"column":0},"end":{"line":90,"column":0}},"90":{"start":{"line":91,"column":0},"end":{"line":91,"column":44}},"91":{"start":{"line":92,"column":0},"end":{"line":92,"column":41}},"92":{"start":{"line":93,"column":0},"end":{"line":93,"column":40}},"93":{"start":{"line":94,"column":0},"end":{"line":94,"column":10}},"94":{"start":{"line":95,"column":0},"end":{"line":95,"column":39}},"95":{"start":{"line":96,"column":0},"end":{"line":96,"column":38}},"96":{"start":{"line":97,"column":0},"end":{"line":97,"column":4}},"97":{"start":{"line":98,"column":0},"end":{"line":98,"column":2}},"98":{"start":{"line":99,"column":0},"end":{"line":99,"column":0}},"99":{"start":{"line":100,"column":0},"end":{"line":100,"column":48}},"100":{"start":{"line":101,"column":0},"end":{"line":101,"column":46}},"101":{"start":{"line":102,"column":0},"end":{"line":102,"column":28}},"102":{"start":{"line":103,"column":0},"end":{"line":103,"column":40}},"103":{"start":{"line":104,"column":0},"end":{"line":104,"column":46}},"104":{"start":{"line":105,"column":0},"end":{"line":105,"column":2}},"105":{"start":{"line":106,"column":0},"end":{"line":106,"column":10}},"106":{"start":{"line":107,"column":0},"end":{"line":107,"column":10}},"107":{"start":{"line":108,"column":0},"end":{"line":108,"column":13}},"108":{"start":{"line":109,"column":0},"end":{"line":109,"column":13}},"109":{"start":{"line":110,"column":0},"end":{"line":110,"column":44}},"110":{"start":{"line":111,"column":0},"end":{"line":111,"column":41}},"111":{"start":{"line":112,"column":0},"end":{"line":112,"column":5}},"112":{"start":{"line":113,"column":0},"end":{"line":113,"column":4}},"113":{"start":{"line":114,"column":0},"end":{"line":114,"column":2}}},"s":{"0":0,"1":0,"2":0,"3":0,"4":0,"5":0,"6":0,"7":0,"8":0,"9":0,"10":0,"11":0,"12":0,"13":0,"14":0,"15":0,"16":0,"17":0,"18":0,"19":0,"20":0,"21":0,"22":0,"23":0,"24":0,"25":0,"26":0,"27":0,"28":0,"29":0,"30":0,"31":0,"32":0,"33":0,"34":0,"35":0,"36":0,"37":0,"38":0,"39":0,"40":0,"41":0,"42":0,"43":0,"44":0,"45":0,"46":0,"47":0,"48":0,"49":0,"50":0,"51":0,"52":0,"53":0,"54":0,"55":0,"56":0,"57":0,"58":0,"59":0,"60":0,"61":0,"62":0,"63":0,"64":0,"65":0,"66":0,"67":0,"68":0,"69":0,"70":0,"71":0,"72":0,"73":0,"74":0,"75":0,"76":0,"77":0,"78":0,"79":0,"80":0,"81":0,"82":0,"83":0,"84":0,"85":0,"86":0,"87":0,"88":0,"89":0,"90":0,"91":0,"92":0,"93":0,"94":0,"95":0,"96":0,"97":0,"98":0,"99":0,"100":0,"101":0,"102":0,"103":0,"104":0,"105":0,"106":0,"107":0,"108":0,"109":0,"110":0,"111":0,"112":0,"113":0},"branchMap":{"0":{"type":"branch","line":1,"loc":{"start":{"line":1,"column":0},"end":{"line":114,"column":2}},"locations":[{"start":{"line":1,"column":0},"end":{"line":114,"column":2}}]}},"b":{"0":[0]},"fnMap":{"0":{"name":"(empty-report)","decl":{"start":{"line":1,"column":0},"end":{"line":114,"column":2}},"loc":{"start":{"line":1,"column":0},"end":{"line":114,"column":2}},"line":1}},"f":{"0":0}}
,"C:\\Users\\Jack\\Downloads\\inf352-propelize-groupe-2-main - Copie\\tests\\unit\\vehicles\\testConfig\\vehicleTestParameters.js": {"path":"C:\\Users\\Jack\\Downloads\\inf352-propelize-groupe-2-main - Copie\\tests\\unit\\vehicles\\testConfig\\vehicleTestParameters.js","all":false,"statementMap":{"0":{"start":{"line":1,"column":0},"end":{"line":1,"column":3}},"1":{"start":{"line":2,"column":0},"end":{"line":2,"column":57}},"2":{"start":{"line":3,"column":0},"end":{"line":3,"column":1}},"3":{"start":{"line":4,"column":0},"end":{"line":4,"column":2}},"4":{"start":{"line":5,"column":0},"end":{"line":5,"column":34}},"5":{"start":{"line":6,"column":0},"end":{"line":6,"column":34}},"6":{"start":{"line":7,"column":0},"end":{"line":7,"column":32}},"7":{"start":{"line":8,"column":0},"end":{"line":8,"column":52}},"8":{"start":{"line":9,"column":0},"end":{"line":9,"column":29}},"9":{"start":{"line":10,"column":0},"end":{"line":10,"column":40}},"10":{"start":{"line":11,"column":0},"end":{"line":11,"column":2}},"12":{"start":{"line":13,"column":0},"end":{"line":13,"column":69}},"14":{"start":{"line":15,"column":0},"end":{"line":15,"column":30}},"15":{"start":{"line":16,"column":0},"end":{"line":16,"column":35}},"16":{"start":{"line":17,"column":0},"end":{"line":17,"column":20}},"17":{"start":{"line":18,"column":0},"end":{"line":18,"column":2}}},"s":{"0":1,"1":1,"2":1,"3":1,"4":1,"5":1,"6":1,"7":1,"8":1,"9":1,"10":1,"12":1,"14":1,"15":1,"16":1,"17":1},"branchMap":{},"b":{},"fnMap":{},"f":{}}
}
